[2025-01-31 03:22:22.629] [        142ms] [/home/fuyu/.nixos2] git rev-parse --show-toplevel • FAILED

Error: Command failed: /run/current-system/sw/bin/git -c core.quotepath=false -c color.ui=false rev-parse --show-toplevel
fatal: not a git repository (or any of the parent directories): .git


[2025-01-31 03:22:23.205] [        190ms] [/home/fuyu/.nixos2/.vscode/todo] git rev-parse --show-toplevel • FAILED

Error: Command failed: /run/current-system/sw/bin/git -c core.quotepath=false -c color.ui=false rev-parse --show-toplevel
fatal: not a git repository (or any of the parent directories): .git


[2025-01-31 03:22:23.205] [          1ms] [/home/fuyu/.nixos2/.vscode/todo] git rev-parse --show-toplevel (waiting) • FAILED

Error: Command failed: /run/current-system/sw/bin/git -c core.quotepath=false -c color.ui=false rev-parse --show-toplevel
fatal: not a git repository (or any of the parent directories): .git


[2025-01-31 03:22:23.205] [        194ms] [/home/fuyu/.nixos2/hosts/common] git rev-parse --show-toplevel • FAILED

Error: Command failed: /run/current-system/sw/bin/git -c core.quotepath=false -c color.ui=false rev-parse --show-toplevel
fatal: not a git repository (or any of the parent directories): .git


[2025-01-31 03:22:55.353] [          5ms] [/home/fuyu/.nixos2/hosts/common/users] git rev-parse --show-toplevel • FAILED

Error: Command failed: /run/current-system/sw/bin/git -c core.quotepath=false -c color.ui=false rev-parse --show-toplevel
fatal: not a git repository (or any of the parent directories): .git


[2025-01-31 03:23:00.233] [          7ms] [/home/fuyu/.nixos2/hosts/common/users] git rev-parse --show-toplevel • FAILED

Error: Command failed: /run/current-system/sw/bin/git -c core.quotepath=false -c color.ui=false rev-parse --show-toplevel
fatal: not a git repository (or any of the parent directories): .git


[2025-01-31 03:23:21.185] [          8ms] [/home/fuyu/.nixos2/home/features/desktop/hyprland] git rev-parse --show-toplevel • FAILED

Error: Command failed: /run/current-system/sw/bin/git -c core.quotepath=false -c color.ui=false rev-parse --show-toplevel
fatal: not a git repository (or any of the parent directories): .git


[2025-01-31 03:26:14.908] [         23ms] [/home/fuyu/.nixos2/home/fuyu] git rev-parse --show-toplevel • FAILED

Error: Command failed: /run/current-system/sw/bin/git -c core.quotepath=false -c color.ui=false rev-parse --show-toplevel
fatal: not a git repository (or any of the parent directories): .git


[2025-01-31 03:26:23.936] [          6ms] [/home/fuyu/.nixos2/home/fuyu] git rev-parse --show-toplevel • FAILED

Error: Command failed: /run/current-system/sw/bin/git -c core.quotepath=false -c color.ui=false rev-parse --show-toplevel
fatal: not a git repository (or any of the parent directories): .git


