2025-01-31 04:22:21.823 [info] [main] Log level: Info
2025-01-31 04:22:21.823 [info] [main] Validating found git in: "git"
2025-01-31 04:22:21.823 [info] [main] Using git "2.47.1" from "git"
2025-01-31 04:22:21.823 [info] [Model][doInitialScan] Initial repository scan started
2025-01-31 04:22:21.823 [info] > git rev-parse --show-toplevel [3ms]
2025-01-31 04:22:21.823 [info] fatal: not a git repository (or any of the parent directories): .git
2025-01-31 04:22:21.823 [info] > git rev-parse --show-toplevel [5ms]
2025-01-31 04:22:21.823 [info] fatal: not a git repository (or any of the parent directories): .git
2025-01-31 04:22:21.830 [info] > git rev-parse --show-toplevel [2ms]
2025-01-31 04:22:21.830 [info] fatal: not a git repository (or any of the parent directories): .git
2025-01-31 04:22:22.224 [info] > git rev-parse --show-toplevel [388ms]
2025-01-31 04:22:22.224 [info] fatal: not a git repository (or any of the parent directories): .git
2025-01-31 04:22:22.631 [info] > git rev-parse --show-toplevel [157ms]
2025-01-31 04:22:22.631 [info] fatal: not a git repository (or any of the parent directories): .git
2025-01-31 04:22:22.652 [info] > git rev-parse --show-toplevel [7ms]
2025-01-31 04:22:22.652 [info] fatal: not a git repository (or any of the parent directories): .git
2025-01-31 04:22:22.661 [info] > git rev-parse --show-toplevel [3ms]
2025-01-31 04:22:22.661 [info] fatal: not a git repository (or any of the parent directories): .git
2025-01-31 04:22:22.668 [info] > git rev-parse --show-toplevel [1ms]
2025-01-31 04:22:22.668 [info] fatal: not a git repository (or any of the parent directories): .git
2025-01-31 04:22:22.672 [info] [Model][doInitialScan] Initial repository scan completed - repositories (0), closed repositories (0), parent repositories (0), unsafe repositories (0)
2025-01-31 04:22:22.680 [info] > git rev-parse --show-toplevel [2ms]
2025-01-31 04:22:22.680 [info] fatal: not a git repository (or any of the parent directories): .git
2025-01-31 04:22:22.689 [info] > git rev-parse --show-toplevel [4ms]
2025-01-31 04:22:22.689 [info] fatal: not a git repository (or any of the parent directories): .git
2025-01-31 04:22:23.205 [info] > git rev-parse --show-toplevel [174ms]
2025-01-31 04:22:23.205 [info] fatal: not a git repository (or any of the parent directories): .git
2025-01-31 04:22:55.254 [info] > git rev-parse --show-toplevel [3ms]
2025-01-31 04:22:55.255 [info] fatal: not a git repository (or any of the parent directories): .git
2025-01-31 04:22:56.831 [info] > git rev-parse --show-toplevel [3ms]
2025-01-31 04:22:56.831 [info] fatal: not a git repository (or any of the parent directories): .git
2025-01-31 04:23:00.208 [info] > git rev-parse --show-toplevel [2ms]
2025-01-31 04:23:00.208 [info] fatal: not a git repository (or any of the parent directories): .git
2025-01-31 04:23:03.480 [info] > git rev-parse --show-toplevel [2ms]
2025-01-31 04:23:03.480 [info] fatal: not a git repository (or any of the parent directories): .git
2025-01-31 04:23:21.150 [info] > git rev-parse --show-toplevel [2ms]
2025-01-31 04:23:21.150 [info] fatal: not a git repository (or any of the parent directories): .git
2025-01-31 04:23:27.329 [info] > git rev-parse --show-toplevel [3ms]
2025-01-31 04:23:27.329 [info] fatal: not a git repository (or any of the parent directories): .git
2025-01-31 04:23:39.821 [info] > git rev-parse --show-toplevel [4ms]
2025-01-31 04:23:39.821 [info] fatal: not a git repository (or any of the parent directories): .git
2025-01-31 04:23:40.774 [info] > git rev-parse --show-toplevel [3ms]
2025-01-31 04:23:40.774 [info] fatal: not a git repository (or any of the parent directories): .git
2025-01-31 04:26:08.581 [info] > git rev-parse --show-toplevel [3ms]
2025-01-31 04:26:08.581 [info] fatal: not a git repository (or any of the parent directories): .git
2025-01-31 04:26:14.840 [info] > git rev-parse --show-toplevel [3ms]
2025-01-31 04:26:14.840 [info] fatal: not a git repository (or any of the parent directories): .git
2025-01-31 04:26:23.920 [info] > git rev-parse --show-toplevel [1ms]
2025-01-31 04:26:23.920 [info] fatal: not a git repository (or any of the parent directories): .git
2025-01-31 04:26:32.864 [info] > git rev-parse --show-toplevel [2ms]
2025-01-31 04:26:32.864 [info] fatal: not a git repository (or any of the parent directories): .git
