2025-01-31 03:59:22.386 [warning] Via 'product.json#extensionEnabledApiProposals' extension 'ms-vscode.vscode-selfhost-test-provider' wants API proposal 'attributableCoverage' but that proposal DOES NOT EXIST. Likely, the proposal has been finalized (check 'vscode.d.ts') or was abandoned.
2025-01-31 03:59:22.386 [warning] Via 'product.json#extensionEnabledApiProposals' extension 'ms-python.python' wants API proposal 'contribIssueReporter' but that proposal DOES NOT EXIST. Likely, the proposal has been finalized (check 'vscode.d.ts') or was abandoned.
2025-01-31 03:59:22.386 [warning] Via 'product.json#extensionEnabledApiProposals' extension 'ms-python.debugpy' wants API proposal 'contribIssueReporter' but that proposal DOES NOT EXIST. Likely, the proposal has been finalized (check 'vscode.d.ts') or was abandoned.
2025-01-31 03:59:23.080 [info] Started local extension host with pid 8909.
2025-01-31 03:59:25.460 [info] Settings Sync: Account status changed from uninitialized to unavailable
2025-01-31 03:59:26.828 [info] [perf] Render performance baseline is 58ms
2025-01-31 03:59:29.814 [error] Timed out waiting for authentication provider to register
2025-01-31 04:12:09.708 [error] Error: Command failed: alejandra
Formatting stdin.
Use --help to see all command line options.
use --quiet to suppress this and other messages.

Failed! 1 error found at:
- <anonymous file on stdin>: unexpected TOKEN_THEN at 216..291, wanted any of [TOKEN_SEMICOLON]

	at genericNodeError (node:internal/errors:984:15)
	at wrappedFn (node:internal/errors:538:14)
	at ChildProcess.exithandler (node:child_process:423:12)
	at ChildProcess.emit (node:events:518:28)
	at maybeClose (node:internal/child_process:1104:16)
	at Socket.<anonymous> (node:internal/child_process:456:11)
	at Socket.emit (node:events:518:28)
	at Pipe.<anonymous> (node:net:343:12)
2025-01-31 04:19:13.590 [error] Error: Command failed: alejandra
Formatting stdin.
Use --help to see all command line options.
use --quiet to suppress this and other messages.

Failed! 1 error found at:
- <anonymous file on stdin>: unexpected TOKEN_SEMICOLON at 1971..4403, wanted any of [TOKEN_THEN]

	at genericNodeError (node:internal/errors:984:15)
	at wrappedFn (node:internal/errors:538:14)
	at ChildProcess.exithandler (node:child_process:423:12)
	at ChildProcess.emit (node:events:518:28)
	at maybeClose (node:internal/child_process:1104:16)
	at ChildProcess._handle.onexit (node:internal/child_process:304:5)
