2025-01-31 04:41:27.475 [info] [main] Log level: Info
2025-01-31 04:41:27.475 [info] [main] Validating found git in: "git"
2025-01-31 04:41:27.475 [info] [main] Using git "2.47.1" from "git"
2025-01-31 04:41:27.475 [info] [Model][doInitialScan] Initial repository scan started
2025-01-31 04:41:27.475 [info] > git rev-parse --show-toplevel [6ms]
2025-01-31 04:41:27.475 [info] fatal: not a git repository (or any of the parent directories): .git
2025-01-31 04:41:27.490 [info] > git rev-parse --show-toplevel [3ms]
2025-01-31 04:41:27.490 [info] fatal: not a git repository (or any of the parent directories): .git
2025-01-31 04:41:27.502 [info] > git rev-parse --show-toplevel [3ms]
2025-01-31 04:41:27.502 [info] fatal: not a git repository (or any of the parent directories): .git
2025-01-31 04:41:27.511 [info] > git rev-parse --show-toplevel [2ms]
2025-01-31 04:41:27.511 [info] fatal: not a git repository (or any of the parent directories): .git
2025-01-31 04:41:27.521 [info] > git rev-parse --show-toplevel [2ms]
2025-01-31 04:41:27.521 [info] fatal: not a git repository (or any of the parent directories): .git
2025-01-31 04:41:27.529 [info] > git rev-parse --show-toplevel [2ms]
2025-01-31 04:41:27.529 [info] fatal: not a git repository (or any of the parent directories): .git
2025-01-31 04:41:27.537 [info] > git rev-parse --show-toplevel [2ms]
2025-01-31 04:41:27.537 [info] fatal: not a git repository (or any of the parent directories): .git
2025-01-31 04:41:27.541 [info] [Model][doInitialScan] Initial repository scan completed - repositories (0), closed repositories (0), parent repositories (0), unsafe repositories (0)
2025-01-31 04:41:28.238 [info] > git rev-parse --show-toplevel [23ms]
2025-01-31 04:41:28.238 [info] fatal: not a git repository (or any of the parent directories): .git
2025-01-31 04:41:28.306 [info] > git rev-parse --show-toplevel [60ms]
2025-01-31 04:41:28.306 [info] fatal: not a git repository (or any of the parent directories): .git
2025-01-31 04:41:28.776 [info] > git rev-parse --show-toplevel [5ms]
2025-01-31 04:41:28.776 [info] fatal: not a git repository (or any of the parent directories): .git
2025-01-31 04:41:30.202 [info] > git rev-parse --show-toplevel [2ms]
2025-01-31 04:41:30.202 [info] fatal: not a git repository (or any of the parent directories): .git
2025-01-31 04:41:31.862 [info] > git rev-parse --show-toplevel [7ms]
2025-01-31 04:41:31.862 [info] fatal: not a git repository (or any of the parent directories): .git
2025-01-31 04:41:32.177 [info] > git rev-parse --show-toplevel [3ms]
2025-01-31 04:41:32.177 [info] fatal: not a git repository (or any of the parent directories): .git
