2025-01-31 18:38:00.591 [info] [main] Log level: Info
2025-01-31 18:38:00.591 [info] [main] Validating found git in: "git"
2025-01-31 18:38:00.591 [info] [main] Using git "2.47.1" from "git"
2025-01-31 18:38:00.591 [info] [Model][doInitialScan] Initial repository scan started
2025-01-31 18:38:00.591 [info] > git rev-parse --show-toplevel [8ms]
2025-01-31 18:38:00.591 [info] fatal: not a git repository (or any of the parent directories): .git
2025-01-31 18:38:00.591 [info] > git rev-parse --show-toplevel [508ms]
2025-01-31 18:38:00.591 [info] fatal: not a git repository (or any of the parent directories): .git
2025-01-31 18:38:00.598 [info] > git rev-parse --show-toplevel [86ms]
2025-01-31 18:38:00.598 [info] fatal: not a git repository (or any of the parent directories): .git
2025-01-31 18:38:00.631 [info] > git rev-parse --show-toplevel [3ms]
2025-01-31 18:38:00.631 [info] fatal: not a git repository (or any of the parent directories): .git
2025-01-31 18:38:00.638 [info] > git rev-parse --show-toplevel [2ms]
2025-01-31 18:38:00.639 [info] fatal: not a git repository (or any of the parent directories): .git
2025-01-31 18:38:00.645 [info] > git rev-parse --show-toplevel [1ms]
2025-01-31 18:38:00.645 [info] fatal: not a git repository (or any of the parent directories): .git
2025-01-31 18:38:00.654 [info] > git rev-parse --show-toplevel [3ms]
2025-01-31 18:38:00.654 [info] fatal: not a git repository (or any of the parent directories): .git
2025-01-31 18:38:00.662 [info] > git rev-parse --show-toplevel [1ms]
2025-01-31 18:38:00.662 [info] fatal: not a git repository (or any of the parent directories): .git
2025-01-31 18:38:00.668 [info] > git rev-parse --show-toplevel [2ms]
2025-01-31 18:38:00.668 [info] fatal: not a git repository (or any of the parent directories): .git
2025-01-31 18:38:00.675 [info] > git rev-parse --show-toplevel [1ms]
2025-01-31 18:38:00.675 [info] fatal: not a git repository (or any of the parent directories): .git
2025-01-31 18:38:00.678 [info] [Model][doInitialScan] Initial repository scan completed - repositories (0), closed repositories (0), parent repositories (0), unsafe repositories (0)
2025-01-31 18:38:00.686 [info] > git rev-parse --show-toplevel [1ms]
2025-01-31 18:38:00.686 [info] fatal: not a git repository (or any of the parent directories): .git
2025-01-31 18:38:03.154 [info] > git rev-parse --show-toplevel [3ms]
2025-01-31 18:38:03.154 [info] fatal: not a git repository (or any of the parent directories): .git
2025-01-31 18:40:51.466 [info] > git rev-parse --show-toplevel [3ms]
2025-01-31 18:40:51.466 [info] fatal: not a git repository (or any of the parent directories): .git
2025-01-31 18:41:06.101 [info] > git rev-parse --show-toplevel [2ms]
2025-01-31 18:41:06.101 [info] fatal: not a git repository (or any of the parent directories): .git
2025-01-31 18:41:29.324 [info] > git rev-parse --show-toplevel [2ms]
2025-01-31 18:41:29.324 [info] fatal: not a git repository (or any of the parent directories): .git
2025-01-31 18:47:07.287 [info] > git rev-parse --show-toplevel [1ms]
2025-01-31 18:47:07.287 [info] fatal: not a git repository (or any of the parent directories): .git
2025-01-31 18:47:17.000 [info] > git rev-parse --show-toplevel [2ms]
2025-01-31 18:47:17.000 [info] fatal: not a git repository (or any of the parent directories): .git
2025-01-31 18:47:18.090 [info] > git rev-parse --show-toplevel [1ms]
2025-01-31 18:47:18.091 [info] fatal: not a git repository (or any of the parent directories): .git
2025-01-31 18:47:18.923 [info] > git rev-parse --show-toplevel [2ms]
2025-01-31 18:47:18.923 [info] fatal: not a git repository (or any of the parent directories): .git
2025-01-31 18:47:19.237 [info] > git rev-parse --show-toplevel [2ms]
2025-01-31 18:47:19.237 [info] fatal: not a git repository (or any of the parent directories): .git
2025-01-31 18:47:19.955 [info] > git rev-parse --show-toplevel [2ms]
2025-01-31 18:47:19.955 [info] fatal: not a git repository (or any of the parent directories): .git
2025-01-31 18:47:20.778 [info] > git rev-parse --show-toplevel [1ms]
2025-01-31 18:47:20.778 [info] fatal: not a git repository (or any of the parent directories): .git
2025-01-31 18:47:22.016 [info] > git rev-parse --show-toplevel [3ms]
2025-01-31 18:47:22.016 [info] fatal: not a git repository (or any of the parent directories): .git
2025-01-31 18:47:22.538 [info] > git rev-parse --show-toplevel [39ms]
2025-01-31 18:47:22.538 [info] fatal: not a git repository (or any of the parent directories): .git
2025-01-31 18:47:23.281 [info] > git rev-parse --show-toplevel [2ms]
2025-01-31 18:47:23.281 [info] fatal: not a git repository (or any of the parent directories): .git
2025-01-31 18:47:27.809 [info] > git rev-parse --show-toplevel [2ms]
2025-01-31 18:47:27.809 [info] fatal: not a git repository (or any of the parent directories): .git
2025-01-31 18:47:31.905 [info] > git rev-parse --show-toplevel [2ms]
2025-01-31 18:47:31.905 [info] fatal: not a git repository (or any of the parent directories): .git
2025-01-31 18:53:20.957 [info] > git rev-parse --show-toplevel [2ms]
2025-01-31 18:53:20.957 [info] fatal: not a git repository (or any of the parent directories): .git
2025-01-31 18:53:30.396 [info] > git rev-parse --show-toplevel [2ms]
2025-01-31 18:53:30.396 [info] fatal: not a git repository (or any of the parent directories): .git
2025-01-31 18:53:39.947 [info] > git rev-parse --show-toplevel [3ms]
2025-01-31 18:53:39.947 [info] fatal: not a git repository (or any of the parent directories): .git
2025-01-31 18:56:45.372 [info] > git rev-parse --show-toplevel [2ms]
2025-01-31 18:56:45.372 [info] fatal: not a git repository (or any of the parent directories): .git
2025-01-31 18:56:48.037 [info] > git rev-parse --show-toplevel [3ms]
2025-01-31 18:56:48.037 [info] fatal: not a git repository (or any of the parent directories): .git
2025-01-31 18:56:58.571 [info] > git rev-parse --show-toplevel [2ms]
2025-01-31 18:56:58.571 [info] fatal: not a git repository (or any of the parent directories): .git
2025-01-31 18:57:23.613 [info] > git rev-parse --show-toplevel [2ms]
2025-01-31 18:57:23.613 [info] fatal: not a git repository (or any of the parent directories): .git
2025-01-31 18:57:25.673 [info] > git rev-parse --show-toplevel [2ms]
2025-01-31 18:57:25.673 [info] fatal: not a git repository (or any of the parent directories): .git
2025-01-31 18:57:31.604 [info] > git rev-parse --show-toplevel [2ms]
2025-01-31 18:57:31.604 [info] fatal: not a git repository (or any of the parent directories): .git
2025-01-31 18:57:46.473 [info] > git rev-parse --show-toplevel [2ms]
2025-01-31 18:57:46.473 [info] fatal: not a git repository (or any of the parent directories): .git
2025-01-31 18:57:58.550 [info] > git rev-parse --show-toplevel [1ms]
2025-01-31 18:57:58.550 [info] fatal: not a git repository (or any of the parent directories): .git
2025-01-31 18:58:03.820 [info] > git rev-parse --show-toplevel [2ms]
2025-01-31 18:58:03.820 [info] fatal: not a git repository (or any of the parent directories): .git
2025-01-31 18:58:06.531 [info] > git rev-parse --show-toplevel [2ms]
2025-01-31 18:58:06.531 [info] fatal: not a git repository (or any of the parent directories): .git
2025-01-31 18:58:12.265 [info] > git rev-parse --show-toplevel [2ms]
2025-01-31 18:58:12.265 [info] fatal: not a git repository (or any of the parent directories): .git
2025-01-31 18:58:14.173 [info] > git rev-parse --show-toplevel [3ms]
2025-01-31 18:58:14.173 [info] fatal: not a git repository (or any of the parent directories): .git
2025-01-31 18:58:18.757 [info] > git rev-parse --show-toplevel [1ms]
2025-01-31 18:58:18.757 [info] fatal: not a git repository (or any of the parent directories): .git
2025-01-31 18:58:23.617 [info] > git rev-parse --show-toplevel [2ms]
2025-01-31 18:58:23.617 [info] fatal: not a git repository (or any of the parent directories): .git
2025-01-31 18:58:28.782 [info] > git rev-parse --show-toplevel [2ms]
2025-01-31 18:58:28.782 [info] fatal: not a git repository (or any of the parent directories): .git
2025-01-31 18:58:29.593 [info] > git rev-parse --show-toplevel [2ms]
2025-01-31 18:58:29.593 [info] fatal: not a git repository (or any of the parent directories): .git
2025-01-31 18:58:38.565 [info] > git rev-parse --show-toplevel [2ms]
2025-01-31 18:58:38.565 [info] fatal: not a git repository (or any of the parent directories): .git
2025-01-31 18:58:39.408 [info] > git rev-parse --show-toplevel [1ms]
2025-01-31 18:58:39.408 [info] fatal: not a git repository (or any of the parent directories): .git
2025-01-31 19:00:07.454 [info] > git rev-parse --show-toplevel [2ms]
2025-01-31 19:00:07.454 [info] fatal: not a git repository (or any of the parent directories): .git
2025-01-31 19:00:11.552 [info] > git rev-parse --show-toplevel [3ms]
2025-01-31 19:00:11.552 [info] fatal: not a git repository (or any of the parent directories): .git
2025-01-31 19:00:32.698 [info] > git rev-parse --show-toplevel [3ms]
2025-01-31 19:00:32.698 [info] fatal: not a git repository (or any of the parent directories): .git
2025-01-31 19:00:57.683 [info] > git rev-parse --show-toplevel [1ms]
2025-01-31 19:00:57.684 [info] fatal: not a git repository (or any of the parent directories): .git
2025-01-31 19:00:59.301 [info] > git rev-parse --show-toplevel [2ms]
2025-01-31 19:00:59.301 [info] fatal: not a git repository (or any of the parent directories): .git
2025-01-31 19:01:00.226 [info] > git rev-parse --show-toplevel [1ms]
2025-01-31 19:01:00.226 [info] fatal: not a git repository (or any of the parent directories): .git
2025-01-31 19:01:01.771 [info] > git rev-parse --show-toplevel [2ms]
2025-01-31 19:01:01.771 [info] fatal: not a git repository (or any of the parent directories): .git
2025-01-31 19:01:16.529 [info] > git rev-parse --show-toplevel [2ms]
2025-01-31 19:01:16.529 [info] fatal: not a git repository (or any of the parent directories): .git
2025-01-31 19:01:46.391 [info] > git rev-parse --show-toplevel [1ms]
2025-01-31 19:01:46.391 [info] fatal: not a git repository (or any of the parent directories): .git
2025-01-31 19:01:48.826 [info] > git rev-parse --show-toplevel [2ms]
2025-01-31 19:01:48.826 [info] fatal: not a git repository (or any of the parent directories): .git
2025-01-31 19:01:50.719 [info] > git rev-parse --show-toplevel [2ms]
2025-01-31 19:01:50.719 [info] fatal: not a git repository (or any of the parent directories): .git
