[2025-01-31 02:50:16.810] [         67ms] [/home/fuyu/.nixos2] git rev-parse --show-toplevel • FAILED

Error: Command failed: /run/current-system/sw/bin/git -c core.quotepath=false -c color.ui=false rev-parse --show-toplevel
fatal: not a git repository (or any of the parent directories): .git


[2025-01-31 02:50:17.322] [        188ms] [/home/fuyu/.nixos2/.vscode/todo] git rev-parse --show-toplevel • FAILED

Error: Command failed: /run/current-system/sw/bin/git -c core.quotepath=false -c color.ui=false rev-parse --show-toplevel
fatal: not a git repository (or any of the parent directories): .git


[2025-01-31 02:50:17.322] [          6ms] [/home/fuyu/.nixos2/.vscode/todo] git rev-parse --show-toplevel (waiting) • FAILED

Error: Command failed: /run/current-system/sw/bin/git -c core.quotepath=false -c color.ui=false rev-parse --show-toplevel
fatal: not a git repository (or any of the parent directories): .git


[2025-01-31 02:50:17.323] [        194ms] [/home/fuyu/.nixos2/hosts/common] git rev-parse --show-toplevel • FAILED

Error: Command failed: /run/current-system/sw/bin/git -c core.quotepath=false -c color.ui=false rev-parse --show-toplevel
fatal: not a git repository (or any of the parent directories): .git


[2025-01-31 02:50:56.103] [          8ms] [/home/fuyu/.nixos2/home/fuyu] git rev-parse --show-toplevel • FAILED

Error: Command failed: /run/current-system/sw/bin/git -c core.quotepath=false -c color.ui=false rev-parse --show-toplevel
fatal: not a git repository (or any of the parent directories): .git


[2025-01-31 02:55:49.870] [          6ms] [/home/fuyu/.config/Thunar] git rev-parse --show-toplevel • FAILED

Error: Command failed: /run/current-system/sw/bin/git -c core.quotepath=false -c color.ui=false rev-parse --show-toplevel
fatal: not a git repository (or any of the parent directories): .git


[2025-01-31 02:56:00.209] [          7ms] [/home/fuyu/.config/Thunar] git rev-parse --show-toplevel • FAILED

Error: Command failed: /run/current-system/sw/bin/git -c core.quotepath=false -c color.ui=false rev-parse --show-toplevel
fatal: not a git repository (or any of the parent directories): .git


[2025-01-31 02:58:14.561] [         13ms] [/home/fuyu/.nixos2/home/features/desktop/hyprland] git rev-parse --show-toplevel • FAILED

Error: Command failed: /run/current-system/sw/bin/git -c core.quotepath=false -c color.ui=false rev-parse --show-toplevel
fatal: not a git repository (or any of the parent directories): .git


[2025-01-31 02:58:23.811] [          7ms] [/home/fuyu/.nixos2/home/features/desktop/hyprland] git rev-parse --show-toplevel • FAILED

Error: Command failed: /run/current-system/sw/bin/git -c core.quotepath=false -c color.ui=false rev-parse --show-toplevel
fatal: not a git repository (or any of the parent directories): .git


