2025-01-31 03:13:26.635 [warning] Via 'product.json#extensionEnabledApiProposals' extension 'ms-vscode.vscode-selfhost-test-provider' wants API proposal 'attributableCoverage' but that proposal DOES NOT EXIST. Likely, the proposal has been finalized (check 'vscode.d.ts') or was abandoned.
2025-01-31 03:13:26.636 [warning] Via 'product.json#extensionEnabledApiProposals' extension 'ms-python.python' wants API proposal 'contribIssueReporter' but that proposal DOES NOT EXIST. Likely, the proposal has been finalized (check 'vscode.d.ts') or was abandoned.
2025-01-31 03:13:26.636 [warning] Via 'product.json#extensionEnabledApiProposals' extension 'ms-python.debugpy' wants API proposal 'contribIssueReporter' but that proposal DOES NOT EXIST. Likely, the proposal has been finalized (check 'vscode.d.ts') or was abandoned.
2025-01-31 03:13:27.016 [info] Started local extension host with pid 2576.
2025-01-31 03:13:28.110 [info] Settings Sync: Account status changed from uninitialized to unavailable
2025-01-31 03:13:29.759 [info] [perf] Render performance baseline is 32ms
2025-01-31 03:13:30.844 [warning] Via 'product.json#extensionEnabledApiProposals' extension 'ms-vscode.vscode-selfhost-test-provider' wants API proposal 'attributableCoverage' but that proposal DOES NOT EXIST. Likely, the proposal has been finalized (check 'vscode.d.ts') or was abandoned.
2025-01-31 03:13:30.845 [warning] Via 'product.json#extensionEnabledApiProposals' extension 'ms-python.python' wants API proposal 'contribIssueReporter' but that proposal DOES NOT EXIST. Likely, the proposal has been finalized (check 'vscode.d.ts') or was abandoned.
2025-01-31 03:13:30.845 [warning] Via 'product.json#extensionEnabledApiProposals' extension 'ms-python.debugpy' wants API proposal 'contribIssueReporter' but that proposal DOES NOT EXIST. Likely, the proposal has been finalized (check 'vscode.d.ts') or was abandoned.
2025-01-31 03:13:31.164 [info] Started local extension host with pid 2631.
2025-01-31 03:13:32.655 [info] Settings Sync: Account status changed from uninitialized to unavailable
2025-01-31 03:13:33.876 [info] [perf] Render performance baseline is 65ms
2025-01-31 03:13:37.279 [error] Timed out waiting for authentication provider to register
2025-01-31 03:13:58.827 [error] [Extension Host] Command error ["nixfmt"] Error: spawn nixfmt ENOENT
	at ChildProcess._handle.onexit (node:internal/child_process:285:19)
	at onErrorNT (node:internal/child_process:483:16)
	at process.processTicksAndRejections (node:internal/process/task_queues:82:21)
2025-01-31 03:13:58.829 [error] [Extension Host] Error: Unexpected SIGPIPE
	at process.<anonymous> (file:///nix/store/67ag6r2yl2xqjxn4qan53qvx1sqz8n7j-vscode-1.96.4/lib/vscode/resources/app/out/bootstrap-fork.js:3:11831)
	at process.emit (node:events:518:28)
2025-01-31 03:14:02.324 [error] Unable to resolve nonexistent file 'vscode-userdata:/home/fuyu/.config/Code/User/globalStorage/jnoortheen.nix-ide': Error: Unable to resolve nonexistent file 'vscode-userdata:/home/fuyu/.config/Code/User/globalStorage/jnoortheen.nix-ide'
    at _ot.resolve (vscode-file://vscode-app/nix/store/67ag6r2yl2xqjxn4qan53qvx1sqz8n7j-vscode-1.96.4/lib/vscode/resources/app/out/vs/workbench/workbench.desktop.main.js:3108:60549)
    at async BTt (vscode-file://vscode-app/nix/store/67ag6r2yl2xqjxn4qan53qvx1sqz8n7j-vscode-1.96.4/lib/vscode/resources/app/out/vs/workbench/workbench.desktop.main.js:480:44682)
2025-01-31 03:14:22.956 [error] Error: spawn alejandra ENOENT
	at ChildProcess._handle.onexit (node:internal/child_process:285:19)
	at onErrorNT (node:internal/child_process:483:16)
	at process.processTicksAndRejections (node:internal/process/task_queues:82:21)
2025-01-31 03:14:30.745 [error] Unable to resolve nonexistent file 'vscode-userdata:/home/fuyu/.config/Code/User/globalStorage/kamadorueda.alejandra': Error: Unable to resolve nonexistent file 'vscode-userdata:/home/fuyu/.config/Code/User/globalStorage/kamadorueda.alejandra'
    at _ot.resolve (vscode-file://vscode-app/nix/store/67ag6r2yl2xqjxn4qan53qvx1sqz8n7j-vscode-1.96.4/lib/vscode/resources/app/out/vs/workbench/workbench.desktop.main.js:3108:60549)
    at async BTt (vscode-file://vscode-app/nix/store/67ag6r2yl2xqjxn4qan53qvx1sqz8n7j-vscode-1.96.4/lib/vscode/resources/app/out/vs/workbench/workbench.desktop.main.js:480:44682)
2025-01-31 03:14:46.772 [error] Unable to resolve nonexistent file 'vscode-userdata:/home/fuyu/.config/Code/User/globalStorage/kamadorueda.alejandra': Error: Unable to resolve nonexistent file 'vscode-userdata:/home/fuyu/.config/Code/User/globalStorage/kamadorueda.alejandra'
    at _ot.resolve (vscode-file://vscode-app/nix/store/67ag6r2yl2xqjxn4qan53qvx1sqz8n7j-vscode-1.96.4/lib/vscode/resources/app/out/vs/workbench/workbench.desktop.main.js:3108:60549)
    at async BTt (vscode-file://vscode-app/nix/store/67ag6r2yl2xqjxn4qan53qvx1sqz8n7j-vscode-1.96.4/lib/vscode/resources/app/out/vs/workbench/workbench.desktop.main.js:480:44682)
2025-01-31 03:15:38.131 [error] Error: spawn alejandra ENOENT
	at ChildProcess._handle.onexit (node:internal/child_process:285:19)
	at onErrorNT (node:internal/child_process:483:16)
	at process.processTicksAndRejections (node:internal/process/task_queues:82:21)
2025-01-31 03:15:50.736 [error] Error: spawn alejandra ENOENT
	at ChildProcess._handle.onexit (node:internal/child_process:285:19)
	at onErrorNT (node:internal/child_process:483:16)
	at process.processTicksAndRejections (node:internal/process/task_queues:82:21)
2025-01-31 03:16:26.069 [error] Error: spawn alejandra ENOENT
	at ChildProcess._handle.onexit (node:internal/child_process:285:19)
	at onErrorNT (node:internal/child_process:483:16)
	at process.processTicksAndRejections (node:internal/process/task_queues:82:21)
2025-01-31 03:17:13.035 [error] Error: spawn alejandra ENOENT
	at ChildProcess._handle.onexit (node:internal/child_process:285:19)
	at onErrorNT (node:internal/child_process:483:16)
	at process.processTicksAndRejections (node:internal/process/task_queues:82:21)
2025-01-31 03:19:15.813 [error] Error: spawn alejandra ENOENT
	at ChildProcess._handle.onexit (node:internal/child_process:285:19)
	at onErrorNT (node:internal/child_process:483:16)
	at process.processTicksAndRejections (node:internal/process/task_queues:82:21)
2025-01-31 03:19:49.071 [error] Error: spawn alejandra ENOENT
	at ChildProcess._handle.onexit (node:internal/child_process:285:19)
	at onErrorNT (node:internal/child_process:483:16)
	at process.processTicksAndRejections (node:internal/process/task_queues:82:21)
2025-01-31 03:20:25.432 [error] Error: spawn alejandra ENOENT
	at ChildProcess._handle.onexit (node:internal/child_process:285:19)
	at onErrorNT (node:internal/child_process:483:16)
	at process.processTicksAndRejections (node:internal/process/task_queues:82:21)
2025-01-31 03:21:47.324 [error] Error: spawn alejandra ENOENT
	at ChildProcess._handle.onexit (node:internal/child_process:285:19)
	at onErrorNT (node:internal/child_process:483:16)
	at process.processTicksAndRejections (node:internal/process/task_queues:82:21)
2025-01-31 03:22:29.767 [error] Error: spawn alejandra ENOENT
	at ChildProcess._handle.onexit (node:internal/child_process:285:19)
	at onErrorNT (node:internal/child_process:483:16)
	at process.processTicksAndRejections (node:internal/process/task_queues:82:21)
2025-01-31 03:22:58.752 [error] Error: spawn alejandra ENOENT
	at ChildProcess._handle.onexit (node:internal/child_process:285:19)
	at onErrorNT (node:internal/child_process:483:16)
	at process.processTicksAndRejections (node:internal/process/task_queues:82:21)
2025-01-31 03:23:24.669 [error] Error: spawn alejandra ENOENT
	at ChildProcess._handle.onexit (node:internal/child_process:285:19)
	at onErrorNT (node:internal/child_process:483:16)
	at process.processTicksAndRejections (node:internal/process/task_queues:82:21)
2025-01-31 03:23:40.205 [error] Error: spawn alejandra ENOENT
	at ChildProcess._handle.onexit (node:internal/child_process:285:19)
	at onErrorNT (node:internal/child_process:483:16)
	at process.processTicksAndRejections (node:internal/process/task_queues:82:21)
2025-01-31 03:24:09.083 [error] Error: spawn alejandra ENOENT
	at ChildProcess._handle.onexit (node:internal/child_process:285:19)
	at onErrorNT (node:internal/child_process:483:16)
	at process.processTicksAndRejections (node:internal/process/task_queues:82:21)
2025-01-31 03:25:31.878 [error] Error: spawn alejandra ENOENT
	at ChildProcess._handle.onexit (node:internal/child_process:285:19)
	at onErrorNT (node:internal/child_process:483:16)
	at process.processTicksAndRejections (node:internal/process/task_queues:82:21)
2025-01-31 03:25:41.534 [error] Error: spawn alejandra ENOENT
	at ChildProcess._handle.onexit (node:internal/child_process:285:19)
	at onErrorNT (node:internal/child_process:483:16)
	at process.processTicksAndRejections (node:internal/process/task_queues:82:21)
2025-01-31 03:25:54.747 [error] Error: spawn alejandra ENOENT
	at ChildProcess._handle.onexit (node:internal/child_process:285:19)
	at onErrorNT (node:internal/child_process:483:16)
	at process.processTicksAndRejections (node:internal/process/task_queues:82:21)
2025-01-31 03:26:30.842 [error] Error: spawn alejandra ENOENT
	at ChildProcess._handle.onexit (node:internal/child_process:285:19)
	at onErrorNT (node:internal/child_process:483:16)
	at process.processTicksAndRejections (node:internal/process/task_queues:82:21)
2025-01-31 03:26:50.428 [error] Error: spawn alejandra ENOENT
	at ChildProcess._handle.onexit (node:internal/child_process:285:19)
	at onErrorNT (node:internal/child_process:483:16)
	at process.processTicksAndRejections (node:internal/process/task_queues:82:21)
2025-01-31 03:38:07.170 [error] Error: Command failed: alejandra
Formatting stdin.
Use --help to see all command line options.
use --quiet to suppress this and other messages.

Failed! 1 error found at:
- <anonymous file on stdin>: unexpected TOKEN_ASSIGN at 139..140, wanted any of [TOKEN_PAREN_OPEN, TOKEN_REC, TOKEN_CURLY_B_OPEN, TOKEN_SQUARE_B_OPEN, TOKEN_DYNAMIC_START, TOKEN_STRING_START, TOKEN_IDENT]

	at genericNodeError (node:internal/errors:984:15)
	at wrappedFn (node:internal/errors:538:14)
	at ChildProcess.exithandler (node:child_process:423:12)
	at ChildProcess.emit (node:events:518:28)
	at maybeClose (node:internal/child_process:1104:16)
	at ChildProcess._handle.onexit (node:internal/child_process:304:5)
2025-01-31 03:48:44.915 [warning] [backup tracker] suspended, ignoring unregister event file:///home/fuyu/.nixos2/.vscode/todo/todo.md 
