2025-01-31 03:13:26.908 [info] Added views:outline in workbench.view.explorer
2025-01-31 03:13:26.908 [info] Added views:workbench.view.search in workbench.view.search
2025-01-31 03:13:26.908 [info] Added views:workbench.scm in workbench.view.scm
2025-01-31 03:13:26.908 [info] Added views:workbench.panel.markers.view in workbench.panel.markers
2025-01-31 03:13:26.908 [info] Added views:workbench.panel.output in workbench.panel.output
2025-01-31 03:13:26.908 [info] Added views:terminal in terminal
2025-01-31 03:13:26.908 [info] Added views:timeline in workbench.view.explorer
2025-01-31 03:13:26.908 [info] Added views:workbench.explorer.emptyView in workbench.view.explorer
2025-01-31 03:13:27.455 [info] Added views:projectsExplorerFavorites,projectManagerHelpAndFeedback in workbench.view.extension.project-manager
2025-01-31 03:13:27.456 [info] Added views:gitlens.views.scm.grouped in workbench.view.scm
2025-01-31 03:13:27.457 [info] Added views:gitlens.views.commitDetails,gitlens.views.lineHistory,gitlens.views.fileHistory,gitlens.views.searchAndCompare in workbench.view.extension.gitlensInspect
2025-01-31 03:13:27.457 [info] Added views:gitlens.views.home,gitlens.views.launchpad,gitlens.views.workspaces in workbench.view.extension.gitlens
2025-01-31 03:13:27.458 [info] Added views:todo-tree-view in workbench.view.extension.todo-tree-container
2025-01-31 03:13:27.459 [info] Added views:todomd.webviewTasks,todomd.tasks,todomd.tags,todomd.projects,todomd.contexts,todomd.archived,todomd.due in workbench.view.extension.todomd
2025-01-31 03:13:27.772 [info] Added views:workbench.debug.welcome in workbench.view.debug
2025-01-31 03:13:27.862 [info] Added views:workbench.panel.repl.view in workbench.panel.repl
2025-01-31 03:13:28.060 [info] Added views:~remote.forwardedPorts in ~remote.forwardedPortsContainer
2025-01-31 03:13:28.805 [info] Added views:projectsExplorerGit in workbench.view.extension.project-manager
2025-01-31 03:13:28.814 [info] Removed views:gitlens.views.searchAndCompare,gitlens.views.fileHistory,gitlens.views.lineHistory,gitlens.views.commitDetails from workbench.view.extension.gitlensInspect
2025-01-31 03:13:28.815 [info] Removed views:gitlens.views.scm.grouped from workbench.view.scm
2025-01-31 03:13:28.884 [info] Added views:gitlens.views.drafts in workbench.view.extension.gitlens
2025-01-31 03:13:30.180 [info] Removed views:todo-tree-view from workbench.view.extension.todo-tree-container
2025-01-31 03:13:31.018 [info] Added views:outline in workbench.view.explorer
2025-01-31 03:13:31.018 [info] Added views:workbench.view.search in workbench.view.search
2025-01-31 03:13:31.018 [info] Added views:workbench.scm in workbench.view.scm
2025-01-31 03:13:31.018 [info] Added views:workbench.panel.markers.view in workbench.panel.markers
2025-01-31 03:13:31.018 [info] Added views:workbench.panel.output in workbench.panel.output
2025-01-31 03:13:31.018 [info] Added views:terminal in terminal
2025-01-31 03:13:31.018 [info] Added views:timeline in workbench.view.explorer
2025-01-31 03:13:31.018 [info] Added views:workbench.explorer.fileView in workbench.view.explorer
2025-01-31 03:13:31.162 [info] Added views:workbench.debug.welcome in workbench.view.debug
2025-01-31 03:13:31.755 [info] Added views:projectsExplorerFavorites,projectManagerHelpAndFeedback in workbench.view.extension.project-manager
2025-01-31 03:13:31.755 [info] Added views:gitlens.views.scm.grouped in workbench.view.scm
2025-01-31 03:13:31.757 [info] Added views:gitlens.views.commitDetails,gitlens.views.lineHistory,gitlens.views.fileHistory,gitlens.views.searchAndCompare in workbench.view.extension.gitlensInspect
2025-01-31 03:13:31.757 [info] Added views:gitlens.views.home,gitlens.views.launchpad,gitlens.views.workspaces in workbench.view.extension.gitlens
2025-01-31 03:13:31.758 [info] Added views:todo-tree-view in workbench.view.extension.todo-tree-container
2025-01-31 03:13:31.759 [info] Added views:todomd.webviewTasks,todomd.tasks,todomd.tags,todomd.projects,todomd.contexts,todomd.archived,todomd.due in workbench.view.extension.todomd
2025-01-31 03:13:31.996 [info] Added views:workbench.panel.repl.view in workbench.panel.repl
2025-01-31 03:13:32.509 [info] Added views:~remote.forwardedPorts in ~remote.forwardedPortsContainer
2025-01-31 03:13:33.166 [info] Added views:projectsExplorerGit in workbench.view.extension.project-manager
2025-01-31 03:13:33.181 [info] Removed views:gitlens.views.searchAndCompare,gitlens.views.fileHistory,gitlens.views.lineHistory,gitlens.views.commitDetails from workbench.view.extension.gitlensInspect
2025-01-31 03:13:33.182 [info] Removed views:gitlens.views.scm.grouped from workbench.view.scm
2025-01-31 03:13:33.261 [info] Added views:gitlens.views.drafts in workbench.view.extension.gitlens
2025-01-31 03:14:07.521 [info] Added views:workbench.views.extensions.installed,workbench.views.extensions.popular,extensions.recommendedList in workbench.view.extensions
2025-01-31 03:14:07.524 [info] Removed views:workbench.views.extensions.popular from workbench.view.extensions
2025-01-31 03:14:10.259 [info] Removed views:extensions.recommendedList,workbench.views.extensions.installed from workbench.view.extensions
2025-01-31 03:14:10.266 [info] Added views:workbench.views.extensions.marketplace in workbench.view.extensions
2025-01-31 03:46:05.388 [info] Added views:gitlens.views.graph,gitlens.views.graphDetails in workbench.view.extension.gitlensPanel
2025-01-31 03:46:05.396 [info] Added views:gitlens.views.commitDetails,gitlens.views.lineHistory,gitlens.views.fileHistory,gitlens.views.timeline,gitlens.views.searchAndCompare in workbench.view.extension.gitlensInspect
2025-01-31 03:46:05.401 [info] Added views:gitlens.views.scm.grouped in workbench.view.scm
2025-01-31 03:47:33.501 [info] Added views:workbench.scm.history in workbench.view.scm
2025-01-31 03:48:44.907 [info] Removed views:workbench.scm.history from workbench.view.scm
