2025-01-31 18:37:57.496 [warning] Via 'product.json#extensionEnabledApiProposals' extension 'ms-vscode.vscode-selfhost-test-provider' wants API proposal 'attributableCoverage' but that proposal DOES NOT EXIST. Likely, the proposal has been finalized (check 'vscode.d.ts') or was abandoned.
2025-01-31 18:37:57.496 [warning] Via 'product.json#extensionEnabledApiProposals' extension 'ms-python.python' wants API proposal 'contribIssueReporter' but that proposal DOES NOT EXIST. Likely, the proposal has been finalized (check 'vscode.d.ts') or was abandoned.
2025-01-31 18:37:57.496 [warning] Via 'product.json#extensionEnabledApiProposals' extension 'ms-python.debugpy' wants API proposal 'contribIssueReporter' but that proposal DOES NOT EXIST. Likely, the proposal has been finalized (check 'vscode.d.ts') or was abandoned.
2025-01-31 18:37:58.013 [info] Started local extension host with pid 137715.
2025-01-31 18:37:59.905 [info] Settings Sync: Account status changed from uninitialized to unavailable
2025-01-31 18:38:00.897 [info] [perf] Render performance baseline is 46ms
2025-01-31 18:38:04.440 [error] Timed out waiting for authentication provider to register
2025-01-31 18:42:56.605 [error] Error: Command failed: alejandra
Formatting stdin.
Use --help to see all command line options.
use --quiet to suppress this and other messages.

Failed! 1 error found at:
- <anonymous file on stdin>: unexpected TOKEN_CURLY_B_CLOSE at 89..90, wanted any of [TOKEN_SEMICOLON]

	at genericNodeError (node:internal/errors:984:15)
	at wrappedFn (node:internal/errors:538:14)
	at ChildProcess.exithandler (node:child_process:423:12)
	at ChildProcess.emit (node:events:518:28)
	at maybeClose (node:internal/child_process:1104:16)
	at Socket.<anonymous> (node:internal/child_process:456:11)
	at Socket.emit (node:events:518:28)
	at Pipe.<anonymous> (node:net:343:12)
2025-01-31 18:58:47.015 [error] Error: Command failed: alejandra
Formatting stdin.
Use --help to see all command line options.
use --quiet to suppress this and other messages.

Failed! 1 error found at:
- <anonymous file on stdin>: unexpected end of file, wanted any of [TOKEN_SEMICOLON]

	at genericNodeError (node:internal/errors:984:15)
	at wrappedFn (node:internal/errors:538:14)
	at ChildProcess.exithandler (node:child_process:423:12)
	at ChildProcess.emit (node:events:518:28)
	at maybeClose (node:internal/child_process:1104:16)
	at Socket.<anonymous> (node:internal/child_process:456:11)
	at Socket.emit (node:events:518:28)
	at Pipe.<anonymous> (node:net:343:12)
2025-01-31 19:00:53.029 [error] Error: Command failed: alejandra
Formatting stdin.
Use --help to see all command line options.
use --quiet to suppress this and other messages.

Failed! 1 error found at:
- <anonymous file on stdin>: unexpected TOKEN_SQUARE_B_OPEN at 27..50, wanted any of [TOKEN_ASSIGN]

	at genericNodeError (node:internal/errors:984:15)
	at wrappedFn (node:internal/errors:538:14)
	at ChildProcess.exithandler (node:child_process:423:12)
	at ChildProcess.emit (node:events:518:28)
	at maybeClose (node:internal/child_process:1104:16)
	at Socket.<anonymous> (node:internal/child_process:456:11)
	at Socket.emit (node:events:518:28)
	at Pipe.<anonymous> (node:net:343:12)
