2025-01-31 04:27:37.916 [info] [main] Log level: Info
2025-01-31 04:27:37.916 [info] [main] Validating found git in: "git"
2025-01-31 04:27:37.916 [info] [main] Using git "2.47.1" from "git"
2025-01-31 04:27:37.916 [info] [Model][doInitialScan] Initial repository scan started
2025-01-31 04:27:37.916 [info] > git rev-parse --show-toplevel [10ms]
2025-01-31 04:27:37.916 [info] fatal: not a git repository (or any of the parent directories): .git
2025-01-31 04:27:37.916 [info] > git rev-parse --show-toplevel [257ms]
2025-01-31 04:27:37.916 [info] fatal: not a git repository (or any of the parent directories): .git
2025-01-31 04:27:37.917 [info] > git rev-parse --show-toplevel [26ms]
2025-01-31 04:27:37.917 [info] fatal: not a git repository (or any of the parent directories): .git
2025-01-31 04:27:37.925 [info] > git rev-parse --show-toplevel [2ms]
2025-01-31 04:27:37.925 [info] fatal: not a git repository (or any of the parent directories): .git
2025-01-31 04:27:37.933 [info] > git rev-parse --show-toplevel [2ms]
2025-01-31 04:27:37.933 [info] fatal: not a git repository (or any of the parent directories): .git
2025-01-31 04:27:37.941 [info] > git rev-parse --show-toplevel [1ms]
2025-01-31 04:27:37.941 [info] fatal: not a git repository (or any of the parent directories): .git
2025-01-31 04:27:37.947 [info] > git rev-parse --show-toplevel [1ms]
2025-01-31 04:27:37.948 [info] fatal: not a git repository (or any of the parent directories): .git
2025-01-31 04:27:37.957 [info] > git rev-parse --show-toplevel [1ms]
2025-01-31 04:27:37.957 [info] fatal: not a git repository (or any of the parent directories): .git
2025-01-31 04:27:38.217 [info] > git rev-parse --show-toplevel [252ms]
2025-01-31 04:27:38.217 [info] fatal: not a git repository (or any of the parent directories): .git
2025-01-31 04:27:38.464 [info] > git rev-parse --show-toplevel [167ms]
2025-01-31 04:27:38.464 [info] fatal: not a git repository (or any of the parent directories): .git
2025-01-31 04:27:38.467 [info] [Model][doInitialScan] Initial repository scan completed - repositories (0), closed repositories (0), parent repositories (0), unsafe repositories (0)
2025-01-31 04:27:38.511 [info] > git rev-parse --show-toplevel [9ms]
2025-01-31 04:27:38.511 [info] fatal: not a git repository (or any of the parent directories): .git
2025-01-31 04:27:46.553 [info] > git rev-parse --show-toplevel [3ms]
2025-01-31 04:27:46.553 [info] fatal: not a git repository (or any of the parent directories): .git
2025-01-31 04:27:49.834 [info] > git rev-parse --show-toplevel [6ms]
2025-01-31 04:27:49.834 [info] fatal: not a git repository (or any of the parent directories): .git
2025-01-31 04:32:50.795 [info] > git rev-parse --show-toplevel [1ms]
2025-01-31 04:32:50.795 [info] fatal: not a git repository (or any of the parent directories): .git
2025-01-31 04:32:52.739 [info] > git rev-parse --show-toplevel [1ms]
2025-01-31 04:32:52.739 [info] fatal: not a git repository (or any of the parent directories): .git
2025-01-31 04:32:55.611 [info] > git rev-parse --show-toplevel [2ms]
2025-01-31 04:32:55.611 [info] fatal: not a git repository (or any of the parent directories): .git
2025-01-31 04:35:00.204 [info] > git rev-parse --show-toplevel [1ms]
2025-01-31 04:35:00.204 [info] fatal: not a git repository (or any of the parent directories): .git
2025-01-31 04:35:03.184 [info] > git rev-parse --show-toplevel [1ms]
2025-01-31 04:35:03.184 [info] fatal: not a git repository (or any of the parent directories): .git
2025-01-31 04:36:41.372 [info] > git rev-parse --show-toplevel [1ms]
2025-01-31 04:36:41.372 [info] fatal: not a git repository (or any of the parent directories): .git
2025-01-31 04:37:09.700 [info] > git rev-parse --show-toplevel [1ms]
2025-01-31 04:37:09.700 [info] fatal: not a git repository (or any of the parent directories): .git
2025-01-31 04:37:15.207 [info] > git rev-parse --show-toplevel [1ms]
2025-01-31 04:37:15.208 [info] fatal: not a git repository (or any of the parent directories): .git
2025-01-31 04:37:24.395 [info] > git rev-parse --show-toplevel [1ms]
2025-01-31 04:37:24.395 [info] fatal: not a git repository (or any of the parent directories): .git
2025-01-31 04:37:27.131 [info] > git rev-parse --show-toplevel [2ms]
2025-01-31 04:37:27.131 [info] fatal: not a git repository (or any of the parent directories): .git
2025-01-31 04:37:30.065 [info] > git rev-parse --show-toplevel [1ms]
2025-01-31 04:37:30.065 [info] fatal: not a git repository (or any of the parent directories): .git
2025-01-31 04:37:43.075 [info] > git rev-parse --show-toplevel [35ms]
2025-01-31 04:37:43.075 [info] fatal: not a git repository (or any of the parent directories): .git
2025-01-31 04:37:45.770 [info] > git rev-parse --show-toplevel [1ms]
2025-01-31 04:37:45.770 [info] fatal: not a git repository (or any of the parent directories): .git
