2025-01-31 04:42:49.909 [info] Reading sessions from keychain...
2025-01-31 04:42:49.909 [info] Getting sessions for all scopes...
2025-01-31 04:42:49.909 [info] Getting sessions for all scopes...
2025-01-31 04:42:49.909 [info] Got 0 sessions for ...
2025-01-31 04:42:49.909 [info] Got 0 sessions for ...
2025-01-31 04:42:49.909 [info] Getting sessions for all scopes...
2025-01-31 04:42:49.909 [info] Got 0 sessions for ...
2025-01-31 04:42:49.909 [info] Getting sessions for all scopes...
2025-01-31 04:42:49.909 [info] Got 0 sessions for ...
2025-01-31 04:42:49.909 [info] Getting sessions for all scopes...
2025-01-31 04:42:49.909 [info] Got 0 sessions for ...
2025-01-31 04:42:49.909 [info] Getting sessions for all scopes...
2025-01-31 04:42:49.909 [info] Got 0 sessions for ...
2025-01-31 04:42:49.909 [info] Getting sessions for all scopes...
2025-01-31 04:42:49.909 [info] Got 0 sessions for ...
2025-01-31 04:42:50.152 [info] Getting sessions for all scopes...
2025-01-31 04:42:50.152 [info] Got 0 sessions for ...
2025-01-31 04:42:51.157 [info] Getting sessions for read:user,repo,user:email...
2025-01-31 04:42:51.157 [info] Got 0 sessions for read:user,repo,user:email...
2025-01-31 04:42:51.578 [info] Getting sessions for all scopes...
2025-01-31 04:42:51.578 [info] Got 0 sessions for ...
