2025-01-31 03:13:27.983 [info] Reading sessions from keychain...
2025-01-31 03:13:27.983 [info] Getting sessions for all scopes...
2025-01-31 03:13:27.983 [info] Getting sessions for all scopes...
2025-01-31 03:13:27.983 [info] Getting sessions for all scopes...
2025-01-31 03:13:27.983 [info] Getting sessions for all scopes...
2025-01-31 03:13:27.983 [info] Getting sessions for all scopes...
2025-01-31 03:13:27.983 [info] Getting sessions for all scopes...
2025-01-31 03:13:27.983 [info] Getting sessions for all scopes...
2025-01-31 03:13:28.006 [info] Got 0 sessions for ...
2025-01-31 03:13:28.006 [info] Got 0 sessions for ...
2025-01-31 03:13:28.006 [info] Got 0 sessions for ...
2025-01-31 03:13:28.006 [info] Got 0 sessions for ...
2025-01-31 03:13:28.006 [info] Got 0 sessions for ...
2025-01-31 03:13:28.006 [info] Got 0 sessions for ...
2025-01-31 03:13:28.006 [info] Got 0 sessions for ...
2025-01-31 03:13:28.161 [info] Getting sessions for all scopes...
2025-01-31 03:13:28.161 [info] Got 0 sessions for ...
2025-01-31 03:13:29.000 [info] Getting sessions for read:user,repo,user:email...
2025-01-31 03:13:29.000 [info] Got 0 sessions for read:user,repo,user:email...
2025-01-31 03:13:29.654 [info] Getting sessions for all scopes...
2025-01-31 03:13:29.654 [info] Got 0 sessions for ...
2025-01-31 03:13:32.187 [info] Reading sessions from keychain...
2025-01-31 03:13:32.187 [info] Getting sessions for all scopes...
2025-01-31 03:13:32.187 [info] Getting sessions for all scopes...
2025-01-31 03:13:32.210 [info] Getting sessions for all scopes...
2025-01-31 03:13:32.210 [info] Getting sessions for all scopes...
2025-01-31 03:13:32.211 [info] Getting sessions for all scopes...
2025-01-31 03:13:32.211 [info] Getting sessions for all scopes...
2025-01-31 03:13:32.211 [info] Getting sessions for all scopes...
2025-01-31 03:13:32.218 [info] Got 0 sessions for ...
2025-01-31 03:13:32.218 [info] Got 0 sessions for ...
2025-01-31 03:13:32.218 [info] Got 0 sessions for ...
2025-01-31 03:13:32.218 [info] Got 0 sessions for ...
2025-01-31 03:13:32.218 [info] Got 0 sessions for ...
2025-01-31 03:13:32.218 [info] Got 0 sessions for ...
2025-01-31 03:13:32.218 [info] Got 0 sessions for ...
2025-01-31 03:13:32.516 [info] Getting sessions for all scopes...
2025-01-31 03:13:32.516 [info] Got 0 sessions for ...
2025-01-31 03:13:33.462 [info] Getting sessions for read:user,repo,user:email...
2025-01-31 03:13:33.462 [info] Got 0 sessions for read:user,repo,user:email...
2025-01-31 03:13:34.063 [info] Getting sessions for all scopes...
2025-01-31 03:13:34.063 [info] Got 0 sessions for ...
2025-01-31 03:47:33.600 [info] Getting sessions for read:user,repo,user:email,workflow...
2025-01-31 03:47:33.600 [info] Got 0 sessions for read:user,repo,user:email,workflow...
