Running Alejandra with settings: {"alejandra":{"program":"alejandra"}}
Feeding 4261 of input to stdin
Running Alejandra with settings: {"alejandra":{"program":"alejandra"}}
Feeding 3067 of input to stdin
Running Alejandra with settings: {"alejandra":{"program":"alejandra"}}
Feeding 471 of input to stdin
Running Alejandra with settings: {"alejandra":{"program":"alejandra"}}
Feeding 341 of input to stdin
Running Alejandra with settings: {"alejandra":{"program":"alejandra"}}
Feeding 2226 of input to stdin
Running Alejandra with settings: {"alejandra":{"program":"alejandra"}}
Feeding 2242 of input to stdin
Running Alejandra with settings: {"alejandra":{"program":"alejandra"}}
Feeding 2249 of input to stdin
Running Alejandra with settings: {"alejandra":{"program":"alejandra"}}
Feeding 2372 of input to stdin
Running Alejandra with settings: {"alejandra":{"program":"alejandra"}}
Feeding 459 of input to stdin
Running Alejandra with settings: {"alejandra":{"program":"alejandra"}}
Feeding 2473 of input to stdin
Running Alejandra with settings: {"alejandra":{"program":"alejandra"}}
Feeding 2451 of input to stdin
Running Alejandra with settings: {"alejandra":{"program":"alejandra"}}
Feeding 2451 of input to stdin
Running Alejandra with settings: {"alejandra":{"program":"alejandra"}}
Feeding 2461 of input to stdin
Running Alejandra with settings: {"alejandra":{"program":"alejandra"}}
Feeding 2377 of input to stdin
Running Alejandra with settings: {"alejandra":{"program":"alejandra"}}
Feeding 2477 of input to stdin
Running Alejandra with settings: {"alejandra":{"program":"alejandra"}}
Feeding 2466 of input to stdin
Running Alejandra with settings: {"alejandra":{"program":"alejandra"}}
Feeding 2469 of input to stdin
Running Alejandra with settings: {"alejandra":{"program":"alejandra"}}
Feeding 2482 of input to stdin
error: Error: Command failed: alejandra
Formatting stdin.
Use --help to see all command line options.
use --quiet to suppress this and other messages.

Failed! 1 error found at:
- <anonymous file on stdin>: unexpected TOKEN_THEN at 216..291, wanted any of [TOKEN_SEMICOLON]

stderr: Formatting stdin.
Use --help to see all command line options.
use --quiet to suppress this and other messages.

Failed! 1 error found at:
- <anonymous file on stdin>: unexpected TOKEN_THEN at 216..291, wanted any of [TOKEN_SEMICOLON]

Running Alejandra with settings: {"alejandra":{"program":"alejandra"}}
Feeding 2482 of input to stdin
Running Alejandra with settings: {"alejandra":{"program":"alejandra"}}
Feeding 2497 of input to stdin
Running Alejandra with settings: {"alejandra":{"program":"alejandra"}}
Feeding 2497 of input to stdin
Running Alejandra with settings: {"alejandra":{"program":"alejandra"}}
Feeding 2513 of input to stdin
Running Alejandra with settings: {"alejandra":{"program":"alejandra"}}
Feeding 2518 of input to stdin
Running Alejandra with settings: {"alejandra":{"program":"alejandra"}}
Feeding 2377 of input to stdin
Running Alejandra with settings: {"alejandra":{"program":"alejandra"}}
Feeding 2515 of input to stdin
Running Alejandra with settings: {"alejandra":{"program":"alejandra"}}
Feeding 2513 of input to stdin
Running Alejandra with settings: {"alejandra":{"program":"alejandra"}}
Feeding 2377 of input to stdin
Running Alejandra with settings: {"alejandra":{"program":"alejandra"}}
Feeding 4404 of input to stdin
error: Error: Command failed: alejandra
Formatting stdin.
Use --help to see all command line options.
use --quiet to suppress this and other messages.

Failed! 1 error found at:
- <anonymous file on stdin>: unexpected TOKEN_SEMICOLON at 1971..4403, wanted any of [TOKEN_THEN]

stderr: Formatting stdin.
Use --help to see all command line options.
use --quiet to suppress this and other messages.

Failed! 1 error found at:
- <anonymous file on stdin>: unexpected TOKEN_SEMICOLON at 1971..4403, wanted any of [TOKEN_THEN]

Running Alejandra with settings: {"alejandra":{"program":"alejandra"}}
Feeding 4402 of input to stdin
Running Alejandra with settings: {"alejandra":{"program":"alejandra"}}
Feeding 4399 of input to stdin
