2025-01-31 04:42:50.235 [info] [main] Log level: Info
2025-01-31 04:42:50.235 [info] [main] Validating found git in: "git"
2025-01-31 04:42:50.235 [info] [main] Using git "2.47.1" from "git"
2025-01-31 04:42:50.235 [info] [Model][doInitialScan] Initial repository scan started
2025-01-31 04:42:50.235 [info] > git rev-parse --show-toplevel [4ms]
2025-01-31 04:42:50.235 [info] fatal: not a git repository (or any of the parent directories): .git
2025-01-31 04:42:50.236 [info] > git rev-parse --show-toplevel [2ms]
2025-01-31 04:42:50.236 [info] fatal: not a git repository (or any of the parent directories): .git
2025-01-31 04:42:50.241 [info] > git rev-parse --show-toplevel [1ms]
2025-01-31 04:42:50.241 [info] fatal: not a git repository (or any of the parent directories): .git
2025-01-31 04:42:50.247 [info] > git rev-parse --show-toplevel [1ms]
2025-01-31 04:42:50.247 [info] fatal: not a git repository (or any of the parent directories): .git
2025-01-31 04:42:50.254 [info] > git rev-parse --show-toplevel [1ms]
2025-01-31 04:42:50.254 [info] fatal: not a git repository (or any of the parent directories): .git
2025-01-31 04:42:50.261 [info] > git rev-parse --show-toplevel [2ms]
2025-01-31 04:42:50.261 [info] fatal: not a git repository (or any of the parent directories): .git
2025-01-31 04:42:50.268 [info] > git rev-parse --show-toplevel [2ms]
2025-01-31 04:42:50.268 [info] fatal: not a git repository (or any of the parent directories): .git
2025-01-31 04:42:50.275 [info] > git rev-parse --show-toplevel [1ms]
2025-01-31 04:42:50.275 [info] fatal: not a git repository (or any of the parent directories): .git
2025-01-31 04:42:50.279 [info] [Model][doInitialScan] Initial repository scan completed - repositories (0), closed repositories (0), parent repositories (0), unsafe repositories (0)
2025-01-31 04:42:51.133 [info] > git rev-parse --show-toplevel [69ms]
2025-01-31 04:42:51.133 [info] fatal: not a git repository (or any of the parent directories): .git
2025-01-31 04:42:51.723 [info] > git rev-parse --show-toplevel [149ms]
2025-01-31 04:42:51.723 [info] fatal: not a git repository (or any of the parent directories): .git
2025-01-31 04:43:00.813 [info] > git rev-parse --show-toplevel [5ms]
2025-01-31 04:43:00.813 [info] fatal: not a git repository (or any of the parent directories): .git
2025-01-31 04:51:13.033 [info] > git rev-parse --show-toplevel [2ms]
2025-01-31 04:51:13.033 [info] fatal: not a git repository (or any of the parent directories): .git
