2025-01-31 04:27:35.169 [warning] Via 'product.json#extensionEnabledApiProposals' extension 'ms-vscode.vscode-selfhost-test-provider' wants API proposal 'attributableCoverage' but that proposal DOES NOT EXIST. Likely, the proposal has been finalized (check 'vscode.d.ts') or was abandoned.
2025-01-31 04:27:35.169 [warning] Via 'product.json#extensionEnabledApiProposals' extension 'ms-python.python' wants API proposal 'contribIssueReporter' but that proposal DOES NOT EXIST. Likely, the proposal has been finalized (check 'vscode.d.ts') or was abandoned.
2025-01-31 04:27:35.169 [warning] Via 'product.json#extensionEnabledApiProposals' extension 'ms-python.debugpy' wants API proposal 'contribIssueReporter' but that proposal DOES NOT EXIST. Likely, the proposal has been finalized (check 'vscode.d.ts') or was abandoned.
2025-01-31 04:27:35.640 [info] Started local extension host with pid 4670.
2025-01-31 04:27:37.191 [info] Settings Sync: Account status changed from uninitialized to unavailable
2025-01-31 04:27:38.359 [info] [perf] Render performance baseline is 32ms
2025-01-31 04:27:41.874 [error] Timed out waiting for authentication provider to register
2025-01-31 04:30:57.331 [warning] Settings pattern "issueReporter.*" doesn't match any settings
2025-01-31 04:30:57.748 [error] Method not found: toJSON: CodeExpectedError: Method not found: toJSON
    at Object.call (file:///nix/store/67ag6r2yl2xqjxn4qan53qvx1sqz8n7j-vscode-1.96.4/lib/vscode/resources/app/out/main.js:36:4634)
    at uf.s (file:///nix/store/67ag6r2yl2xqjxn4qan53qvx1sqz8n7j-vscode-1.96.4/lib/vscode/resources/app/out/main.js:34:19716)
    at uf.q (file:///nix/store/67ag6r2yl2xqjxn4qan53qvx1sqz8n7j-vscode-1.96.4/lib/vscode/resources/app/out/main.js:34:19239)
    at zo.value (file:///nix/store/67ag6r2yl2xqjxn4qan53qvx1sqz8n7j-vscode-1.96.4/lib/vscode/resources/app/out/main.js:34:18641)
    at A.B (file:///nix/store/67ag6r2yl2xqjxn4qan53qvx1sqz8n7j-vscode-1.96.4/lib/vscode/resources/app/out/main.js:33:746)
    at A.C (file:///nix/store/67ag6r2yl2xqjxn4qan53qvx1sqz8n7j-vscode-1.96.4/lib/vscode/resources/app/out/main.js:33:816)
    at A.fire (file:///nix/store/67ag6r2yl2xqjxn4qan53qvx1sqz8n7j-vscode-1.96.4/lib/vscode/resources/app/out/main.js:33:1033)
    at zo.value (file:///nix/store/67ag6r2yl2xqjxn4qan53qvx1sqz8n7j-vscode-1.96.4/lib/vscode/resources/app/out/main.js:28:4913)
    at A.B (file:///nix/store/67ag6r2yl2xqjxn4qan53qvx1sqz8n7j-vscode-1.96.4/lib/vscode/resources/app/out/main.js:33:746)
    at A.fire (file:///nix/store/67ag6r2yl2xqjxn4qan53qvx1sqz8n7j-vscode-1.96.4/lib/vscode/resources/app/out/main.js:33:964)
    at zo.value (file:///nix/store/67ag6r2yl2xqjxn4qan53qvx1sqz8n7j-vscode-1.96.4/lib/vscode/resources/app/out/main.js:28:5101)
    at A.B (file:///nix/store/67ag6r2yl2xqjxn4qan53qvx1sqz8n7j-vscode-1.96.4/lib/vscode/resources/app/out/main.js:33:746)
    at A.fire (file:///nix/store/67ag6r2yl2xqjxn4qan53qvx1sqz8n7j-vscode-1.96.4/lib/vscode/resources/app/out/main.js:33:964)
    at U (file:///nix/store/67ag6r2yl2xqjxn4qan53qvx1sqz8n7j-vscode-1.96.4/lib/vscode/resources/app/out/main.js:28:7388)
    at IpcMainImpl.i (file:///nix/store/67ag6r2yl2xqjxn4qan53qvx1sqz8n7j-vscode-1.96.4/lib/vscode/resources/app/out/main.js:36:21224)
    at IpcMainImpl.emit (node:events:518:28)
    at WebContents.<anonymous> (node:electron/js2c/browser_init:2:85782)
    at WebContents.emit (node:events:518:28)
2025-01-31 04:31:04.657 [warning] Settings pattern "issueReporter.*" doesn't match any settings
2025-01-31 04:31:07.693 [warning] Settings pattern "issueReporter.*" doesn't match any settings
2025-01-31 04:32:02.124 [error] Unable to resolve nonexistent file 'vscode-userdata:/home/fuyu/.config/Code/User/globalStorage/usernamehw.todo-md': Error: Unable to resolve nonexistent file 'vscode-userdata:/home/fuyu/.config/Code/User/globalStorage/usernamehw.todo-md'
    at _ot.resolve (vscode-file://vscode-app/nix/store/67ag6r2yl2xqjxn4qan53qvx1sqz8n7j-vscode-1.96.4/lib/vscode/resources/app/out/vs/workbench/workbench.desktop.main.js:3108:60549)
    at async BTt (vscode-file://vscode-app/nix/store/67ag6r2yl2xqjxn4qan53qvx1sqz8n7j-vscode-1.96.4/lib/vscode/resources/app/out/vs/workbench/workbench.desktop.main.js:480:44682)
2025-01-31 04:32:25.233 [warning] Settings pattern "issueReporter.*" doesn't match any settings
2025-01-31 04:33:10.812 [error] Unable to resolve nonexistent file 'vscode-userdata:/home/fuyu/.config/Code/User/globalStorage/usernamehw.todo-md': Error: Unable to resolve nonexistent file 'vscode-userdata:/home/fuyu/.config/Code/User/globalStorage/usernamehw.todo-md'
    at _ot.resolve (vscode-file://vscode-app/nix/store/67ag6r2yl2xqjxn4qan53qvx1sqz8n7j-vscode-1.96.4/lib/vscode/resources/app/out/vs/workbench/workbench.desktop.main.js:3108:60549)
    at async BTt (vscode-file://vscode-app/nix/store/67ag6r2yl2xqjxn4qan53qvx1sqz8n7j-vscode-1.96.4/lib/vscode/resources/app/out/vs/workbench/workbench.desktop.main.js:480:44682)
2025-01-31 04:33:39.117 [warning] Settings pattern "issueReporter.*" doesn't match any settings
2025-01-31 04:37:49.203 [warning] [backup tracker] suspended, ignoring unregister event file:///home/fuyu/.config/Code/Preferences 
2025-01-31 04:37:49.204 [warning] [backup tracker] suspended, ignoring unregister event file:///home/fuyu/.config/Code/todo/todo.md 
