2025-01-31 03:13:29.000 [info] [main] Log level: Info
2025-01-31 03:13:29.000 [info] [main] Validating found git in: "git"
2025-01-31 03:13:29.000 [info] [main] Using git "2.47.1" from "git"
2025-01-31 03:13:29.000 [info] [Model][doInitialScan] Initial repository scan started
2025-01-31 03:13:29.000 [info] [Model][doInitialScan] Initial repository scan completed - repositories (0), closed repositories (0), parent repositories (0), unsafe repositories (0)
2025-01-31 03:13:32.591 [info] [main] Log level: Info
2025-01-31 03:13:32.591 [info] [main] Validating found git in: "git"
2025-01-31 03:13:32.591 [info] [main] Using git "2.47.1" from "git"
2025-01-31 03:13:32.591 [info] [Model][doInitialScan] Initial repository scan started
2025-01-31 03:13:32.591 [info] > git rev-parse --show-toplevel [16ms]
2025-01-31 03:13:32.591 [info] fatal: not a git repository (or any of the parent directories): .git
2025-01-31 03:13:32.593 [info] > git rev-parse --show-toplevel [2ms]
2025-01-31 03:13:32.593 [info] fatal: not a git repository (or any of the parent directories): .git
2025-01-31 03:13:32.605 [info] > git rev-parse --show-toplevel [3ms]
2025-01-31 03:13:32.605 [info] fatal: not a git repository (or any of the parent directories): .git
2025-01-31 03:13:32.612 [info] > git rev-parse --show-toplevel [2ms]
2025-01-31 03:13:32.612 [info] fatal: not a git repository (or any of the parent directories): .git
2025-01-31 03:13:32.620 [info] > git rev-parse --show-toplevel [2ms]
2025-01-31 03:13:32.620 [info] fatal: not a git repository (or any of the parent directories): .git
2025-01-31 03:13:32.634 [info] > git rev-parse --show-toplevel [3ms]
2025-01-31 03:13:32.634 [info] fatal: not a git repository (or any of the parent directories): .git
2025-01-31 03:13:32.645 [info] > git rev-parse --show-toplevel [5ms]
2025-01-31 03:13:32.645 [info] fatal: not a git repository (or any of the parent directories): .git
2025-01-31 03:13:32.653 [info] > git rev-parse --show-toplevel [2ms]
2025-01-31 03:13:32.653 [info] fatal: not a git repository (or any of the parent directories): .git
2025-01-31 03:13:32.659 [info] > git rev-parse --show-toplevel [1ms]
2025-01-31 03:13:32.659 [info] fatal: not a git repository (or any of the parent directories): .git
2025-01-31 03:13:32.662 [info] [Model][doInitialScan] Initial repository scan completed - repositories (0), closed repositories (0), parent repositories (0), unsafe repositories (0)
2025-01-31 03:13:33.419 [info] > git rev-parse --show-toplevel [52ms]
2025-01-31 03:13:33.419 [info] fatal: not a git repository (or any of the parent directories): .git
2025-01-31 03:13:34.089 [info] > git rev-parse --show-toplevel [174ms]
2025-01-31 03:13:34.089 [info] fatal: not a git repository (or any of the parent directories): .git
2025-01-31 03:13:34.149 [info] > git rev-parse --show-toplevel [23ms]
2025-01-31 03:13:34.149 [info] fatal: not a git repository (or any of the parent directories): .git
2025-01-31 03:14:18.916 [info] > git rev-parse --show-toplevel [4ms]
2025-01-31 03:14:18.916 [info] fatal: not a git repository (or any of the parent directories): .git
2025-01-31 03:14:20.614 [info] > git rev-parse --show-toplevel [3ms]
2025-01-31 03:14:20.614 [info] fatal: not a git repository (or any of the parent directories): .git
2025-01-31 03:14:32.545 [info] > git rev-parse --show-toplevel [2ms]
2025-01-31 03:14:32.545 [info] fatal: not a git repository (or any of the parent directories): .git
2025-01-31 03:14:58.585 [info] > git rev-parse --show-toplevel [3ms]
2025-01-31 03:14:58.585 [info] fatal: not a git repository (or any of the parent directories): .git
2025-01-31 03:15:03.690 [info] > git rev-parse --show-toplevel [3ms]
2025-01-31 03:15:03.690 [info] fatal: not a git repository (or any of the parent directories): .git
2025-01-31 03:15:32.289 [info] > git rev-parse --show-toplevel [2ms]
2025-01-31 03:15:32.289 [info] fatal: not a git repository (or any of the parent directories): .git
2025-01-31 03:25:37.866 [info] > git rev-parse --show-toplevel [3ms]
2025-01-31 03:25:37.866 [info] fatal: not a git repository (or any of the parent directories): .git
2025-01-31 03:25:42.679 [info] > git rev-parse --show-toplevel [2ms]
2025-01-31 03:25:42.679 [info] fatal: not a git repository (or any of the parent directories): .git
2025-01-31 03:25:43.776 [info] > git rev-parse --show-toplevel [5ms]
2025-01-31 03:25:43.776 [info] fatal: not a git repository (or any of the parent directories): .git
2025-01-31 03:25:50.165 [info] > git rev-parse --show-toplevel [3ms]
2025-01-31 03:25:50.165 [info] fatal: not a git repository (or any of the parent directories): .git
2025-01-31 03:25:54.102 [info] > git rev-parse --show-toplevel [3ms]
2025-01-31 03:25:54.102 [info] fatal: not a git repository (or any of the parent directories): .git
2025-01-31 03:26:23.184 [info] > git rev-parse --show-toplevel [3ms]
2025-01-31 03:26:23.184 [info] fatal: not a git repository (or any of the parent directories): .git
2025-01-31 03:30:10.204 [info] > git rev-parse --show-toplevel [1ms]
2025-01-31 03:30:10.204 [info] fatal: not a git repository (or any of the parent directories): .git
2025-01-31 03:31:01.043 [info] > git rev-parse --show-toplevel [3ms]
2025-01-31 03:31:01.043 [info] fatal: not a git repository (or any of the parent directories): .git
2025-01-31 03:31:35.287 [info] > git rev-parse --show-toplevel [1ms]
2025-01-31 03:31:35.287 [info] fatal: not a git repository (or any of the parent directories): .git
2025-01-31 03:33:14.945 [info] > git rev-parse --show-toplevel [2ms]
2025-01-31 03:33:14.945 [info] fatal: not a git repository (or any of the parent directories): .git
2025-01-31 03:37:48.288 [info] > git rev-parse --show-toplevel [2ms]
2025-01-31 03:37:48.288 [info] fatal: not a git repository (or any of the parent directories): .git
2025-01-31 03:38:36.204 [info] > git rev-parse --show-toplevel [3ms]
2025-01-31 03:38:36.204 [info] fatal: not a git repository (or any of the parent directories): .git
2025-01-31 03:38:46.021 [info] > git rev-parse --show-toplevel [2ms]
2025-01-31 03:38:46.021 [info] fatal: not a git repository (or any of the parent directories): .git
2025-01-31 03:38:47.381 [info] > git rev-parse --show-toplevel [1ms]
2025-01-31 03:38:47.382 [info] fatal: not a git repository (or any of the parent directories): .git
2025-01-31 03:38:47.776 [info] > git rev-parse --show-toplevel [3ms]
2025-01-31 03:38:47.776 [info] fatal: not a git repository (or any of the parent directories): .git
2025-01-31 03:39:34.726 [info] > git rev-parse --show-toplevel [2ms]
2025-01-31 03:39:34.726 [info] fatal: not a git repository (or any of the parent directories): .git
2025-01-31 03:40:43.332 [info] > git rev-parse --show-toplevel [4ms]
2025-01-31 03:40:43.333 [info] fatal: not a git repository (or any of the parent directories): .git
2025-01-31 03:42:21.199 [info] > git rev-parse --show-toplevel [1ms]
2025-01-31 03:42:21.199 [info] fatal: not a git repository (or any of the parent directories): .git
2025-01-31 03:42:59.871 [info] > git rev-parse --show-toplevel [2ms]
2025-01-31 03:42:59.871 [info] fatal: not a git repository (or any of the parent directories): .git
2025-01-31 03:43:01.733 [info] > git rev-parse --show-toplevel [3ms]
2025-01-31 03:43:01.733 [info] fatal: not a git repository (or any of the parent directories): .git
2025-01-31 03:43:02.668 [info] > git rev-parse --show-toplevel [5ms]
2025-01-31 03:43:02.668 [info] fatal: not a git repository (or any of the parent directories): .git
2025-01-31 03:43:03.953 [info] > git rev-parse --show-toplevel [8ms]
2025-01-31 03:43:03.953 [info] fatal: not a git repository (or any of the parent directories): .git
2025-01-31 03:43:04.782 [info] > git rev-parse --show-toplevel [3ms]
2025-01-31 03:43:04.782 [info] fatal: not a git repository (or any of the parent directories): .git
2025-01-31 03:43:06.247 [info] > git rev-parse --show-toplevel [4ms]
2025-01-31 03:43:06.248 [info] fatal: not a git repository (or any of the parent directories): .git
2025-01-31 03:43:07.807 [info] > git rev-parse --show-toplevel [4ms]
2025-01-31 03:43:07.807 [info] fatal: not a git repository (or any of the parent directories): .git
2025-01-31 03:43:10.713 [info] > git rev-parse --show-toplevel [3ms]
2025-01-31 03:43:10.713 [info] fatal: not a git repository (or any of the parent directories): .git
2025-01-31 03:43:12.943 [info] > git rev-parse --show-toplevel [2ms]
2025-01-31 03:43:12.943 [info] fatal: not a git repository (or any of the parent directories): .git
2025-01-31 03:43:14.040 [info] > git rev-parse --show-toplevel [2ms]
2025-01-31 03:43:14.040 [info] fatal: not a git repository (or any of the parent directories): .git
2025-01-31 03:43:14.582 [info] > git rev-parse --show-toplevel [2ms]
2025-01-31 03:43:14.582 [info] fatal: not a git repository (or any of the parent directories): .git
2025-01-31 03:43:15.659 [info] > git rev-parse --show-toplevel [4ms]
2025-01-31 03:43:15.659 [info] fatal: not a git repository (or any of the parent directories): .git
2025-01-31 03:43:22.057 [info] > git rev-parse --show-toplevel [2ms]
2025-01-31 03:43:22.057 [info] fatal: not a git repository (or any of the parent directories): .git
2025-01-31 03:43:24.550 [info] > git rev-parse --show-toplevel [2ms]
2025-01-31 03:43:24.550 [info] fatal: not a git repository (or any of the parent directories): .git
2025-01-31 03:43:26.305 [info] > git rev-parse --show-toplevel [1ms]
2025-01-31 03:43:26.305 [info] fatal: not a git repository (or any of the parent directories): .git
2025-01-31 03:46:05.342 [info] > git rev-parse --show-toplevel [2ms]
2025-01-31 03:46:05.417 [info] > git rev-parse --show-toplevel [10ms]
2025-01-31 03:47:33.479 [info] > git rev-parse --show-toplevel [1ms]
2025-01-31 03:47:33.487 [info] > git rev-parse --git-dir --git-common-dir [1ms]
2025-01-31 03:47:33.496 [info] [Model][openRepository] Opened repository: /home/fuyu/.dotfiles
2025-01-31 03:47:33.512 [info] > git config --get commit.template [7ms]
2025-01-31 03:47:33.548 [info] > git for-each-ref --format=%(refname)%00%(upstream:short)%00%(objectname)%00%(upstream:track)%00%(upstream:remotename)%00%(upstream:remoteref) refs/heads/main refs/remotes/main [37ms]
2025-01-31 03:47:33.560 [info] > git status -z -uall [6ms]
2025-01-31 03:47:33.562 [info] > git for-each-ref --sort -committerdate --format %(refname) %(objectname) %(*objectname) [3ms]
2025-01-31 03:47:33.580 [info] > git for-each-ref --format=%(refname)%00%(upstream:short)%00%(objectname)%00%(upstream:track)%00%(upstream:remotename)%00%(upstream:remoteref) refs/heads/main refs/remotes/main [9ms]
2025-01-31 03:47:33.588 [info] > git config --get commit.template [7ms]
2025-01-31 03:47:33.589 [info] > git config --local branch.main.vscode-merge-base [2ms]
2025-01-31 03:47:33.607 [info] > git for-each-ref --format=%(refname)%00%(upstream:short)%00%(objectname)%00%(upstream:track)%00%(upstream:remotename)%00%(upstream:remoteref) refs/heads/origin/main refs/remotes/origin/main [11ms]
2025-01-31 03:47:33.615 [info] > git for-each-ref --format=%(refname)%00%(upstream:short)%00%(objectname)%00%(upstream:track)%00%(upstream:remotename)%00%(upstream:remoteref) refs/heads/main refs/remotes/main [9ms]
2025-01-31 03:47:33.628 [info] > git status -z -uall [8ms]
2025-01-31 03:47:33.629 [info] > git merge-base refs/heads/main refs/remotes/origin/main [15ms]
2025-01-31 03:47:33.641 [info] > git diff --name-status -z --diff-filter=ADMR 40278fa1467e82b18ddfe75ce507349cd6aa1966...refs/remotes/origin/main [1ms]
2025-01-31 03:47:33.643 [info] > git for-each-ref --sort -committerdate --format %(refname) %(objectname) %(*objectname) [15ms]
2025-01-31 03:47:33.969 [info] > git show --textconv :.config/uwsm/env-hyprland [6ms]
2025-01-31 03:47:33.971 [info] > git ls-files --stage -- /home/fuyu/.dotfiles/.config/uwsm/env-hyprland [3ms]
2025-01-31 03:47:33.987 [info] > git blame --root --incremental d2781a73c3a38e1c0cf642958820b504e7728f71 -- /home/fuyu/.dotfiles/.config/uwsm/env-hyprland [2ms]
2025-01-31 03:47:33.987 [info] fatal: no such path .config/uwsm/env-hyprland in d2781a73c3a38e1c0cf642958820b504e7728f71
2025-01-31 03:47:34.040 [info] > git check-ignore -v -z --stdin [1ms]
2025-01-31 03:47:50.409 [info] > git config --get commit.template [1ms]
2025-01-31 03:47:50.416 [info] > git for-each-ref --format=%(refname)%00%(upstream:short)%00%(objectname)%00%(upstream:track)%00%(upstream:remotename)%00%(upstream:remoteref) refs/heads/main refs/remotes/main [2ms]
2025-01-31 03:47:50.428 [info] > git status -z -uall [6ms]
2025-01-31 03:47:50.429 [info] > git for-each-ref --sort -committerdate --format %(refname) %(objectname) %(*objectname) [2ms]
2025-01-31 03:47:52.308 [info] > git rev-parse --show-toplevel [2ms]
2025-01-31 03:47:52.308 [info] fatal: not a git repository (or any of the parent directories): .git
