2025-01-31 04:22:21.484 [info] Reading sessions from keychain...
2025-01-31 04:22:21.484 [info] Getting sessions for all scopes...
2025-01-31 04:22:21.484 [info] Getting sessions for all scopes...
2025-01-31 04:22:21.484 [info] Got 0 sessions for ...
2025-01-31 04:22:21.484 [info] Got 0 sessions for ...
2025-01-31 04:22:21.484 [info] Getting sessions for all scopes...
2025-01-31 04:22:21.484 [info] Got 0 sessions for ...
2025-01-31 04:22:21.484 [info] Getting sessions for all scopes...
2025-01-31 04:22:21.484 [info] Got 0 sessions for ...
2025-01-31 04:22:21.484 [info] Getting sessions for all scopes...
2025-01-31 04:22:21.484 [info] Got 0 sessions for ...
2025-01-31 04:22:21.484 [info] Getting sessions for all scopes...
2025-01-31 04:22:21.484 [info] Got 0 sessions for ...
2025-01-31 04:22:21.484 [info] Getting sessions for all scopes...
2025-01-31 04:22:21.484 [info] Got 0 sessions for ...
2025-01-31 04:22:21.729 [info] Getting sessions for all scopes...
2025-01-31 04:22:21.729 [info] Got 0 sessions for ...
2025-01-31 04:22:22.651 [info] Getting sessions for read:user,repo,user:email...
2025-01-31 04:22:22.651 [info] Got 0 sessions for read:user,repo,user:email...
2025-01-31 04:22:23.002 [info] Getting sessions for all scopes...
2025-01-31 04:22:23.002 [info] Got 0 sessions for ...
