2025-01-31 04:22:19.530 [warning] Via 'product.json#extensionEnabledApiProposals' extension 'ms-vscode.vscode-selfhost-test-provider' wants API proposal 'attributableCoverage' but that proposal DOES NOT EXIST. Likely, the proposal has been finalized (check 'vscode.d.ts') or was abandoned.
2025-01-31 04:22:19.531 [warning] Via 'product.json#extensionEnabledApiProposals' extension 'ms-python.python' wants API proposal 'contribIssueReporter' but that proposal DOES NOT EXIST. Likely, the proposal has been finalized (check 'vscode.d.ts') or was abandoned.
2025-01-31 04:22:19.531 [warning] Via 'product.json#extensionEnabledApiProposals' extension 'ms-python.debugpy' wants API proposal 'contribIssueReporter' but that proposal DOES NOT EXIST. Likely, the proposal has been finalized (check 'vscode.d.ts') or was abandoned.
2025-01-31 04:22:20.065 [info] Started local extension host with pid 1821.
2025-01-31 04:22:21.788 [info] Settings Sync: Account status changed from uninitialized to unavailable
2025-01-31 04:22:22.865 [info] [perf] Render performance baseline is 33ms
2025-01-31 04:22:26.563 [error] Timed out waiting for authentication provider to register
2025-01-31 04:24:46.896 [error] TreeError [todo-tree-view] Data tree node not found: 1/19000008: Error: TreeError [todo-tree-view] Data tree node not found: 1/19000008
    at rrs.D (vscode-file://vscode-app/nix/store/67ag6r2yl2xqjxn4qan53qvx1sqz8n7j-vscode-1.96.4/lib/vscode/resources/app/out/vs/workbench/workbench.desktop.main.js:415:31967)
    at rrs.rerender (vscode-file://vscode-app/nix/store/67ag6r2yl2xqjxn4qan53qvx1sqz8n7j-vscode-1.96.4/lib/vscode/resources/app/out/vs/workbench/workbench.desktop.main.js:415:29208)
    at vscode-file://vscode-app/nix/store/67ag6r2yl2xqjxn4qan53qvx1sqz8n7j-vscode-1.96.4/lib/vscode/resources/app/out/vs/workbench/workbench.desktop.main.js:792:19110
    at Array.forEach (<anonymous>)
    at oee.value (vscode-file://vscode-app/nix/store/67ag6r2yl2xqjxn4qan53qvx1sqz8n7j-vscode-1.96.4/lib/vscode/resources/app/out/vs/workbench/workbench.desktop.main.js:792:19091)
    at x.B (vscode-file://vscode-app/nix/store/67ag6r2yl2xqjxn4qan53qvx1sqz8n7j-vscode-1.96.4/lib/vscode/resources/app/out/vs/workbench/workbench.desktop.main.js:30:748)
    at x.fire (vscode-file://vscode-app/nix/store/67ag6r2yl2xqjxn4qan53qvx1sqz8n7j-vscode-1.96.4/lib/vscode/resources/app/out/vs/workbench/workbench.desktop.main.js:30:967)
    at IK.U (vscode-file://vscode-app/nix/store/67ag6r2yl2xqjxn4qan53qvx1sqz8n7j-vscode-1.96.4/lib/vscode/resources/app/out/vs/workbench/workbench.desktop.main.js:793:9082)
    at oee.value (vscode-file://vscode-app/nix/store/67ag6r2yl2xqjxn4qan53qvx1sqz8n7j-vscode-1.96.4/lib/vscode/resources/app/out/vs/workbench/workbench.desktop.main.js:793:5114)
    at Om.B (vscode-file://vscode-app/nix/store/67ag6r2yl2xqjxn4qan53qvx1sqz8n7j-vscode-1.96.4/lib/vscode/resources/app/out/vs/workbench/workbench.desktop.main.js:30:748)
2025-01-31 04:24:47.525 [error] TreeError [todo-tree-view] Data tree node not found: 1/19000020: Error: TreeError [todo-tree-view] Data tree node not found: 1/19000020
    at rrs.D (vscode-file://vscode-app/nix/store/67ag6r2yl2xqjxn4qan53qvx1sqz8n7j-vscode-1.96.4/lib/vscode/resources/app/out/vs/workbench/workbench.desktop.main.js:415:31967)
    at rrs.rerender (vscode-file://vscode-app/nix/store/67ag6r2yl2xqjxn4qan53qvx1sqz8n7j-vscode-1.96.4/lib/vscode/resources/app/out/vs/workbench/workbench.desktop.main.js:415:29208)
    at vscode-file://vscode-app/nix/store/67ag6r2yl2xqjxn4qan53qvx1sqz8n7j-vscode-1.96.4/lib/vscode/resources/app/out/vs/workbench/workbench.desktop.main.js:792:19110
    at Array.forEach (<anonymous>)
    at oee.value (vscode-file://vscode-app/nix/store/67ag6r2yl2xqjxn4qan53qvx1sqz8n7j-vscode-1.96.4/lib/vscode/resources/app/out/vs/workbench/workbench.desktop.main.js:792:19091)
    at x.B (vscode-file://vscode-app/nix/store/67ag6r2yl2xqjxn4qan53qvx1sqz8n7j-vscode-1.96.4/lib/vscode/resources/app/out/vs/workbench/workbench.desktop.main.js:30:748)
    at x.fire (vscode-file://vscode-app/nix/store/67ag6r2yl2xqjxn4qan53qvx1sqz8n7j-vscode-1.96.4/lib/vscode/resources/app/out/vs/workbench/workbench.desktop.main.js:30:967)
    at IK.U (vscode-file://vscode-app/nix/store/67ag6r2yl2xqjxn4qan53qvx1sqz8n7j-vscode-1.96.4/lib/vscode/resources/app/out/vs/workbench/workbench.desktop.main.js:793:9082)
    at oee.value (vscode-file://vscode-app/nix/store/67ag6r2yl2xqjxn4qan53qvx1sqz8n7j-vscode-1.96.4/lib/vscode/resources/app/out/vs/workbench/workbench.desktop.main.js:793:5114)
    at Om.B (vscode-file://vscode-app/nix/store/67ag6r2yl2xqjxn4qan53qvx1sqz8n7j-vscode-1.96.4/lib/vscode/resources/app/out/vs/workbench/workbench.desktop.main.js:30:748)
2025-01-31 04:24:48.138 [error] TreeError [todo-tree-view] Data tree node not found: 1/19000022: Error: TreeError [todo-tree-view] Data tree node not found: 1/19000022
    at rrs.D (vscode-file://vscode-app/nix/store/67ag6r2yl2xqjxn4qan53qvx1sqz8n7j-vscode-1.96.4/lib/vscode/resources/app/out/vs/workbench/workbench.desktop.main.js:415:31967)
    at rrs.rerender (vscode-file://vscode-app/nix/store/67ag6r2yl2xqjxn4qan53qvx1sqz8n7j-vscode-1.96.4/lib/vscode/resources/app/out/vs/workbench/workbench.desktop.main.js:415:29208)
    at vscode-file://vscode-app/nix/store/67ag6r2yl2xqjxn4qan53qvx1sqz8n7j-vscode-1.96.4/lib/vscode/resources/app/out/vs/workbench/workbench.desktop.main.js:792:19110
    at Array.forEach (<anonymous>)
    at oee.value (vscode-file://vscode-app/nix/store/67ag6r2yl2xqjxn4qan53qvx1sqz8n7j-vscode-1.96.4/lib/vscode/resources/app/out/vs/workbench/workbench.desktop.main.js:792:19091)
    at x.B (vscode-file://vscode-app/nix/store/67ag6r2yl2xqjxn4qan53qvx1sqz8n7j-vscode-1.96.4/lib/vscode/resources/app/out/vs/workbench/workbench.desktop.main.js:30:748)
    at x.fire (vscode-file://vscode-app/nix/store/67ag6r2yl2xqjxn4qan53qvx1sqz8n7j-vscode-1.96.4/lib/vscode/resources/app/out/vs/workbench/workbench.desktop.main.js:30:967)
    at IK.U (vscode-file://vscode-app/nix/store/67ag6r2yl2xqjxn4qan53qvx1sqz8n7j-vscode-1.96.4/lib/vscode/resources/app/out/vs/workbench/workbench.desktop.main.js:793:9082)
    at oee.value (vscode-file://vscode-app/nix/store/67ag6r2yl2xqjxn4qan53qvx1sqz8n7j-vscode-1.96.4/lib/vscode/resources/app/out/vs/workbench/workbench.desktop.main.js:793:5114)
    at Om.B (vscode-file://vscode-app/nix/store/67ag6r2yl2xqjxn4qan53qvx1sqz8n7j-vscode-1.96.4/lib/vscode/resources/app/out/vs/workbench/workbench.desktop.main.js:30:748)
2025-01-31 04:24:49.871 [error] TreeError [todo-tree-view] Data tree node not found: 1/19000025: Error: TreeError [todo-tree-view] Data tree node not found: 1/19000025
    at rrs.D (vscode-file://vscode-app/nix/store/67ag6r2yl2xqjxn4qan53qvx1sqz8n7j-vscode-1.96.4/lib/vscode/resources/app/out/vs/workbench/workbench.desktop.main.js:415:31967)
    at rrs.rerender (vscode-file://vscode-app/nix/store/67ag6r2yl2xqjxn4qan53qvx1sqz8n7j-vscode-1.96.4/lib/vscode/resources/app/out/vs/workbench/workbench.desktop.main.js:415:29208)
    at vscode-file://vscode-app/nix/store/67ag6r2yl2xqjxn4qan53qvx1sqz8n7j-vscode-1.96.4/lib/vscode/resources/app/out/vs/workbench/workbench.desktop.main.js:792:19110
    at Array.forEach (<anonymous>)
    at oee.value (vscode-file://vscode-app/nix/store/67ag6r2yl2xqjxn4qan53qvx1sqz8n7j-vscode-1.96.4/lib/vscode/resources/app/out/vs/workbench/workbench.desktop.main.js:792:19091)
    at x.B (vscode-file://vscode-app/nix/store/67ag6r2yl2xqjxn4qan53qvx1sqz8n7j-vscode-1.96.4/lib/vscode/resources/app/out/vs/workbench/workbench.desktop.main.js:30:748)
    at x.fire (vscode-file://vscode-app/nix/store/67ag6r2yl2xqjxn4qan53qvx1sqz8n7j-vscode-1.96.4/lib/vscode/resources/app/out/vs/workbench/workbench.desktop.main.js:30:967)
    at IK.U (vscode-file://vscode-app/nix/store/67ag6r2yl2xqjxn4qan53qvx1sqz8n7j-vscode-1.96.4/lib/vscode/resources/app/out/vs/workbench/workbench.desktop.main.js:793:9082)
    at oee.value (vscode-file://vscode-app/nix/store/67ag6r2yl2xqjxn4qan53qvx1sqz8n7j-vscode-1.96.4/lib/vscode/resources/app/out/vs/workbench/workbench.desktop.main.js:793:5114)
    at Om.B (vscode-file://vscode-app/nix/store/67ag6r2yl2xqjxn4qan53qvx1sqz8n7j-vscode-1.96.4/lib/vscode/resources/app/out/vs/workbench/workbench.desktop.main.js:30:748)
2025-01-31 04:25:15.589 [error] TreeError [todo-tree-view] Data tree node not found: 1/21000037: Error: TreeError [todo-tree-view] Data tree node not found: 1/21000037
    at rrs.D (vscode-file://vscode-app/nix/store/67ag6r2yl2xqjxn4qan53qvx1sqz8n7j-vscode-1.96.4/lib/vscode/resources/app/out/vs/workbench/workbench.desktop.main.js:415:31967)
    at rrs.rerender (vscode-file://vscode-app/nix/store/67ag6r2yl2xqjxn4qan53qvx1sqz8n7j-vscode-1.96.4/lib/vscode/resources/app/out/vs/workbench/workbench.desktop.main.js:415:29208)
    at vscode-file://vscode-app/nix/store/67ag6r2yl2xqjxn4qan53qvx1sqz8n7j-vscode-1.96.4/lib/vscode/resources/app/out/vs/workbench/workbench.desktop.main.js:792:19110
    at Array.forEach (<anonymous>)
    at oee.value (vscode-file://vscode-app/nix/store/67ag6r2yl2xqjxn4qan53qvx1sqz8n7j-vscode-1.96.4/lib/vscode/resources/app/out/vs/workbench/workbench.desktop.main.js:792:19091)
    at x.B (vscode-file://vscode-app/nix/store/67ag6r2yl2xqjxn4qan53qvx1sqz8n7j-vscode-1.96.4/lib/vscode/resources/app/out/vs/workbench/workbench.desktop.main.js:30:748)
    at x.fire (vscode-file://vscode-app/nix/store/67ag6r2yl2xqjxn4qan53qvx1sqz8n7j-vscode-1.96.4/lib/vscode/resources/app/out/vs/workbench/workbench.desktop.main.js:30:967)
    at IK.U (vscode-file://vscode-app/nix/store/67ag6r2yl2xqjxn4qan53qvx1sqz8n7j-vscode-1.96.4/lib/vscode/resources/app/out/vs/workbench/workbench.desktop.main.js:793:9082)
    at oee.value (vscode-file://vscode-app/nix/store/67ag6r2yl2xqjxn4qan53qvx1sqz8n7j-vscode-1.96.4/lib/vscode/resources/app/out/vs/workbench/workbench.desktop.main.js:793:5114)
    at Om.B (vscode-file://vscode-app/nix/store/67ag6r2yl2xqjxn4qan53qvx1sqz8n7j-vscode-1.96.4/lib/vscode/resources/app/out/vs/workbench/workbench.desktop.main.js:30:748)
2025-01-31 04:25:18.766 [error] TreeError [todo-tree-view] Data tree node not found: 1/22000049: Error: TreeError [todo-tree-view] Data tree node not found: 1/22000049
    at rrs.D (vscode-file://vscode-app/nix/store/67ag6r2yl2xqjxn4qan53qvx1sqz8n7j-vscode-1.96.4/lib/vscode/resources/app/out/vs/workbench/workbench.desktop.main.js:415:31967)
    at rrs.rerender (vscode-file://vscode-app/nix/store/67ag6r2yl2xqjxn4qan53qvx1sqz8n7j-vscode-1.96.4/lib/vscode/resources/app/out/vs/workbench/workbench.desktop.main.js:415:29208)
    at vscode-file://vscode-app/nix/store/67ag6r2yl2xqjxn4qan53qvx1sqz8n7j-vscode-1.96.4/lib/vscode/resources/app/out/vs/workbench/workbench.desktop.main.js:792:19110
    at Array.forEach (<anonymous>)
    at oee.value (vscode-file://vscode-app/nix/store/67ag6r2yl2xqjxn4qan53qvx1sqz8n7j-vscode-1.96.4/lib/vscode/resources/app/out/vs/workbench/workbench.desktop.main.js:792:19091)
    at x.B (vscode-file://vscode-app/nix/store/67ag6r2yl2xqjxn4qan53qvx1sqz8n7j-vscode-1.96.4/lib/vscode/resources/app/out/vs/workbench/workbench.desktop.main.js:30:748)
    at x.fire (vscode-file://vscode-app/nix/store/67ag6r2yl2xqjxn4qan53qvx1sqz8n7j-vscode-1.96.4/lib/vscode/resources/app/out/vs/workbench/workbench.desktop.main.js:30:967)
    at IK.U (vscode-file://vscode-app/nix/store/67ag6r2yl2xqjxn4qan53qvx1sqz8n7j-vscode-1.96.4/lib/vscode/resources/app/out/vs/workbench/workbench.desktop.main.js:793:9082)
    at oee.value (vscode-file://vscode-app/nix/store/67ag6r2yl2xqjxn4qan53qvx1sqz8n7j-vscode-1.96.4/lib/vscode/resources/app/out/vs/workbench/workbench.desktop.main.js:793:5114)
    at Om.B (vscode-file://vscode-app/nix/store/67ag6r2yl2xqjxn4qan53qvx1sqz8n7j-vscode-1.96.4/lib/vscode/resources/app/out/vs/workbench/workbench.desktop.main.js:30:748)
2025-01-31 04:27:08.169 [warning] [backup tracker] suspended, ignoring unregister event file:///home/fuyu/.nixos2/.vscode/todo/todo.md 
