2025-01-31 04:22:19.841 [info] Added views:outline in workbench.view.explorer
2025-01-31 04:22:19.841 [info] Added views:workbench.view.search in workbench.view.search
2025-01-31 04:22:19.841 [info] Added views:workbench.scm in workbench.view.scm
2025-01-31 04:22:19.841 [info] Added views:workbench.panel.markers.view in workbench.panel.markers
2025-01-31 04:22:19.841 [info] Added views:workbench.panel.output in workbench.panel.output
2025-01-31 04:22:19.841 [info] Added views:terminal in terminal
2025-01-31 04:22:19.841 [info] Added views:timeline in workbench.view.explorer
2025-01-31 04:22:19.841 [info] Added views:workbench.explorer.fileView in workbench.view.explorer
2025-01-31 04:22:20.136 [info] Added views:workbench.debug.welcome in workbench.view.debug
2025-01-31 04:22:20.735 [info] Added views:projectsExplorerFavorites,projectManagerHelpAndFeedback in workbench.view.extension.project-manager
2025-01-31 04:22:20.736 [info] Added views:gitlens.views.scm.grouped in workbench.view.scm
2025-01-31 04:22:20.737 [info] Added views:gitlens.views.commitDetails,gitlens.views.lineHistory,gitlens.views.fileHistory,gitlens.views.searchAndCompare in workbench.view.extension.gitlensInspect
2025-01-31 04:22:20.737 [info] Added views:gitlens.views.home,gitlens.views.launchpad,gitlens.views.workspaces in workbench.view.extension.gitlens
2025-01-31 04:22:20.738 [info] Added views:todo-tree-view in workbench.view.extension.todo-tree-container
2025-01-31 04:22:20.739 [info] Added views:todomd.webviewTasks,todomd.tasks,todomd.tags,todomd.projects,todomd.contexts,todomd.archived,todomd.due in workbench.view.extension.todomd
2025-01-31 04:22:21.269 [info] Added views:workbench.panel.repl.view in workbench.panel.repl
2025-01-31 04:22:21.883 [info] Added views:~remote.forwardedPorts in ~remote.forwardedPortsContainer
2025-01-31 04:22:22.328 [info] Added views:projectsExplorerGit in workbench.view.extension.project-manager
2025-01-31 04:22:22.352 [info] Removed views:gitlens.views.searchAndCompare,gitlens.views.fileHistory,gitlens.views.lineHistory,gitlens.views.commitDetails from workbench.view.extension.gitlensInspect
2025-01-31 04:22:22.354 [info] Removed views:gitlens.views.scm.grouped from workbench.view.scm
2025-01-31 04:22:22.441 [info] Added views:gitlens.views.drafts in workbench.view.extension.gitlens
