2025-01-31 03:13:27.797 [info] Extension host with pid 2576 started
2025-01-31 03:13:27.861 [info] ExtensionService#_doActivateExtension vscode.github-authentication, startup: false, activationEvent: 'onAuthenticationRequest:github'
2025-01-31 03:13:27.978 [info] ExtensionService#_doActivateExtension vscode.git-base, startup: true, activationEvent: '*', root cause: vscode.git
2025-01-31 03:13:27.980 [info] ExtensionService#_doActivateExtension formulahendry.auto-close-tag, startup: true, activationEvent: '*'
2025-01-31 03:13:28.010 [info] ExtensionService#_doActivateExtension vscode.git, startup: true, activationEvent: '*'
2025-01-31 03:13:28.091 [info] ExtensionService#_doActivateExtension vscode.github, startup: true, activationEvent: '*'
2025-01-31 03:13:28.239 [info] Eager extensions activated
2025-01-31 03:13:28.255 [info] ExtensionService#_doActivateExtension vscode.debug-auto-launch, startup: false, activationEvent: 'onStartupFinished'
2025-01-31 03:13:28.267 [info] ExtensionService#_doActivateExtension vscode.merge-conflict, startup: false, activationEvent: 'onStartupFinished'
2025-01-31 03:13:28.286 [info] ExtensionService#_doActivateExtension alefragnani.project-manager, startup: false, activationEvent: 'onStartupFinished'
2025-01-31 03:13:28.300 [info] ExtensionService#_doActivateExtension Catppuccin.catppuccin-vsc, startup: false, activationEvent: 'onStartupFinished'
2025-01-31 03:13:28.306 [info] ExtensionService#_doActivateExtension Catppuccin.catppuccin-vsc-icons, startup: false, activationEvent: 'onStartupFinished'
2025-01-31 03:13:28.453 [info] ExtensionService#_doActivateExtension eamodio.gitlens, startup: false, activationEvent: 'onStartupFinished'
2025-01-31 03:13:28.614 [info] ExtensionService#_doActivateExtension esbenp.prettier-vscode, startup: false, activationEvent: 'onStartupFinished'
2025-01-31 03:13:28.692 [info] ExtensionService#_doActivateExtension Gruntfuggly.todo-tree, startup: false, activationEvent: 'onStartupFinished'
2025-01-31 03:13:28.739 [info] ExtensionService#_doActivateExtension PKief.material-icon-theme, startup: false, activationEvent: 'onStartupFinished'
2025-01-31 03:13:28.754 [info] ExtensionService#_doActivateExtension usernamehw.todo-md, startup: false, activationEvent: 'onStartupFinished'
2025-01-31 03:13:29.027 [info] ExtensionService#_doActivateExtension vscode.configuration-editing, startup: false, activationEvent: 'onLanguage:jsonc'
2025-01-31 03:13:29.038 [info] ExtensionService#_doActivateExtension vscode.json-language-features, startup: false, activationEvent: 'onLanguage:jsonc'
2025-01-31 03:13:29.099 [info] ExtensionService#_doActivateExtension vscode.typescript-language-features, startup: false, activationEvent: 'onLanguage:jsonc'
2025-01-31 03:13:29.150 [info] ExtensionService#_doActivateExtension vscode.emmet, startup: false, activationEvent: 'onLanguage'
2025-01-31 03:13:30.541 [info] Extension host terminating: renderer closed the MessagePort
2025-01-31 03:13:30.586 [error] An error occurred when disposing the subscriptions for extension 'eamodio.gitlens':
2025-01-31 03:13:30.591 [error] TypeError: Cannot read properties of undefined (reading 'dispose')
	at Object.dispose (file:///nix/store/67ag6r2yl2xqjxn4qan53qvx1sqz8n7j-vscode-1.96.4/lib/vscode/resources/app/out/vs/workbench/api/node/extensionHostProcess.js:138:120484)
	at ev.<anonymous> (file:///nix/store/67ag6r2yl2xqjxn4qan53qvx1sqz8n7j-vscode-1.96.4/lib/vscode/resources/app/out/vs/workbench/api/node/extensionHostProcess.js:109:20047)
	at ev.dispose (file:///nix/store/67ag6r2yl2xqjxn4qan53qvx1sqz8n7j-vscode-1.96.4/lib/vscode/resources/app/out/vs/workbench/api/node/extensionHostProcess.js:109:20143)
	at Object.dispose (/home/fuyu/.vscode/extensions/eamodio.gitlens-16.2.1/dist/gitlens.js:1154:48762)
	at /home/fuyu/.vscode/extensions/eamodio.gitlens-16.2.1/dist/gitlens.js:1425:15117
	at Array.forEach (<anonymous>)
	at Object.dispose (/home/fuyu/.vscode/extensions/eamodio.gitlens-16.2.1/dist/gitlens.js:1425:15099)
	at ai (file:///nix/store/67ag6r2yl2xqjxn4qan53qvx1sqz8n7j-vscode-1.96.4/lib/vscode/resources/app/out/vs/workbench/api/node/extensionHostProcess.js:25:699)
	at file:///nix/store/67ag6r2yl2xqjxn4qan53qvx1sqz8n7j-vscode-1.96.4/lib/vscode/resources/app/out/vs/workbench/api/node/extensionHostProcess.js:119:14992
	at file:///nix/store/67ag6r2yl2xqjxn4qan53qvx1sqz8n7j-vscode-1.96.4/lib/vscode/resources/app/out/vs/workbench/api/node/extensionHostProcess.js:25:1009
	at Object.dispose (file:///nix/store/67ag6r2yl2xqjxn4qan53qvx1sqz8n7j-vscode-1.96.4/lib/vscode/resources/app/out/vs/workbench/api/node/extensionHostProcess.js:8:705)
	at zz.eb (file:///nix/store/67ag6r2yl2xqjxn4qan53qvx1sqz8n7j-vscode-1.96.4/lib/vscode/resources/app/out/vs/workbench/api/node/extensionHostProcess.js:119:11919)
	at file:///nix/store/67ag6r2yl2xqjxn4qan53qvx1sqz8n7j-vscode-1.96.4/lib/vscode/resources/app/out/vs/workbench/api/node/extensionHostProcess.js:119:9874
	at Array.map (<anonymous>)
	at zz.$ (file:///nix/store/67ag6r2yl2xqjxn4qan53qvx1sqz8n7j-vscode-1.96.4/lib/vscode/resources/app/out/vs/workbench/api/node/extensionHostProcess.js:119:9862)
	at zz.terminate (file:///nix/store/67ag6r2yl2xqjxn4qan53qvx1sqz8n7j-vscode-1.96.4/lib/vscode/resources/app/out/vs/workbench/api/node/extensionHostProcess.js:119:10105)
	at QC.terminate (file:///nix/store/67ag6r2yl2xqjxn4qan53qvx1sqz8n7j-vscode-1.96.4/lib/vscode/resources/app/out/vs/workbench/api/node/extensionHostProcess.js:120:1424)
	at Zi (file:///nix/store/67ag6r2yl2xqjxn4qan53qvx1sqz8n7j-vscode-1.96.4/lib/vscode/resources/app/out/vs/workbench/api/node/extensionHostProcess.js:175:15080)
	at MessagePortMain.<anonymous> (file:///nix/store/67ag6r2yl2xqjxn4qan53qvx1sqz8n7j-vscode-1.96.4/lib/vscode/resources/app/out/vs/workbench/api/node/extensionHostProcess.js:175:11628)
	at MessagePortMain.emit (node:events:518:28)
	at MessagePortMain._internalPort.emit (node:electron/js2c/utility_init:2:2949)
2025-01-31 03:13:30.593 [error] An error occurred when disposing the subscriptions for extension 'Gruntfuggly.todo-tree':
2025-01-31 03:13:30.593 [error] AggregateError: Encountered errors while disposing of store
	at ai (file:///nix/store/67ag6r2yl2xqjxn4qan53qvx1sqz8n7j-vscode-1.96.4/lib/vscode/resources/app/out/vs/workbench/api/node/extensionHostProcess.js:25:775)
	at file:///nix/store/67ag6r2yl2xqjxn4qan53qvx1sqz8n7j-vscode-1.96.4/lib/vscode/resources/app/out/vs/workbench/api/node/extensionHostProcess.js:119:14992
	at file:///nix/store/67ag6r2yl2xqjxn4qan53qvx1sqz8n7j-vscode-1.96.4/lib/vscode/resources/app/out/vs/workbench/api/node/extensionHostProcess.js:25:1009
	at Object.dispose (file:///nix/store/67ag6r2yl2xqjxn4qan53qvx1sqz8n7j-vscode-1.96.4/lib/vscode/resources/app/out/vs/workbench/api/node/extensionHostProcess.js:8:705)
	at zz.eb (file:///nix/store/67ag6r2yl2xqjxn4qan53qvx1sqz8n7j-vscode-1.96.4/lib/vscode/resources/app/out/vs/workbench/api/node/extensionHostProcess.js:119:11919)
	at file:///nix/store/67ag6r2yl2xqjxn4qan53qvx1sqz8n7j-vscode-1.96.4/lib/vscode/resources/app/out/vs/workbench/api/node/extensionHostProcess.js:119:9874
	at Array.map (<anonymous>)
	at zz.$ (file:///nix/store/67ag6r2yl2xqjxn4qan53qvx1sqz8n7j-vscode-1.96.4/lib/vscode/resources/app/out/vs/workbench/api/node/extensionHostProcess.js:119:9862)
	at zz.terminate (file:///nix/store/67ag6r2yl2xqjxn4qan53qvx1sqz8n7j-vscode-1.96.4/lib/vscode/resources/app/out/vs/workbench/api/node/extensionHostProcess.js:119:10105)
	at QC.terminate (file:///nix/store/67ag6r2yl2xqjxn4qan53qvx1sqz8n7j-vscode-1.96.4/lib/vscode/resources/app/out/vs/workbench/api/node/extensionHostProcess.js:120:1424)
	at Zi (file:///nix/store/67ag6r2yl2xqjxn4qan53qvx1sqz8n7j-vscode-1.96.4/lib/vscode/resources/app/out/vs/workbench/api/node/extensionHostProcess.js:175:15080)
	at MessagePortMain.<anonymous> (file:///nix/store/67ag6r2yl2xqjxn4qan53qvx1sqz8n7j-vscode-1.96.4/lib/vscode/resources/app/out/vs/workbench/api/node/extensionHostProcess.js:175:11628)
	at MessagePortMain.emit (node:events:518:28)
	at MessagePortMain._internalPort.emit (node:electron/js2c/utility_init:2:2949)
2025-01-31 03:13:30.594 [error] Canceled: Canceled
	at new IT (file:///nix/store/67ag6r2yl2xqjxn4qan53qvx1sqz8n7j-vscode-1.96.4/lib/vscode/resources/app/out/vs/workbench/api/node/extensionHostProcess.js:32:110702)
	at Dy.U (file:///nix/store/67ag6r2yl2xqjxn4qan53qvx1sqz8n7j-vscode-1.96.4/lib/vscode/resources/app/out/vs/workbench/api/node/extensionHostProcess.js:32:115312)
	at s.<computed>.n.charCodeAt.s.<computed> (file:///nix/store/67ag6r2yl2xqjxn4qan53qvx1sqz8n7j-vscode-1.96.4/lib/vscode/resources/app/out/vs/workbench/api/node/extensionHostProcess.js:32:112806)
	at cw.g (file:///nix/store/67ag6r2yl2xqjxn4qan53qvx1sqz8n7j-vscode-1.96.4/lib/vscode/resources/app/out/vs/workbench/api/node/extensionHostProcess.js:115:32313)
	at cw.executeCommand (file:///nix/store/67ag6r2yl2xqjxn4qan53qvx1sqz8n7j-vscode-1.96.4/lib/vscode/resources/app/out/vs/workbench/api/node/extensionHostProcess.js:115:31817)
	at r.registerCommand.description (file:///nix/store/67ag6r2yl2xqjxn4qan53qvx1sqz8n7j-vscode-1.96.4/lib/vscode/resources/app/out/vs/workbench/api/node/extensionHostProcess.js:115:31147)
	at cw.h (file:///nix/store/67ag6r2yl2xqjxn4qan53qvx1sqz8n7j-vscode-1.96.4/lib/vscode/resources/app/out/vs/workbench/api/node/extensionHostProcess.js:115:32833)
	at cw.g (file:///nix/store/67ag6r2yl2xqjxn4qan53qvx1sqz8n7j-vscode-1.96.4/lib/vscode/resources/app/out/vs/workbench/api/node/extensionHostProcess.js:115:31910)
	at cw.executeCommand (file:///nix/store/67ag6r2yl2xqjxn4qan53qvx1sqz8n7j-vscode-1.96.4/lib/vscode/resources/app/out/vs/workbench/api/node/extensionHostProcess.js:115:31817)
	at Object.executeCommand (file:///nix/store/67ag6r2yl2xqjxn4qan53qvx1sqz8n7j-vscode-1.96.4/lib/vscode/resources/app/out/vs/workbench/api/node/extensionHostProcess.js:157:37484)
	at f (/home/fuyu/.vscode/extensions/eamodio.gitlens-16.2.1/dist/gitlens.js:1479:63709)
	at c (/home/fuyu/.vscode/extensions/eamodio.gitlens-16.2.1/dist/gitlens.js:1479:68269)
	at ActionRunners._updateContextKeys (/home/fuyu/.vscode/extensions/eamodio.gitlens-16.2.1/dist/gitlens.js:1104:70222)
	at s (/home/fuyu/.vscode/extensions/eamodio.gitlens-16.2.1/dist/gitlens.js:1104:68666)
	at RegisteredActionRunner.unregister (/home/fuyu/.vscode/extensions/eamodio.gitlens-16.2.1/dist/gitlens.js:1104:68809)
	at RegisteredActionRunner.dispose (/home/fuyu/.vscode/extensions/eamodio.gitlens-16.2.1/dist/gitlens.js:1104:67476)
	at Object.dispose (/home/fuyu/.vscode/extensions/eamodio.gitlens-16.2.1/dist/gitlens.js:1104:68903)
	at ai (file:///nix/store/67ag6r2yl2xqjxn4qan53qvx1sqz8n7j-vscode-1.96.4/lib/vscode/resources/app/out/vs/workbench/api/node/extensionHostProcess.js:25:699)
	at file:///nix/store/67ag6r2yl2xqjxn4qan53qvx1sqz8n7j-vscode-1.96.4/lib/vscode/resources/app/out/vs/workbench/api/node/extensionHostProcess.js:119:14992
	at file:///nix/store/67ag6r2yl2xqjxn4qan53qvx1sqz8n7j-vscode-1.96.4/lib/vscode/resources/app/out/vs/workbench/api/node/extensionHostProcess.js:25:1009
	at Object.dispose (file:///nix/store/67ag6r2yl2xqjxn4qan53qvx1sqz8n7j-vscode-1.96.4/lib/vscode/resources/app/out/vs/workbench/api/node/extensionHostProcess.js:8:705)
	at zz.eb (file:///nix/store/67ag6r2yl2xqjxn4qan53qvx1sqz8n7j-vscode-1.96.4/lib/vscode/resources/app/out/vs/workbench/api/node/extensionHostProcess.js:119:11919)
	at file:///nix/store/67ag6r2yl2xqjxn4qan53qvx1sqz8n7j-vscode-1.96.4/lib/vscode/resources/app/out/vs/workbench/api/node/extensionHostProcess.js:119:9874
	at Array.map (<anonymous>)
	at zz.$ (file:///nix/store/67ag6r2yl2xqjxn4qan53qvx1sqz8n7j-vscode-1.96.4/lib/vscode/resources/app/out/vs/workbench/api/node/extensionHostProcess.js:119:9862)
	at zz.terminate (file:///nix/store/67ag6r2yl2xqjxn4qan53qvx1sqz8n7j-vscode-1.96.4/lib/vscode/resources/app/out/vs/workbench/api/node/extensionHostProcess.js:119:10105)
	at QC.terminate (file:///nix/store/67ag6r2yl2xqjxn4qan53qvx1sqz8n7j-vscode-1.96.4/lib/vscode/resources/app/out/vs/workbench/api/node/extensionHostProcess.js:120:1424)
	at Zi (file:///nix/store/67ag6r2yl2xqjxn4qan53qvx1sqz8n7j-vscode-1.96.4/lib/vscode/resources/app/out/vs/workbench/api/node/extensionHostProcess.js:175:15080)
	at MessagePortMain.<anonymous> (file:///nix/store/67ag6r2yl2xqjxn4qan53qvx1sqz8n7j-vscode-1.96.4/lib/vscode/resources/app/out/vs/workbench/api/node/extensionHostProcess.js:175:11628)
	at MessagePortMain.emit (node:events:518:28)
	at MessagePortMain._internalPort.emit (node:electron/js2c/utility_init:2:2949) setContext undefined
2025-01-31 03:13:30.595 [error] Canceled: Canceled
	at new IT (file:///nix/store/67ag6r2yl2xqjxn4qan53qvx1sqz8n7j-vscode-1.96.4/lib/vscode/resources/app/out/vs/workbench/api/node/extensionHostProcess.js:32:110702)
	at Dy.U (file:///nix/store/67ag6r2yl2xqjxn4qan53qvx1sqz8n7j-vscode-1.96.4/lib/vscode/resources/app/out/vs/workbench/api/node/extensionHostProcess.js:32:115312)
	at s.<computed>.n.charCodeAt.s.<computed> (file:///nix/store/67ag6r2yl2xqjxn4qan53qvx1sqz8n7j-vscode-1.96.4/lib/vscode/resources/app/out/vs/workbench/api/node/extensionHostProcess.js:32:112806)
	at cw.g (file:///nix/store/67ag6r2yl2xqjxn4qan53qvx1sqz8n7j-vscode-1.96.4/lib/vscode/resources/app/out/vs/workbench/api/node/extensionHostProcess.js:115:32313)
	at cw.executeCommand (file:///nix/store/67ag6r2yl2xqjxn4qan53qvx1sqz8n7j-vscode-1.96.4/lib/vscode/resources/app/out/vs/workbench/api/node/extensionHostProcess.js:115:31817)
	at r.registerCommand.description (file:///nix/store/67ag6r2yl2xqjxn4qan53qvx1sqz8n7j-vscode-1.96.4/lib/vscode/resources/app/out/vs/workbench/api/node/extensionHostProcess.js:115:31147)
	at cw.h (file:///nix/store/67ag6r2yl2xqjxn4qan53qvx1sqz8n7j-vscode-1.96.4/lib/vscode/resources/app/out/vs/workbench/api/node/extensionHostProcess.js:115:32833)
	at cw.g (file:///nix/store/67ag6r2yl2xqjxn4qan53qvx1sqz8n7j-vscode-1.96.4/lib/vscode/resources/app/out/vs/workbench/api/node/extensionHostProcess.js:115:31910)
	at cw.executeCommand (file:///nix/store/67ag6r2yl2xqjxn4qan53qvx1sqz8n7j-vscode-1.96.4/lib/vscode/resources/app/out/vs/workbench/api/node/extensionHostProcess.js:115:31817)
	at Object.executeCommand (file:///nix/store/67ag6r2yl2xqjxn4qan53qvx1sqz8n7j-vscode-1.96.4/lib/vscode/resources/app/out/vs/workbench/api/node/extensionHostProcess.js:157:37484)
	at f (/home/fuyu/.vscode/extensions/eamodio.gitlens-16.2.1/dist/gitlens.js:1479:63709)
	at c (/home/fuyu/.vscode/extensions/eamodio.gitlens-16.2.1/dist/gitlens.js:1479:68269)
	at ActionRunners._updateContextKeys (/home/fuyu/.vscode/extensions/eamodio.gitlens-16.2.1/dist/gitlens.js:1104:70222)
	at s (/home/fuyu/.vscode/extensions/eamodio.gitlens-16.2.1/dist/gitlens.js:1104:68666)
	at RegisteredActionRunner.unregister (/home/fuyu/.vscode/extensions/eamodio.gitlens-16.2.1/dist/gitlens.js:1104:68809)
	at RegisteredActionRunner.dispose (/home/fuyu/.vscode/extensions/eamodio.gitlens-16.2.1/dist/gitlens.js:1104:67476)
	at Object.dispose (/home/fuyu/.vscode/extensions/eamodio.gitlens-16.2.1/dist/gitlens.js:1104:68903)
	at ai (file:///nix/store/67ag6r2yl2xqjxn4qan53qvx1sqz8n7j-vscode-1.96.4/lib/vscode/resources/app/out/vs/workbench/api/node/extensionHostProcess.js:25:699)
	at file:///nix/store/67ag6r2yl2xqjxn4qan53qvx1sqz8n7j-vscode-1.96.4/lib/vscode/resources/app/out/vs/workbench/api/node/extensionHostProcess.js:119:14992
	at file:///nix/store/67ag6r2yl2xqjxn4qan53qvx1sqz8n7j-vscode-1.96.4/lib/vscode/resources/app/out/vs/workbench/api/node/extensionHostProcess.js:25:1009
	at Object.dispose (file:///nix/store/67ag6r2yl2xqjxn4qan53qvx1sqz8n7j-vscode-1.96.4/lib/vscode/resources/app/out/vs/workbench/api/node/extensionHostProcess.js:8:705)
	at zz.eb (file:///nix/store/67ag6r2yl2xqjxn4qan53qvx1sqz8n7j-vscode-1.96.4/lib/vscode/resources/app/out/vs/workbench/api/node/extensionHostProcess.js:119:11919)
	at file:///nix/store/67ag6r2yl2xqjxn4qan53qvx1sqz8n7j-vscode-1.96.4/lib/vscode/resources/app/out/vs/workbench/api/node/extensionHostProcess.js:119:9874
	at Array.map (<anonymous>)
	at zz.$ (file:///nix/store/67ag6r2yl2xqjxn4qan53qvx1sqz8n7j-vscode-1.96.4/lib/vscode/resources/app/out/vs/workbench/api/node/extensionHostProcess.js:119:9862)
	at zz.terminate (file:///nix/store/67ag6r2yl2xqjxn4qan53qvx1sqz8n7j-vscode-1.96.4/lib/vscode/resources/app/out/vs/workbench/api/node/extensionHostProcess.js:119:10105)
	at QC.terminate (file:///nix/store/67ag6r2yl2xqjxn4qan53qvx1sqz8n7j-vscode-1.96.4/lib/vscode/resources/app/out/vs/workbench/api/node/extensionHostProcess.js:120:1424)
	at Zi (file:///nix/store/67ag6r2yl2xqjxn4qan53qvx1sqz8n7j-vscode-1.96.4/lib/vscode/resources/app/out/vs/workbench/api/node/extensionHostProcess.js:175:15080)
	at MessagePortMain.<anonymous> (file:///nix/store/67ag6r2yl2xqjxn4qan53qvx1sqz8n7j-vscode-1.96.4/lib/vscode/resources/app/out/vs/workbench/api/node/extensionHostProcess.js:175:11628)
	at MessagePortMain.emit (node:events:518:28)
	at MessagePortMain._internalPort.emit (node:electron/js2c/utility_init:2:2949) setContext undefined
2025-01-31 03:13:30.595 [error] Canceled: Canceled
	at new IT (file:///nix/store/67ag6r2yl2xqjxn4qan53qvx1sqz8n7j-vscode-1.96.4/lib/vscode/resources/app/out/vs/workbench/api/node/extensionHostProcess.js:32:110702)
	at Dy.U (file:///nix/store/67ag6r2yl2xqjxn4qan53qvx1sqz8n7j-vscode-1.96.4/lib/vscode/resources/app/out/vs/workbench/api/node/extensionHostProcess.js:32:115312)
	at s.<computed>.n.charCodeAt.s.<computed> (file:///nix/store/67ag6r2yl2xqjxn4qan53qvx1sqz8n7j-vscode-1.96.4/lib/vscode/resources/app/out/vs/workbench/api/node/extensionHostProcess.js:32:112806)
	at cw.g (file:///nix/store/67ag6r2yl2xqjxn4qan53qvx1sqz8n7j-vscode-1.96.4/lib/vscode/resources/app/out/vs/workbench/api/node/extensionHostProcess.js:115:32313)
	at cw.executeCommand (file:///nix/store/67ag6r2yl2xqjxn4qan53qvx1sqz8n7j-vscode-1.96.4/lib/vscode/resources/app/out/vs/workbench/api/node/extensionHostProcess.js:115:31817)
	at r.registerCommand.description (file:///nix/store/67ag6r2yl2xqjxn4qan53qvx1sqz8n7j-vscode-1.96.4/lib/vscode/resources/app/out/vs/workbench/api/node/extensionHostProcess.js:115:31147)
	at cw.h (file:///nix/store/67ag6r2yl2xqjxn4qan53qvx1sqz8n7j-vscode-1.96.4/lib/vscode/resources/app/out/vs/workbench/api/node/extensionHostProcess.js:115:32833)
	at cw.g (file:///nix/store/67ag6r2yl2xqjxn4qan53qvx1sqz8n7j-vscode-1.96.4/lib/vscode/resources/app/out/vs/workbench/api/node/extensionHostProcess.js:115:31910)
	at cw.executeCommand (file:///nix/store/67ag6r2yl2xqjxn4qan53qvx1sqz8n7j-vscode-1.96.4/lib/vscode/resources/app/out/vs/workbench/api/node/extensionHostProcess.js:115:31817)
	at Object.executeCommand (file:///nix/store/67ag6r2yl2xqjxn4qan53qvx1sqz8n7j-vscode-1.96.4/lib/vscode/resources/app/out/vs/workbench/api/node/extensionHostProcess.js:157:37484)
	at f (/home/fuyu/.vscode/extensions/eamodio.gitlens-16.2.1/dist/gitlens.js:1479:63709)
	at c (/home/fuyu/.vscode/extensions/eamodio.gitlens-16.2.1/dist/gitlens.js:1479:68269)
	at ActionRunners._updateContextKeys (/home/fuyu/.vscode/extensions/eamodio.gitlens-16.2.1/dist/gitlens.js:1104:70222)
	at s (/home/fuyu/.vscode/extensions/eamodio.gitlens-16.2.1/dist/gitlens.js:1104:68666)
	at RegisteredActionRunner.unregister (/home/fuyu/.vscode/extensions/eamodio.gitlens-16.2.1/dist/gitlens.js:1104:68809)
	at RegisteredActionRunner.dispose (/home/fuyu/.vscode/extensions/eamodio.gitlens-16.2.1/dist/gitlens.js:1104:67476)
	at Object.dispose (/home/fuyu/.vscode/extensions/eamodio.gitlens-16.2.1/dist/gitlens.js:1104:68903)
	at ai (file:///nix/store/67ag6r2yl2xqjxn4qan53qvx1sqz8n7j-vscode-1.96.4/lib/vscode/resources/app/out/vs/workbench/api/node/extensionHostProcess.js:25:699)
	at file:///nix/store/67ag6r2yl2xqjxn4qan53qvx1sqz8n7j-vscode-1.96.4/lib/vscode/resources/app/out/vs/workbench/api/node/extensionHostProcess.js:119:14992
	at file:///nix/store/67ag6r2yl2xqjxn4qan53qvx1sqz8n7j-vscode-1.96.4/lib/vscode/resources/app/out/vs/workbench/api/node/extensionHostProcess.js:25:1009
	at Object.dispose (file:///nix/store/67ag6r2yl2xqjxn4qan53qvx1sqz8n7j-vscode-1.96.4/lib/vscode/resources/app/out/vs/workbench/api/node/extensionHostProcess.js:8:705)
	at zz.eb (file:///nix/store/67ag6r2yl2xqjxn4qan53qvx1sqz8n7j-vscode-1.96.4/lib/vscode/resources/app/out/vs/workbench/api/node/extensionHostProcess.js:119:11919)
	at file:///nix/store/67ag6r2yl2xqjxn4qan53qvx1sqz8n7j-vscode-1.96.4/lib/vscode/resources/app/out/vs/workbench/api/node/extensionHostProcess.js:119:9874
	at Array.map (<anonymous>)
	at zz.$ (file:///nix/store/67ag6r2yl2xqjxn4qan53qvx1sqz8n7j-vscode-1.96.4/lib/vscode/resources/app/out/vs/workbench/api/node/extensionHostProcess.js:119:9862)
	at zz.terminate (file:///nix/store/67ag6r2yl2xqjxn4qan53qvx1sqz8n7j-vscode-1.96.4/lib/vscode/resources/app/out/vs/workbench/api/node/extensionHostProcess.js:119:10105)
	at QC.terminate (file:///nix/store/67ag6r2yl2xqjxn4qan53qvx1sqz8n7j-vscode-1.96.4/lib/vscode/resources/app/out/vs/workbench/api/node/extensionHostProcess.js:120:1424)
	at Zi (file:///nix/store/67ag6r2yl2xqjxn4qan53qvx1sqz8n7j-vscode-1.96.4/lib/vscode/resources/app/out/vs/workbench/api/node/extensionHostProcess.js:175:15080)
	at MessagePortMain.<anonymous> (file:///nix/store/67ag6r2yl2xqjxn4qan53qvx1sqz8n7j-vscode-1.96.4/lib/vscode/resources/app/out/vs/workbench/api/node/extensionHostProcess.js:175:11628)
	at MessagePortMain.emit (node:events:518:28)
	at MessagePortMain._internalPort.emit (node:electron/js2c/utility_init:2:2949) setContext undefined
2025-01-31 03:13:30.596 [info] Extension host with pid 2576 exiting with code 0
2025-01-31 03:13:31.708 [info] Extension host with pid 2631 started
2025-01-31 03:13:31.708 [info] Skipping acquiring lock for /home/fuyu/.config/Code/User/workspaceStorage/40cf4b8903030539e620e81070ea0f29.
2025-01-31 03:13:31.995 [info] ExtensionService#_doActivateExtension vscode.github-authentication, startup: false, activationEvent: 'onAuthenticationRequest:github'
2025-01-31 03:13:32.044 [info] ExtensionService#_doActivateExtension vscode.emmet, startup: false, activationEvent: 'onLanguage'
2025-01-31 03:13:32.060 [info] ExtensionService#_doActivateExtension jnoortheen.nix-ide, startup: false, activationEvent: 'onLanguage:nix'
2025-01-31 03:13:32.273 [info] ExtensionService#_doActivateExtension vscode.git-base, startup: true, activationEvent: '*', root cause: vscode.git
2025-01-31 03:13:32.276 [info] ExtensionService#_doActivateExtension formulahendry.auto-close-tag, startup: true, activationEvent: '*'
2025-01-31 03:13:32.310 [info] ExtensionService#_doActivateExtension vscode.git, startup: true, activationEvent: '*'
2025-01-31 03:13:32.421 [info] ExtensionService#_doActivateExtension vscode.github, startup: true, activationEvent: '*'
2025-01-31 03:13:32.544 [info] Eager extensions activated
2025-01-31 03:13:32.668 [info] ExtensionService#_doActivateExtension vscode.debug-auto-launch, startup: false, activationEvent: 'onStartupFinished'
2025-01-31 03:13:32.671 [info] ExtensionService#_doActivateExtension vscode.merge-conflict, startup: false, activationEvent: 'onStartupFinished'
2025-01-31 03:13:32.690 [info] ExtensionService#_doActivateExtension alefragnani.project-manager, startup: false, activationEvent: 'onStartupFinished'
2025-01-31 03:13:32.703 [info] ExtensionService#_doActivateExtension Catppuccin.catppuccin-vsc, startup: false, activationEvent: 'onStartupFinished'
2025-01-31 03:13:32.708 [info] ExtensionService#_doActivateExtension Catppuccin.catppuccin-vsc-icons, startup: false, activationEvent: 'onStartupFinished'
2025-01-31 03:13:32.814 [info] ExtensionService#_doActivateExtension eamodio.gitlens, startup: false, activationEvent: 'onStartupFinished'
2025-01-31 03:13:32.976 [info] ExtensionService#_doActivateExtension esbenp.prettier-vscode, startup: false, activationEvent: 'onStartupFinished'
2025-01-31 03:13:33.055 [info] ExtensionService#_doActivateExtension Gruntfuggly.todo-tree, startup: false, activationEvent: 'onStartupFinished'
2025-01-31 03:13:33.102 [info] ExtensionService#_doActivateExtension PKief.material-icon-theme, startup: false, activationEvent: 'onStartupFinished'
2025-01-31 03:13:33.118 [info] ExtensionService#_doActivateExtension usernamehw.todo-md, startup: false, activationEvent: 'onStartupFinished'
2025-01-31 03:13:33.476 [info] ExtensionService#_doActivateExtension vscode.extension-editing, startup: false, activationEvent: 'onLanguage:markdown'
2025-01-31 03:13:33.492 [info] ExtensionService#_doActivateExtension vscode.markdown-language-features, startup: false, activationEvent: 'onLanguage:markdown'
2025-01-31 03:13:33.579 [info] ExtensionService#_doActivateExtension yzhang.markdown-all-in-one, startup: false, activationEvent: 'onLanguage:markdown'
2025-01-31 03:13:33.890 [info] ExtensionService#_doActivateExtension vscode.markdown-math, startup: false, activationEvent: 'api', root cause: yzhang.markdown-all-in-one
2025-01-31 03:13:33.926 [info] ExtensionService#_doActivateExtension vscode.configuration-editing, startup: false, activationEvent: 'onLanguage:jsonc'
2025-01-31 03:13:33.940 [info] ExtensionService#_doActivateExtension vscode.json-language-features, startup: false, activationEvent: 'onLanguage:jsonc'
2025-01-31 03:13:34.010 [info] ExtensionService#_doActivateExtension vscode.typescript-language-features, startup: false, activationEvent: 'onLanguage:jsonc'
2025-01-31 03:14:18.995 [info] ExtensionService#_doActivateExtension kamadorueda.alejandra, startup: false, activationEvent: 'onLanguage:nix'
2025-01-31 03:14:22.946 [error] [kamadorueda.alejandra] provider FAILED
2025-01-31 03:14:22.946 [error] Error: spawn alejandra ENOENT
	at ChildProcess._handle.onexit (node:internal/child_process:285:19)
	at onErrorNT (node:internal/child_process:483:16)
	at process.processTicksAndRejections (node:internal/process/task_queues:82:21)
2025-01-31 03:15:38.119 [error] [kamadorueda.alejandra] provider FAILED
2025-01-31 03:15:38.119 [error] Error: spawn alejandra ENOENT
	at ChildProcess._handle.onexit (node:internal/child_process:285:19)
	at onErrorNT (node:internal/child_process:483:16)
	at process.processTicksAndRejections (node:internal/process/task_queues:82:21)
2025-01-31 03:15:50.726 [error] [kamadorueda.alejandra] provider FAILED
2025-01-31 03:15:50.726 [error] Error: spawn alejandra ENOENT
	at ChildProcess._handle.onexit (node:internal/child_process:285:19)
	at onErrorNT (node:internal/child_process:483:16)
	at process.processTicksAndRejections (node:internal/process/task_queues:82:21)
2025-01-31 03:16:26.057 [error] [kamadorueda.alejandra] provider FAILED
2025-01-31 03:16:26.057 [error] Error: spawn alejandra ENOENT
	at ChildProcess._handle.onexit (node:internal/child_process:285:19)
	at onErrorNT (node:internal/child_process:483:16)
	at process.processTicksAndRejections (node:internal/process/task_queues:82:21)
2025-01-31 03:17:13.024 [error] [kamadorueda.alejandra] provider FAILED
2025-01-31 03:17:13.024 [error] Error: spawn alejandra ENOENT
	at ChildProcess._handle.onexit (node:internal/child_process:285:19)
	at onErrorNT (node:internal/child_process:483:16)
	at process.processTicksAndRejections (node:internal/process/task_queues:82:21)
2025-01-31 03:19:15.800 [error] [kamadorueda.alejandra] provider FAILED
2025-01-31 03:19:15.800 [error] Error: spawn alejandra ENOENT
	at ChildProcess._handle.onexit (node:internal/child_process:285:19)
	at onErrorNT (node:internal/child_process:483:16)
	at process.processTicksAndRejections (node:internal/process/task_queues:82:21)
2025-01-31 03:19:49.061 [error] [kamadorueda.alejandra] provider FAILED
2025-01-31 03:19:49.061 [error] Error: spawn alejandra ENOENT
	at ChildProcess._handle.onexit (node:internal/child_process:285:19)
	at onErrorNT (node:internal/child_process:483:16)
	at process.processTicksAndRejections (node:internal/process/task_queues:82:21)
2025-01-31 03:20:25.420 [error] [kamadorueda.alejandra] provider FAILED
2025-01-31 03:20:25.420 [error] Error: spawn alejandra ENOENT
	at ChildProcess._handle.onexit (node:internal/child_process:285:19)
	at onErrorNT (node:internal/child_process:483:16)
	at process.processTicksAndRejections (node:internal/process/task_queues:82:21)
2025-01-31 03:21:47.313 [error] [kamadorueda.alejandra] provider FAILED
2025-01-31 03:21:47.313 [error] Error: spawn alejandra ENOENT
	at ChildProcess._handle.onexit (node:internal/child_process:285:19)
	at onErrorNT (node:internal/child_process:483:16)
	at process.processTicksAndRejections (node:internal/process/task_queues:82:21)
2025-01-31 03:22:29.757 [error] [kamadorueda.alejandra] provider FAILED
2025-01-31 03:22:29.757 [error] Error: spawn alejandra ENOENT
	at ChildProcess._handle.onexit (node:internal/child_process:285:19)
	at onErrorNT (node:internal/child_process:483:16)
	at process.processTicksAndRejections (node:internal/process/task_queues:82:21)
2025-01-31 03:22:58.742 [error] [kamadorueda.alejandra] provider FAILED
2025-01-31 03:22:58.742 [error] Error: spawn alejandra ENOENT
	at ChildProcess._handle.onexit (node:internal/child_process:285:19)
	at onErrorNT (node:internal/child_process:483:16)
	at process.processTicksAndRejections (node:internal/process/task_queues:82:21)
2025-01-31 03:23:24.659 [error] [kamadorueda.alejandra] provider FAILED
2025-01-31 03:23:24.659 [error] Error: spawn alejandra ENOENT
	at ChildProcess._handle.onexit (node:internal/child_process:285:19)
	at onErrorNT (node:internal/child_process:483:16)
	at process.processTicksAndRejections (node:internal/process/task_queues:82:21)
2025-01-31 03:23:40.193 [error] [kamadorueda.alejandra] provider FAILED
2025-01-31 03:23:40.193 [error] Error: spawn alejandra ENOENT
	at ChildProcess._handle.onexit (node:internal/child_process:285:19)
	at onErrorNT (node:internal/child_process:483:16)
	at process.processTicksAndRejections (node:internal/process/task_queues:82:21)
2025-01-31 03:24:09.073 [error] [kamadorueda.alejandra] provider FAILED
2025-01-31 03:24:09.073 [error] Error: spawn alejandra ENOENT
	at ChildProcess._handle.onexit (node:internal/child_process:285:19)
	at onErrorNT (node:internal/child_process:483:16)
	at process.processTicksAndRejections (node:internal/process/task_queues:82:21)
2025-01-31 03:25:31.863 [error] [kamadorueda.alejandra] provider FAILED
2025-01-31 03:25:31.863 [error] Error: spawn alejandra ENOENT
	at ChildProcess._handle.onexit (node:internal/child_process:285:19)
	at onErrorNT (node:internal/child_process:483:16)
	at process.processTicksAndRejections (node:internal/process/task_queues:82:21)
2025-01-31 03:25:41.521 [error] [kamadorueda.alejandra] provider FAILED
2025-01-31 03:25:41.521 [error] Error: spawn alejandra ENOENT
	at ChildProcess._handle.onexit (node:internal/child_process:285:19)
	at onErrorNT (node:internal/child_process:483:16)
	at process.processTicksAndRejections (node:internal/process/task_queues:82:21)
2025-01-31 03:25:54.732 [error] [kamadorueda.alejandra] provider FAILED
2025-01-31 03:25:54.732 [error] Error: spawn alejandra ENOENT
	at ChildProcess._handle.onexit (node:internal/child_process:285:19)
	at onErrorNT (node:internal/child_process:483:16)
	at process.processTicksAndRejections (node:internal/process/task_queues:82:21)
2025-01-31 03:26:30.810 [error] [kamadorueda.alejandra] provider FAILED
2025-01-31 03:26:30.810 [error] Error: spawn alejandra ENOENT
	at ChildProcess._handle.onexit (node:internal/child_process:285:19)
	at onErrorNT (node:internal/child_process:483:16)
	at process.processTicksAndRejections (node:internal/process/task_queues:82:21)
2025-01-31 03:26:50.424 [error] [kamadorueda.alejandra] provider FAILED
2025-01-31 03:26:50.424 [error] Error: spawn alejandra ENOENT
	at ChildProcess._handle.onexit (node:internal/child_process:285:19)
	at onErrorNT (node:internal/child_process:483:16)
	at process.processTicksAndRejections (node:internal/process/task_queues:82:21)
2025-01-31 03:30:01.474 [error] [jnoortheen.nix-ide] provider FAILED
2025-01-31 03:30:01.474 [error] Error: spawn nixfmt ENOENT
	at ChildProcess._handle.onexit (node:internal/child_process:285:19)
	at onErrorNT (node:internal/child_process:483:16)
	at process.processTicksAndRejections (node:internal/process/task_queues:82:21)
2025-01-31 03:38:07.158 [error] [kamadorueda.alejandra] provider FAILED
2025-01-31 03:38:07.159 [error] Error: Command failed: alejandra
Formatting stdin.
Use --help to see all command line options.
use --quiet to suppress this and other messages.

Failed! 1 error found at:
- <anonymous file on stdin>: unexpected TOKEN_ASSIGN at 139..140, wanted any of [TOKEN_PAREN_OPEN, TOKEN_REC, TOKEN_CURLY_B_OPEN, TOKEN_SQUARE_B_OPEN, TOKEN_DYNAMIC_START, TOKEN_STRING_START, TOKEN_IDENT]

	at genericNodeError (node:internal/errors:984:15)
	at wrappedFn (node:internal/errors:538:14)
	at ChildProcess.exithandler (node:child_process:423:12)
	at ChildProcess.emit (node:events:518:28)
	at maybeClose (node:internal/child_process:1104:16)
	at ChildProcess._handle.onexit (node:internal/child_process:304:5)
2025-01-31 03:48:44.893 [info] Extension host terminating: renderer closed the MessagePort
2025-01-31 03:48:44.949 [error] An error occurred when disposing the subscriptions for extension 'eamodio.gitlens':
2025-01-31 03:48:44.953 [error] TypeError: Cannot read properties of undefined (reading 'dispose')
	at Object.dispose (file:///nix/store/67ag6r2yl2xqjxn4qan53qvx1sqz8n7j-vscode-1.96.4/lib/vscode/resources/app/out/vs/workbench/api/node/extensionHostProcess.js:138:120484)
	at ev.<anonymous> (file:///nix/store/67ag6r2yl2xqjxn4qan53qvx1sqz8n7j-vscode-1.96.4/lib/vscode/resources/app/out/vs/workbench/api/node/extensionHostProcess.js:109:20047)
	at ev.dispose (file:///nix/store/67ag6r2yl2xqjxn4qan53qvx1sqz8n7j-vscode-1.96.4/lib/vscode/resources/app/out/vs/workbench/api/node/extensionHostProcess.js:109:20143)
	at Object.dispose (/home/fuyu/.vscode/extensions/eamodio.gitlens-16.2.1/dist/gitlens.js:1154:48762)
	at /home/fuyu/.vscode/extensions/eamodio.gitlens-16.2.1/dist/gitlens.js:1425:15117
	at Array.forEach (<anonymous>)
	at Object.dispose (/home/fuyu/.vscode/extensions/eamodio.gitlens-16.2.1/dist/gitlens.js:1425:15099)
	at ai (file:///nix/store/67ag6r2yl2xqjxn4qan53qvx1sqz8n7j-vscode-1.96.4/lib/vscode/resources/app/out/vs/workbench/api/node/extensionHostProcess.js:25:699)
	at file:///nix/store/67ag6r2yl2xqjxn4qan53qvx1sqz8n7j-vscode-1.96.4/lib/vscode/resources/app/out/vs/workbench/api/node/extensionHostProcess.js:119:14992
	at file:///nix/store/67ag6r2yl2xqjxn4qan53qvx1sqz8n7j-vscode-1.96.4/lib/vscode/resources/app/out/vs/workbench/api/node/extensionHostProcess.js:25:1009
	at Object.dispose (file:///nix/store/67ag6r2yl2xqjxn4qan53qvx1sqz8n7j-vscode-1.96.4/lib/vscode/resources/app/out/vs/workbench/api/node/extensionHostProcess.js:8:705)
	at zz.eb (file:///nix/store/67ag6r2yl2xqjxn4qan53qvx1sqz8n7j-vscode-1.96.4/lib/vscode/resources/app/out/vs/workbench/api/node/extensionHostProcess.js:119:11919)
	at file:///nix/store/67ag6r2yl2xqjxn4qan53qvx1sqz8n7j-vscode-1.96.4/lib/vscode/resources/app/out/vs/workbench/api/node/extensionHostProcess.js:119:9874
	at Array.map (<anonymous>)
	at zz.$ (file:///nix/store/67ag6r2yl2xqjxn4qan53qvx1sqz8n7j-vscode-1.96.4/lib/vscode/resources/app/out/vs/workbench/api/node/extensionHostProcess.js:119:9862)
	at zz.terminate (file:///nix/store/67ag6r2yl2xqjxn4qan53qvx1sqz8n7j-vscode-1.96.4/lib/vscode/resources/app/out/vs/workbench/api/node/extensionHostProcess.js:119:10105)
	at QC.terminate (file:///nix/store/67ag6r2yl2xqjxn4qan53qvx1sqz8n7j-vscode-1.96.4/lib/vscode/resources/app/out/vs/workbench/api/node/extensionHostProcess.js:120:1424)
	at Zi (file:///nix/store/67ag6r2yl2xqjxn4qan53qvx1sqz8n7j-vscode-1.96.4/lib/vscode/resources/app/out/vs/workbench/api/node/extensionHostProcess.js:175:15080)
	at MessagePortMain.<anonymous> (file:///nix/store/67ag6r2yl2xqjxn4qan53qvx1sqz8n7j-vscode-1.96.4/lib/vscode/resources/app/out/vs/workbench/api/node/extensionHostProcess.js:175:11628)
	at MessagePortMain.emit (node:events:518:28)
	at MessagePortMain._internalPort.emit (node:electron/js2c/utility_init:2:2949)
2025-01-31 03:48:44.955 [error] An error occurred when disposing the subscriptions for extension 'Gruntfuggly.todo-tree':
2025-01-31 03:48:44.955 [error] AggregateError: Encountered errors while disposing of store
	at ai (file:///nix/store/67ag6r2yl2xqjxn4qan53qvx1sqz8n7j-vscode-1.96.4/lib/vscode/resources/app/out/vs/workbench/api/node/extensionHostProcess.js:25:775)
	at file:///nix/store/67ag6r2yl2xqjxn4qan53qvx1sqz8n7j-vscode-1.96.4/lib/vscode/resources/app/out/vs/workbench/api/node/extensionHostProcess.js:119:14992
	at file:///nix/store/67ag6r2yl2xqjxn4qan53qvx1sqz8n7j-vscode-1.96.4/lib/vscode/resources/app/out/vs/workbench/api/node/extensionHostProcess.js:25:1009
	at Object.dispose (file:///nix/store/67ag6r2yl2xqjxn4qan53qvx1sqz8n7j-vscode-1.96.4/lib/vscode/resources/app/out/vs/workbench/api/node/extensionHostProcess.js:8:705)
	at zz.eb (file:///nix/store/67ag6r2yl2xqjxn4qan53qvx1sqz8n7j-vscode-1.96.4/lib/vscode/resources/app/out/vs/workbench/api/node/extensionHostProcess.js:119:11919)
	at file:///nix/store/67ag6r2yl2xqjxn4qan53qvx1sqz8n7j-vscode-1.96.4/lib/vscode/resources/app/out/vs/workbench/api/node/extensionHostProcess.js:119:9874
	at Array.map (<anonymous>)
	at zz.$ (file:///nix/store/67ag6r2yl2xqjxn4qan53qvx1sqz8n7j-vscode-1.96.4/lib/vscode/resources/app/out/vs/workbench/api/node/extensionHostProcess.js:119:9862)
	at zz.terminate (file:///nix/store/67ag6r2yl2xqjxn4qan53qvx1sqz8n7j-vscode-1.96.4/lib/vscode/resources/app/out/vs/workbench/api/node/extensionHostProcess.js:119:10105)
	at QC.terminate (file:///nix/store/67ag6r2yl2xqjxn4qan53qvx1sqz8n7j-vscode-1.96.4/lib/vscode/resources/app/out/vs/workbench/api/node/extensionHostProcess.js:120:1424)
	at Zi (file:///nix/store/67ag6r2yl2xqjxn4qan53qvx1sqz8n7j-vscode-1.96.4/lib/vscode/resources/app/out/vs/workbench/api/node/extensionHostProcess.js:175:15080)
	at MessagePortMain.<anonymous> (file:///nix/store/67ag6r2yl2xqjxn4qan53qvx1sqz8n7j-vscode-1.96.4/lib/vscode/resources/app/out/vs/workbench/api/node/extensionHostProcess.js:175:11628)
	at MessagePortMain.emit (node:events:518:28)
	at MessagePortMain._internalPort.emit (node:electron/js2c/utility_init:2:2949)
2025-01-31 03:48:44.959 [error] TypeError: Cannot read properties of undefined (reading 'dispose')
	at z4 (/home/fuyu/.vscode/extensions/jnoortheen.nix-ide-0.4.11/dist/extension.js:44:45372)
	at Object.DO (/home/fuyu/.vscode/extensions/jnoortheen.nix-ide-0.4.11/dist/extension.js:44:48394)
	at zz.eb (file:///nix/store/67ag6r2yl2xqjxn4qan53qvx1sqz8n7j-vscode-1.96.4/lib/vscode/resources/app/out/vs/workbench/api/node/extensionHostProcess.js:119:11724)
	at file:///nix/store/67ag6r2yl2xqjxn4qan53qvx1sqz8n7j-vscode-1.96.4/lib/vscode/resources/app/out/vs/workbench/api/node/extensionHostProcess.js:119:9874
	at Array.map (<anonymous>)
	at zz.$ (file:///nix/store/67ag6r2yl2xqjxn4qan53qvx1sqz8n7j-vscode-1.96.4/lib/vscode/resources/app/out/vs/workbench/api/node/extensionHostProcess.js:119:9862)
	at zz.terminate (file:///nix/store/67ag6r2yl2xqjxn4qan53qvx1sqz8n7j-vscode-1.96.4/lib/vscode/resources/app/out/vs/workbench/api/node/extensionHostProcess.js:119:10105)
	at QC.terminate (file:///nix/store/67ag6r2yl2xqjxn4qan53qvx1sqz8n7j-vscode-1.96.4/lib/vscode/resources/app/out/vs/workbench/api/node/extensionHostProcess.js:120:1424)
	at Zi (file:///nix/store/67ag6r2yl2xqjxn4qan53qvx1sqz8n7j-vscode-1.96.4/lib/vscode/resources/app/out/vs/workbench/api/node/extensionHostProcess.js:175:15080)
	at MessagePortMain.<anonymous> (file:///nix/store/67ag6r2yl2xqjxn4qan53qvx1sqz8n7j-vscode-1.96.4/lib/vscode/resources/app/out/vs/workbench/api/node/extensionHostProcess.js:175:11628)
	at MessagePortMain.emit (node:events:518:28)
	at MessagePortMain._internalPort.emit (node:electron/js2c/utility_init:2:2949)
2025-01-31 03:48:44.962 [error] Canceled: Canceled
	at new IT (file:///nix/store/67ag6r2yl2xqjxn4qan53qvx1sqz8n7j-vscode-1.96.4/lib/vscode/resources/app/out/vs/workbench/api/node/extensionHostProcess.js:32:110702)
	at Dy.U (file:///nix/store/67ag6r2yl2xqjxn4qan53qvx1sqz8n7j-vscode-1.96.4/lib/vscode/resources/app/out/vs/workbench/api/node/extensionHostProcess.js:32:115312)
	at s.<computed>.n.charCodeAt.s.<computed> (file:///nix/store/67ag6r2yl2xqjxn4qan53qvx1sqz8n7j-vscode-1.96.4/lib/vscode/resources/app/out/vs/workbench/api/node/extensionHostProcess.js:32:112806)
	at cw.g (file:///nix/store/67ag6r2yl2xqjxn4qan53qvx1sqz8n7j-vscode-1.96.4/lib/vscode/resources/app/out/vs/workbench/api/node/extensionHostProcess.js:115:32313)
	at cw.executeCommand (file:///nix/store/67ag6r2yl2xqjxn4qan53qvx1sqz8n7j-vscode-1.96.4/lib/vscode/resources/app/out/vs/workbench/api/node/extensionHostProcess.js:115:31817)
	at r.registerCommand.description (file:///nix/store/67ag6r2yl2xqjxn4qan53qvx1sqz8n7j-vscode-1.96.4/lib/vscode/resources/app/out/vs/workbench/api/node/extensionHostProcess.js:115:31147)
	at cw.h (file:///nix/store/67ag6r2yl2xqjxn4qan53qvx1sqz8n7j-vscode-1.96.4/lib/vscode/resources/app/out/vs/workbench/api/node/extensionHostProcess.js:115:32833)
	at cw.g (file:///nix/store/67ag6r2yl2xqjxn4qan53qvx1sqz8n7j-vscode-1.96.4/lib/vscode/resources/app/out/vs/workbench/api/node/extensionHostProcess.js:115:31910)
	at cw.executeCommand (file:///nix/store/67ag6r2yl2xqjxn4qan53qvx1sqz8n7j-vscode-1.96.4/lib/vscode/resources/app/out/vs/workbench/api/node/extensionHostProcess.js:115:31817)
	at Object.executeCommand (file:///nix/store/67ag6r2yl2xqjxn4qan53qvx1sqz8n7j-vscode-1.96.4/lib/vscode/resources/app/out/vs/workbench/api/node/extensionHostProcess.js:157:37484)
	at kh.L [as value] (/nix/store/67ag6r2yl2xqjxn4qan53qvx1sqz8n7j-vscode-1.96.4/lib/vscode/resources/app/extensions/git/dist/main.js:2:975601)
	at P.B (file:///nix/store/67ag6r2yl2xqjxn4qan53qvx1sqz8n7j-vscode-1.96.4/lib/vscode/resources/app/out/vs/workbench/api/node/extensionHostProcess.js:30:746)
	at P.C (file:///nix/store/67ag6r2yl2xqjxn4qan53qvx1sqz8n7j-vscode-1.96.4/lib/vscode/resources/app/out/vs/workbench/api/node/extensionHostProcess.js:30:816)
	at P.fire (file:///nix/store/67ag6r2yl2xqjxn4qan53qvx1sqz8n7j-vscode-1.96.4/lib/vscode/resources/app/out/vs/workbench/api/node/extensionHostProcess.js:30:1033)
	at Object.p [as dispose] (/nix/store/67ag6r2yl2xqjxn4qan53qvx1sqz8n7j-vscode-1.96.4/lib/vscode/resources/app/extensions/git/dist/main.js:2:997158)
	at /nix/store/67ag6r2yl2xqjxn4qan53qvx1sqz8n7j-vscode-1.96.4/lib/vscode/resources/app/extensions/git/dist/main.js:2:1003280
	at Array.forEach (<anonymous>)
	at b.dispose (/nix/store/67ag6r2yl2xqjxn4qan53qvx1sqz8n7j-vscode-1.96.4/lib/vscode/resources/app/extensions/git/dist/main.js:2:1003266)
	at ev.<anonymous> (file:///nix/store/67ag6r2yl2xqjxn4qan53qvx1sqz8n7j-vscode-1.96.4/lib/vscode/resources/app/out/vs/workbench/api/node/extensionHostProcess.js:109:20047)
	at ev.dispose (file:///nix/store/67ag6r2yl2xqjxn4qan53qvx1sqz8n7j-vscode-1.96.4/lib/vscode/resources/app/out/vs/workbench/api/node/extensionHostProcess.js:109:20143)
	at ev.<anonymous> (/nix/store/67ag6r2yl2xqjxn4qan53qvx1sqz8n7j-vscode-1.96.4/lib/vscode/resources/app/extensions/git/dist/main.js:2:978080)
	at ev.dispose (file:///nix/store/67ag6r2yl2xqjxn4qan53qvx1sqz8n7j-vscode-1.96.4/lib/vscode/resources/app/out/vs/workbench/api/node/extensionHostProcess.js:109:20143)
	at ai (file:///nix/store/67ag6r2yl2xqjxn4qan53qvx1sqz8n7j-vscode-1.96.4/lib/vscode/resources/app/out/vs/workbench/api/node/extensionHostProcess.js:25:699)
	at file:///nix/store/67ag6r2yl2xqjxn4qan53qvx1sqz8n7j-vscode-1.96.4/lib/vscode/resources/app/out/vs/workbench/api/node/extensionHostProcess.js:119:14992
	at file:///nix/store/67ag6r2yl2xqjxn4qan53qvx1sqz8n7j-vscode-1.96.4/lib/vscode/resources/app/out/vs/workbench/api/node/extensionHostProcess.js:25:1009
	at Object.dispose (file:///nix/store/67ag6r2yl2xqjxn4qan53qvx1sqz8n7j-vscode-1.96.4/lib/vscode/resources/app/out/vs/workbench/api/node/extensionHostProcess.js:8:705)
	at zz.eb (file:///nix/store/67ag6r2yl2xqjxn4qan53qvx1sqz8n7j-vscode-1.96.4/lib/vscode/resources/app/out/vs/workbench/api/node/extensionHostProcess.js:119:11919)
	at file:///nix/store/67ag6r2yl2xqjxn4qan53qvx1sqz8n7j-vscode-1.96.4/lib/vscode/resources/app/out/vs/workbench/api/node/extensionHostProcess.js:119:9874
	at Array.map (<anonymous>)
	at zz.$ (file:///nix/store/67ag6r2yl2xqjxn4qan53qvx1sqz8n7j-vscode-1.96.4/lib/vscode/resources/app/out/vs/workbench/api/node/extensionHostProcess.js:119:9862)
	at zz.terminate (file:///nix/store/67ag6r2yl2xqjxn4qan53qvx1sqz8n7j-vscode-1.96.4/lib/vscode/resources/app/out/vs/workbench/api/node/extensionHostProcess.js:119:10105)
	at QC.terminate (file:///nix/store/67ag6r2yl2xqjxn4qan53qvx1sqz8n7j-vscode-1.96.4/lib/vscode/resources/app/out/vs/workbench/api/node/extensionHostProcess.js:120:1424)
	at Zi (file:///nix/store/67ag6r2yl2xqjxn4qan53qvx1sqz8n7j-vscode-1.96.4/lib/vscode/resources/app/out/vs/workbench/api/node/extensionHostProcess.js:175:15080)
	at MessagePortMain.<anonymous> (file:///nix/store/67ag6r2yl2xqjxn4qan53qvx1sqz8n7j-vscode-1.96.4/lib/vscode/resources/app/out/vs/workbench/api/node/extensionHostProcess.js:175:11628)
	at MessagePortMain.emit (node:events:518:28)
	at MessagePortMain._internalPort.emit (node:electron/js2c/utility_init:2:2949) setContext undefined
2025-01-31 03:48:44.963 [error] Canceled: Canceled
	at new IT (file:///nix/store/67ag6r2yl2xqjxn4qan53qvx1sqz8n7j-vscode-1.96.4/lib/vscode/resources/app/out/vs/workbench/api/node/extensionHostProcess.js:32:110702)
	at Dy.U (file:///nix/store/67ag6r2yl2xqjxn4qan53qvx1sqz8n7j-vscode-1.96.4/lib/vscode/resources/app/out/vs/workbench/api/node/extensionHostProcess.js:32:115312)
	at s.<computed>.n.charCodeAt.s.<computed> (file:///nix/store/67ag6r2yl2xqjxn4qan53qvx1sqz8n7j-vscode-1.96.4/lib/vscode/resources/app/out/vs/workbench/api/node/extensionHostProcess.js:32:112806)
	at cw.g (file:///nix/store/67ag6r2yl2xqjxn4qan53qvx1sqz8n7j-vscode-1.96.4/lib/vscode/resources/app/out/vs/workbench/api/node/extensionHostProcess.js:115:32313)
	at cw.executeCommand (file:///nix/store/67ag6r2yl2xqjxn4qan53qvx1sqz8n7j-vscode-1.96.4/lib/vscode/resources/app/out/vs/workbench/api/node/extensionHostProcess.js:115:31817)
	at r.registerCommand.description (file:///nix/store/67ag6r2yl2xqjxn4qan53qvx1sqz8n7j-vscode-1.96.4/lib/vscode/resources/app/out/vs/workbench/api/node/extensionHostProcess.js:115:31147)
	at cw.h (file:///nix/store/67ag6r2yl2xqjxn4qan53qvx1sqz8n7j-vscode-1.96.4/lib/vscode/resources/app/out/vs/workbench/api/node/extensionHostProcess.js:115:32833)
	at cw.g (file:///nix/store/67ag6r2yl2xqjxn4qan53qvx1sqz8n7j-vscode-1.96.4/lib/vscode/resources/app/out/vs/workbench/api/node/extensionHostProcess.js:115:31910)
	at cw.executeCommand (file:///nix/store/67ag6r2yl2xqjxn4qan53qvx1sqz8n7j-vscode-1.96.4/lib/vscode/resources/app/out/vs/workbench/api/node/extensionHostProcess.js:115:31817)
	at Object.executeCommand (file:///nix/store/67ag6r2yl2xqjxn4qan53qvx1sqz8n7j-vscode-1.96.4/lib/vscode/resources/app/out/vs/workbench/api/node/extensionHostProcess.js:157:37484)
	at set hasGitHubRepositories (/nix/store/67ag6r2yl2xqjxn4qan53qvx1sqz8n7j-vscode-1.96.4/lib/vscode/resources/app/extensions/github/dist/extension.js:2:328633)
	at /nix/store/67ag6r2yl2xqjxn4qan53qvx1sqz8n7j-vscode-1.96.4/lib/vscode/resources/app/extensions/github/dist/extension.js:2:329592
	at kh.value (/nix/store/67ag6r2yl2xqjxn4qan53qvx1sqz8n7j-vscode-1.96.4/lib/vscode/resources/app/extensions/git/dist/main.js:2:1088462)
	at P.B (file:///nix/store/67ag6r2yl2xqjxn4qan53qvx1sqz8n7j-vscode-1.96.4/lib/vscode/resources/app/out/vs/workbench/api/node/extensionHostProcess.js:30:746)
	at P.C (file:///nix/store/67ag6r2yl2xqjxn4qan53qvx1sqz8n7j-vscode-1.96.4/lib/vscode/resources/app/out/vs/workbench/api/node/extensionHostProcess.js:30:816)
	at P.fire (file:///nix/store/67ag6r2yl2xqjxn4qan53qvx1sqz8n7j-vscode-1.96.4/lib/vscode/resources/app/out/vs/workbench/api/node/extensionHostProcess.js:30:1033)
	at Object.p [as dispose] (/nix/store/67ag6r2yl2xqjxn4qan53qvx1sqz8n7j-vscode-1.96.4/lib/vscode/resources/app/extensions/git/dist/main.js:2:997158)
	at /nix/store/67ag6r2yl2xqjxn4qan53qvx1sqz8n7j-vscode-1.96.4/lib/vscode/resources/app/extensions/git/dist/main.js:2:1003280
	at Array.forEach (<anonymous>)
	at b.dispose (/nix/store/67ag6r2yl2xqjxn4qan53qvx1sqz8n7j-vscode-1.96.4/lib/vscode/resources/app/extensions/git/dist/main.js:2:1003266)
	at ev.<anonymous> (file:///nix/store/67ag6r2yl2xqjxn4qan53qvx1sqz8n7j-vscode-1.96.4/lib/vscode/resources/app/out/vs/workbench/api/node/extensionHostProcess.js:109:20047)
	at ev.dispose (file:///nix/store/67ag6r2yl2xqjxn4qan53qvx1sqz8n7j-vscode-1.96.4/lib/vscode/resources/app/out/vs/workbench/api/node/extensionHostProcess.js:109:20143)
	at ev.<anonymous> (/nix/store/67ag6r2yl2xqjxn4qan53qvx1sqz8n7j-vscode-1.96.4/lib/vscode/resources/app/extensions/git/dist/main.js:2:978080)
	at ev.dispose (file:///nix/store/67ag6r2yl2xqjxn4qan53qvx1sqz8n7j-vscode-1.96.4/lib/vscode/resources/app/out/vs/workbench/api/node/extensionHostProcess.js:109:20143)
	at ai (file:///nix/store/67ag6r2yl2xqjxn4qan53qvx1sqz8n7j-vscode-1.96.4/lib/vscode/resources/app/out/vs/workbench/api/node/extensionHostProcess.js:25:699)
	at file:///nix/store/67ag6r2yl2xqjxn4qan53qvx1sqz8n7j-vscode-1.96.4/lib/vscode/resources/app/out/vs/workbench/api/node/extensionHostProcess.js:119:14992
	at file:///nix/store/67ag6r2yl2xqjxn4qan53qvx1sqz8n7j-vscode-1.96.4/lib/vscode/resources/app/out/vs/workbench/api/node/extensionHostProcess.js:25:1009
	at Object.dispose (file:///nix/store/67ag6r2yl2xqjxn4qan53qvx1sqz8n7j-vscode-1.96.4/lib/vscode/resources/app/out/vs/workbench/api/node/extensionHostProcess.js:8:705)
	at zz.eb (file:///nix/store/67ag6r2yl2xqjxn4qan53qvx1sqz8n7j-vscode-1.96.4/lib/vscode/resources/app/out/vs/workbench/api/node/extensionHostProcess.js:119:11919)
	at file:///nix/store/67ag6r2yl2xqjxn4qan53qvx1sqz8n7j-vscode-1.96.4/lib/vscode/resources/app/out/vs/workbench/api/node/extensionHostProcess.js:119:9874
	at Array.map (<anonymous>)
	at zz.$ (file:///nix/store/67ag6r2yl2xqjxn4qan53qvx1sqz8n7j-vscode-1.96.4/lib/vscode/resources/app/out/vs/workbench/api/node/extensionHostProcess.js:119:9862)
	at zz.terminate (file:///nix/store/67ag6r2yl2xqjxn4qan53qvx1sqz8n7j-vscode-1.96.4/lib/vscode/resources/app/out/vs/workbench/api/node/extensionHostProcess.js:119:10105)
	at QC.terminate (file:///nix/store/67ag6r2yl2xqjxn4qan53qvx1sqz8n7j-vscode-1.96.4/lib/vscode/resources/app/out/vs/workbench/api/node/extensionHostProcess.js:120:1424)
	at Zi (file:///nix/store/67ag6r2yl2xqjxn4qan53qvx1sqz8n7j-vscode-1.96.4/lib/vscode/resources/app/out/vs/workbench/api/node/extensionHostProcess.js:175:15080)
	at MessagePortMain.<anonymous> (file:///nix/store/67ag6r2yl2xqjxn4qan53qvx1sqz8n7j-vscode-1.96.4/lib/vscode/resources/app/out/vs/workbench/api/node/extensionHostProcess.js:175:11628)
	at MessagePortMain.emit (node:events:518:28)
	at MessagePortMain._internalPort.emit (node:electron/js2c/utility_init:2:2949) setContext undefined
2025-01-31 03:48:44.963 [error] Canceled: Canceled
	at new IT (file:///nix/store/67ag6r2yl2xqjxn4qan53qvx1sqz8n7j-vscode-1.96.4/lib/vscode/resources/app/out/vs/workbench/api/node/extensionHostProcess.js:32:110702)
	at Dy.U (file:///nix/store/67ag6r2yl2xqjxn4qan53qvx1sqz8n7j-vscode-1.96.4/lib/vscode/resources/app/out/vs/workbench/api/node/extensionHostProcess.js:32:115312)
	at s.<computed>.n.charCodeAt.s.<computed> (file:///nix/store/67ag6r2yl2xqjxn4qan53qvx1sqz8n7j-vscode-1.96.4/lib/vscode/resources/app/out/vs/workbench/api/node/extensionHostProcess.js:32:112806)
	at cw.g (file:///nix/store/67ag6r2yl2xqjxn4qan53qvx1sqz8n7j-vscode-1.96.4/lib/vscode/resources/app/out/vs/workbench/api/node/extensionHostProcess.js:115:32313)
	at cw.executeCommand (file:///nix/store/67ag6r2yl2xqjxn4qan53qvx1sqz8n7j-vscode-1.96.4/lib/vscode/resources/app/out/vs/workbench/api/node/extensionHostProcess.js:115:31817)
	at r.registerCommand.description (file:///nix/store/67ag6r2yl2xqjxn4qan53qvx1sqz8n7j-vscode-1.96.4/lib/vscode/resources/app/out/vs/workbench/api/node/extensionHostProcess.js:115:31147)
	at cw.h (file:///nix/store/67ag6r2yl2xqjxn4qan53qvx1sqz8n7j-vscode-1.96.4/lib/vscode/resources/app/out/vs/workbench/api/node/extensionHostProcess.js:115:32833)
	at cw.g (file:///nix/store/67ag6r2yl2xqjxn4qan53qvx1sqz8n7j-vscode-1.96.4/lib/vscode/resources/app/out/vs/workbench/api/node/extensionHostProcess.js:115:31910)
	at cw.executeCommand (file:///nix/store/67ag6r2yl2xqjxn4qan53qvx1sqz8n7j-vscode-1.96.4/lib/vscode/resources/app/out/vs/workbench/api/node/extensionHostProcess.js:115:31817)
	at Object.executeCommand (file:///nix/store/67ag6r2yl2xqjxn4qan53qvx1sqz8n7j-vscode-1.96.4/lib/vscode/resources/app/out/vs/workbench/api/node/extensionHostProcess.js:157:37484)
	at f (/home/fuyu/.vscode/extensions/eamodio.gitlens-16.2.1/dist/gitlens.js:1479:63709)
	at c (/home/fuyu/.vscode/extensions/eamodio.gitlens-16.2.1/dist/gitlens.js:1479:68269)
	at ActionRunners._updateContextKeys (/home/fuyu/.vscode/extensions/eamodio.gitlens-16.2.1/dist/gitlens.js:1104:70222)
	at s (/home/fuyu/.vscode/extensions/eamodio.gitlens-16.2.1/dist/gitlens.js:1104:68666)
	at RegisteredActionRunner.unregister (/home/fuyu/.vscode/extensions/eamodio.gitlens-16.2.1/dist/gitlens.js:1104:68809)
	at RegisteredActionRunner.dispose (/home/fuyu/.vscode/extensions/eamodio.gitlens-16.2.1/dist/gitlens.js:1104:67476)
	at Object.dispose (/home/fuyu/.vscode/extensions/eamodio.gitlens-16.2.1/dist/gitlens.js:1104:68903)
	at ai (file:///nix/store/67ag6r2yl2xqjxn4qan53qvx1sqz8n7j-vscode-1.96.4/lib/vscode/resources/app/out/vs/workbench/api/node/extensionHostProcess.js:25:699)
	at file:///nix/store/67ag6r2yl2xqjxn4qan53qvx1sqz8n7j-vscode-1.96.4/lib/vscode/resources/app/out/vs/workbench/api/node/extensionHostProcess.js:119:14992
	at file:///nix/store/67ag6r2yl2xqjxn4qan53qvx1sqz8n7j-vscode-1.96.4/lib/vscode/resources/app/out/vs/workbench/api/node/extensionHostProcess.js:25:1009
	at Object.dispose (file:///nix/store/67ag6r2yl2xqjxn4qan53qvx1sqz8n7j-vscode-1.96.4/lib/vscode/resources/app/out/vs/workbench/api/node/extensionHostProcess.js:8:705)
	at zz.eb (file:///nix/store/67ag6r2yl2xqjxn4qan53qvx1sqz8n7j-vscode-1.96.4/lib/vscode/resources/app/out/vs/workbench/api/node/extensionHostProcess.js:119:11919)
	at file:///nix/store/67ag6r2yl2xqjxn4qan53qvx1sqz8n7j-vscode-1.96.4/lib/vscode/resources/app/out/vs/workbench/api/node/extensionHostProcess.js:119:9874
	at Array.map (<anonymous>)
	at zz.$ (file:///nix/store/67ag6r2yl2xqjxn4qan53qvx1sqz8n7j-vscode-1.96.4/lib/vscode/resources/app/out/vs/workbench/api/node/extensionHostProcess.js:119:9862)
	at zz.terminate (file:///nix/store/67ag6r2yl2xqjxn4qan53qvx1sqz8n7j-vscode-1.96.4/lib/vscode/resources/app/out/vs/workbench/api/node/extensionHostProcess.js:119:10105)
	at QC.terminate (file:///nix/store/67ag6r2yl2xqjxn4qan53qvx1sqz8n7j-vscode-1.96.4/lib/vscode/resources/app/out/vs/workbench/api/node/extensionHostProcess.js:120:1424)
	at Zi (file:///nix/store/67ag6r2yl2xqjxn4qan53qvx1sqz8n7j-vscode-1.96.4/lib/vscode/resources/app/out/vs/workbench/api/node/extensionHostProcess.js:175:15080)
	at MessagePortMain.<anonymous> (file:///nix/store/67ag6r2yl2xqjxn4qan53qvx1sqz8n7j-vscode-1.96.4/lib/vscode/resources/app/out/vs/workbench/api/node/extensionHostProcess.js:175:11628)
	at MessagePortMain.emit (node:events:518:28)
	at MessagePortMain._internalPort.emit (node:electron/js2c/utility_init:2:2949) setContext undefined
2025-01-31 03:48:44.963 [error] Canceled: Canceled
	at new IT (file:///nix/store/67ag6r2yl2xqjxn4qan53qvx1sqz8n7j-vscode-1.96.4/lib/vscode/resources/app/out/vs/workbench/api/node/extensionHostProcess.js:32:110702)
	at Dy.U (file:///nix/store/67ag6r2yl2xqjxn4qan53qvx1sqz8n7j-vscode-1.96.4/lib/vscode/resources/app/out/vs/workbench/api/node/extensionHostProcess.js:32:115312)
	at s.<computed>.n.charCodeAt.s.<computed> (file:///nix/store/67ag6r2yl2xqjxn4qan53qvx1sqz8n7j-vscode-1.96.4/lib/vscode/resources/app/out/vs/workbench/api/node/extensionHostProcess.js:32:112806)
	at cw.g (file:///nix/store/67ag6r2yl2xqjxn4qan53qvx1sqz8n7j-vscode-1.96.4/lib/vscode/resources/app/out/vs/workbench/api/node/extensionHostProcess.js:115:32313)
	at cw.executeCommand (file:///nix/store/67ag6r2yl2xqjxn4qan53qvx1sqz8n7j-vscode-1.96.4/lib/vscode/resources/app/out/vs/workbench/api/node/extensionHostProcess.js:115:31817)
	at r.registerCommand.description (file:///nix/store/67ag6r2yl2xqjxn4qan53qvx1sqz8n7j-vscode-1.96.4/lib/vscode/resources/app/out/vs/workbench/api/node/extensionHostProcess.js:115:31147)
	at cw.h (file:///nix/store/67ag6r2yl2xqjxn4qan53qvx1sqz8n7j-vscode-1.96.4/lib/vscode/resources/app/out/vs/workbench/api/node/extensionHostProcess.js:115:32833)
	at cw.g (file:///nix/store/67ag6r2yl2xqjxn4qan53qvx1sqz8n7j-vscode-1.96.4/lib/vscode/resources/app/out/vs/workbench/api/node/extensionHostProcess.js:115:31910)
	at cw.executeCommand (file:///nix/store/67ag6r2yl2xqjxn4qan53qvx1sqz8n7j-vscode-1.96.4/lib/vscode/resources/app/out/vs/workbench/api/node/extensionHostProcess.js:115:31817)
	at Object.executeCommand (file:///nix/store/67ag6r2yl2xqjxn4qan53qvx1sqz8n7j-vscode-1.96.4/lib/vscode/resources/app/out/vs/workbench/api/node/extensionHostProcess.js:157:37484)
	at f (/home/fuyu/.vscode/extensions/eamodio.gitlens-16.2.1/dist/gitlens.js:1479:63709)
	at c (/home/fuyu/.vscode/extensions/eamodio.gitlens-16.2.1/dist/gitlens.js:1479:68269)
	at ActionRunners._updateContextKeys (/home/fuyu/.vscode/extensions/eamodio.gitlens-16.2.1/dist/gitlens.js:1104:70222)
	at s (/home/fuyu/.vscode/extensions/eamodio.gitlens-16.2.1/dist/gitlens.js:1104:68666)
	at RegisteredActionRunner.unregister (/home/fuyu/.vscode/extensions/eamodio.gitlens-16.2.1/dist/gitlens.js:1104:68809)
	at RegisteredActionRunner.dispose (/home/fuyu/.vscode/extensions/eamodio.gitlens-16.2.1/dist/gitlens.js:1104:67476)
	at Object.dispose (/home/fuyu/.vscode/extensions/eamodio.gitlens-16.2.1/dist/gitlens.js:1104:68903)
	at ai (file:///nix/store/67ag6r2yl2xqjxn4qan53qvx1sqz8n7j-vscode-1.96.4/lib/vscode/resources/app/out/vs/workbench/api/node/extensionHostProcess.js:25:699)
	at file:///nix/store/67ag6r2yl2xqjxn4qan53qvx1sqz8n7j-vscode-1.96.4/lib/vscode/resources/app/out/vs/workbench/api/node/extensionHostProcess.js:119:14992
	at file:///nix/store/67ag6r2yl2xqjxn4qan53qvx1sqz8n7j-vscode-1.96.4/lib/vscode/resources/app/out/vs/workbench/api/node/extensionHostProcess.js:25:1009
	at Object.dispose (file:///nix/store/67ag6r2yl2xqjxn4qan53qvx1sqz8n7j-vscode-1.96.4/lib/vscode/resources/app/out/vs/workbench/api/node/extensionHostProcess.js:8:705)
	at zz.eb (file:///nix/store/67ag6r2yl2xqjxn4qan53qvx1sqz8n7j-vscode-1.96.4/lib/vscode/resources/app/out/vs/workbench/api/node/extensionHostProcess.js:119:11919)
	at file:///nix/store/67ag6r2yl2xqjxn4qan53qvx1sqz8n7j-vscode-1.96.4/lib/vscode/resources/app/out/vs/workbench/api/node/extensionHostProcess.js:119:9874
	at Array.map (<anonymous>)
	at zz.$ (file:///nix/store/67ag6r2yl2xqjxn4qan53qvx1sqz8n7j-vscode-1.96.4/lib/vscode/resources/app/out/vs/workbench/api/node/extensionHostProcess.js:119:9862)
	at zz.terminate (file:///nix/store/67ag6r2yl2xqjxn4qan53qvx1sqz8n7j-vscode-1.96.4/lib/vscode/resources/app/out/vs/workbench/api/node/extensionHostProcess.js:119:10105)
	at QC.terminate (file:///nix/store/67ag6r2yl2xqjxn4qan53qvx1sqz8n7j-vscode-1.96.4/lib/vscode/resources/app/out/vs/workbench/api/node/extensionHostProcess.js:120:1424)
	at Zi (file:///nix/store/67ag6r2yl2xqjxn4qan53qvx1sqz8n7j-vscode-1.96.4/lib/vscode/resources/app/out/vs/workbench/api/node/extensionHostProcess.js:175:15080)
	at MessagePortMain.<anonymous> (file:///nix/store/67ag6r2yl2xqjxn4qan53qvx1sqz8n7j-vscode-1.96.4/lib/vscode/resources/app/out/vs/workbench/api/node/extensionHostProcess.js:175:11628)
	at MessagePortMain.emit (node:events:518:28)
	at MessagePortMain._internalPort.emit (node:electron/js2c/utility_init:2:2949) setContext undefined
2025-01-31 03:48:44.963 [error] Canceled: Canceled
	at new IT (file:///nix/store/67ag6r2yl2xqjxn4qan53qvx1sqz8n7j-vscode-1.96.4/lib/vscode/resources/app/out/vs/workbench/api/node/extensionHostProcess.js:32:110702)
	at Dy.U (file:///nix/store/67ag6r2yl2xqjxn4qan53qvx1sqz8n7j-vscode-1.96.4/lib/vscode/resources/app/out/vs/workbench/api/node/extensionHostProcess.js:32:115312)
	at s.<computed>.n.charCodeAt.s.<computed> (file:///nix/store/67ag6r2yl2xqjxn4qan53qvx1sqz8n7j-vscode-1.96.4/lib/vscode/resources/app/out/vs/workbench/api/node/extensionHostProcess.js:32:112806)
	at cw.g (file:///nix/store/67ag6r2yl2xqjxn4qan53qvx1sqz8n7j-vscode-1.96.4/lib/vscode/resources/app/out/vs/workbench/api/node/extensionHostProcess.js:115:32313)
	at cw.executeCommand (file:///nix/store/67ag6r2yl2xqjxn4qan53qvx1sqz8n7j-vscode-1.96.4/lib/vscode/resources/app/out/vs/workbench/api/node/extensionHostProcess.js:115:31817)
	at r.registerCommand.description (file:///nix/store/67ag6r2yl2xqjxn4qan53qvx1sqz8n7j-vscode-1.96.4/lib/vscode/resources/app/out/vs/workbench/api/node/extensionHostProcess.js:115:31147)
	at cw.h (file:///nix/store/67ag6r2yl2xqjxn4qan53qvx1sqz8n7j-vscode-1.96.4/lib/vscode/resources/app/out/vs/workbench/api/node/extensionHostProcess.js:115:32833)
	at cw.g (file:///nix/store/67ag6r2yl2xqjxn4qan53qvx1sqz8n7j-vscode-1.96.4/lib/vscode/resources/app/out/vs/workbench/api/node/extensionHostProcess.js:115:31910)
	at cw.executeCommand (file:///nix/store/67ag6r2yl2xqjxn4qan53qvx1sqz8n7j-vscode-1.96.4/lib/vscode/resources/app/out/vs/workbench/api/node/extensionHostProcess.js:115:31817)
	at Object.executeCommand (file:///nix/store/67ag6r2yl2xqjxn4qan53qvx1sqz8n7j-vscode-1.96.4/lib/vscode/resources/app/out/vs/workbench/api/node/extensionHostProcess.js:157:37484)
	at f (/home/fuyu/.vscode/extensions/eamodio.gitlens-16.2.1/dist/gitlens.js:1479:63709)
	at c (/home/fuyu/.vscode/extensions/eamodio.gitlens-16.2.1/dist/gitlens.js:1479:68269)
	at ActionRunners._updateContextKeys (/home/fuyu/.vscode/extensions/eamodio.gitlens-16.2.1/dist/gitlens.js:1104:70222)
	at s (/home/fuyu/.vscode/extensions/eamodio.gitlens-16.2.1/dist/gitlens.js:1104:68666)
	at RegisteredActionRunner.unregister (/home/fuyu/.vscode/extensions/eamodio.gitlens-16.2.1/dist/gitlens.js:1104:68809)
	at RegisteredActionRunner.dispose (/home/fuyu/.vscode/extensions/eamodio.gitlens-16.2.1/dist/gitlens.js:1104:67476)
	at Object.dispose (/home/fuyu/.vscode/extensions/eamodio.gitlens-16.2.1/dist/gitlens.js:1104:68903)
	at ai (file:///nix/store/67ag6r2yl2xqjxn4qan53qvx1sqz8n7j-vscode-1.96.4/lib/vscode/resources/app/out/vs/workbench/api/node/extensionHostProcess.js:25:699)
	at file:///nix/store/67ag6r2yl2xqjxn4qan53qvx1sqz8n7j-vscode-1.96.4/lib/vscode/resources/app/out/vs/workbench/api/node/extensionHostProcess.js:119:14992
	at file:///nix/store/67ag6r2yl2xqjxn4qan53qvx1sqz8n7j-vscode-1.96.4/lib/vscode/resources/app/out/vs/workbench/api/node/extensionHostProcess.js:25:1009
	at Object.dispose (file:///nix/store/67ag6r2yl2xqjxn4qan53qvx1sqz8n7j-vscode-1.96.4/lib/vscode/resources/app/out/vs/workbench/api/node/extensionHostProcess.js:8:705)
	at zz.eb (file:///nix/store/67ag6r2yl2xqjxn4qan53qvx1sqz8n7j-vscode-1.96.4/lib/vscode/resources/app/out/vs/workbench/api/node/extensionHostProcess.js:119:11919)
	at file:///nix/store/67ag6r2yl2xqjxn4qan53qvx1sqz8n7j-vscode-1.96.4/lib/vscode/resources/app/out/vs/workbench/api/node/extensionHostProcess.js:119:9874
	at Array.map (<anonymous>)
	at zz.$ (file:///nix/store/67ag6r2yl2xqjxn4qan53qvx1sqz8n7j-vscode-1.96.4/lib/vscode/resources/app/out/vs/workbench/api/node/extensionHostProcess.js:119:9862)
	at zz.terminate (file:///nix/store/67ag6r2yl2xqjxn4qan53qvx1sqz8n7j-vscode-1.96.4/lib/vscode/resources/app/out/vs/workbench/api/node/extensionHostProcess.js:119:10105)
	at QC.terminate (file:///nix/store/67ag6r2yl2xqjxn4qan53qvx1sqz8n7j-vscode-1.96.4/lib/vscode/resources/app/out/vs/workbench/api/node/extensionHostProcess.js:120:1424)
	at Zi (file:///nix/store/67ag6r2yl2xqjxn4qan53qvx1sqz8n7j-vscode-1.96.4/lib/vscode/resources/app/out/vs/workbench/api/node/extensionHostProcess.js:175:15080)
	at MessagePortMain.<anonymous> (file:///nix/store/67ag6r2yl2xqjxn4qan53qvx1sqz8n7j-vscode-1.96.4/lib/vscode/resources/app/out/vs/workbench/api/node/extensionHostProcess.js:175:11628)
	at MessagePortMain.emit (node:events:518:28)
	at MessagePortMain._internalPort.emit (node:electron/js2c/utility_init:2:2949) setContext undefined
2025-01-31 03:48:44.966 [info] Extension host with pid 2631 exiting with code 0
