2025-01-31 04:41:26.681 [info] Reading sessions from keychain...
2025-01-31 04:41:26.681 [info] Getting sessions for all scopes...
2025-01-31 04:41:26.681 [info] Getting sessions for all scopes...
2025-01-31 04:41:26.681 [info] Getting sessions for all scopes...
2025-01-31 04:41:26.681 [info] Got 0 sessions for ...
2025-01-31 04:41:26.681 [info] Got 0 sessions for ...
2025-01-31 04:41:26.681 [info] Got 0 sessions for ...
2025-01-31 04:41:26.681 [info] Getting sessions for all scopes...
2025-01-31 04:41:26.681 [info] Got 0 sessions for ...
2025-01-31 04:41:26.681 [info] Getting sessions for all scopes...
2025-01-31 04:41:26.681 [info] Got 0 sessions for ...
2025-01-31 04:41:26.681 [info] Getting sessions for all scopes...
2025-01-31 04:41:26.681 [info] Got 0 sessions for ...
2025-01-31 04:41:26.681 [info] Getting sessions for all scopes...
2025-01-31 04:41:26.681 [info] Got 0 sessions for ...
2025-01-31 04:41:26.681 [info] Getting sessions for all scopes...
2025-01-31 04:41:26.681 [info] Got 0 sessions for ...
2025-01-31 04:41:27.518 [info] Getting sessions for read:user,repo,user:email...
2025-01-31 04:41:27.518 [info] Got 0 sessions for read:user,repo,user:email...
2025-01-31 04:41:28.160 [info] Getting sessions for all scopes...
2025-01-31 04:41:28.160 [info] Got 0 sessions for ...
2025-01-31 04:41:30.478 [info] Getting sessions for all scopes...
2025-01-31 04:41:30.478 [info] Got 0 sessions for ...
