[2025-01-31 02:13:33.418] [         43ms] [/home/fuyu/.nixos2] git rev-parse --show-toplevel • FAILED

Error: Command failed: /run/current-system/sw/bin/git -c core.quotepath=false -c color.ui=false rev-parse --show-toplevel
fatal: not a git repository (or any of the parent directories): .git


[2025-01-31 02:13:33.915] [        132ms] [/home/fuyu/.nixos2/.vscode/todo] git rev-parse --show-toplevel • FAILED

Error: Command failed: /run/current-system/sw/bin/git -c core.quotepath=false -c color.ui=false rev-parse --show-toplevel
fatal: not a git repository (or any of the parent directories): .git


[2025-01-31 02:13:33.916] [        140ms] [/home/fuyu/.nixos2/home/fuyu] git rev-parse --show-toplevel • FAILED

Error: Command failed: /run/current-system/sw/bin/git -c core.quotepath=false -c color.ui=false rev-parse --show-toplevel
fatal: not a git repository (or any of the parent directories): .git


[2025-01-31 02:13:34.138] [         55ms] [/home/fuyu/.nixos2/.vscode/todo] git rev-parse --show-toplevel • FAILED

Error: Command failed: /run/current-system/sw/bin/git -c core.quotepath=false -c color.ui=false rev-parse --show-toplevel
fatal: not a git repository (or any of the parent directories): .git


[2025-01-31 02:15:03.728] [          7ms] [/home/fuyu/.nixos2/hosts/common] git rev-parse --show-toplevel • FAILED

Error: Command failed: /run/current-system/sw/bin/git -c core.quotepath=false -c color.ui=false rev-parse --show-toplevel
fatal: not a git repository (or any of the parent directories): .git


[2025-01-31 02:15:32.332] [          8ms] [/home/fuyu/.nixos2] git rev-parse --show-toplevel • FAILED

Error: Command failed: /run/current-system/sw/bin/git -c core.quotepath=false -c color.ui=false rev-parse --show-toplevel
fatal: not a git repository (or any of the parent directories): .git


[2025-01-31 02:25:50.226] [         10ms] [/home/fuyu/.nixos2/hosts/common/users/fuyu] git rev-parse --show-toplevel • FAILED

Error: Command failed: /run/current-system/sw/bin/git -c core.quotepath=false -c color.ui=false rev-parse --show-toplevel
fatal: not a git repository (or any of the parent directories): .git


[2025-01-31 02:26:23.279] [          8ms] [/home/fuyu/.nixos2/home/features/desktop/hyprland] git rev-parse --show-toplevel • FAILED

Error: Command failed: /run/current-system/sw/bin/git -c core.quotepath=false -c color.ui=false rev-parse --show-toplevel
fatal: not a git repository (or any of the parent directories): .git


[2025-01-31 02:30:10.225] [          6ms] [/home/fuyu/.nixos2/home/features/desktop/hyprland] git rev-parse --show-toplevel • FAILED

Error: Command failed: /run/current-system/sw/bin/git -c core.quotepath=false -c color.ui=false rev-parse --show-toplevel
fatal: not a git repository (or any of the parent directories): .git


[2025-01-31 02:31:01.107] [         18ms] [/home/fuyu/.nixos2/home/features/desktop] git rev-parse --show-toplevel • FAILED

Error: Command failed: /run/current-system/sw/bin/git -c core.quotepath=false -c color.ui=false rev-parse --show-toplevel
fatal: not a git repository (or any of the parent directories): .git


[2025-01-31 02:39:34.773] [          7ms] [/home/fuyu/.nixos2/hosts/laptop] git rev-parse --show-toplevel • FAILED

Error: Command failed: /run/current-system/sw/bin/git -c core.quotepath=false -c color.ui=false rev-parse --show-toplevel
fatal: not a git repository (or any of the parent directories): .git


[2025-01-31 02:43:02.703] [          9ms] [/home/fuyu/.nixos2/home/features/desktop/hyprland] git rev-parse --show-toplevel • FAILED

Error: Command failed: /run/current-system/sw/bin/git -c core.quotepath=false -c color.ui=false rev-parse --show-toplevel
fatal: not a git repository (or any of the parent directories): .git


[2025-01-31 02:43:04.027] [         11ms] [/home/fuyu/.nixos2/home/features/desktop/hyprland] git rev-parse --show-toplevel • FAILED

Error: Command failed: /run/current-system/sw/bin/git -c core.quotepath=false -c color.ui=false rev-parse --show-toplevel
fatal: not a git repository (or any of the parent directories): .git


