Running Alejandra with settings: {"alejandra":{"program":"alejandra"}}
Feeding 3089 of input to stdin
error: Error: spawn alejandra ENOENT
stderr: 
Running Alejandra with settings: {"alejandra":{"program":"alejandra"}}
Feeding 2271 of input to stdin
error: Error: spawn alejandra ENOENT
stderr: 
Running Alejandra with settings: {"alejandra":{"program":"alejandra"}}
Feeding 2286 of input to stdin
error: Error: spawn alejandra ENOENT
stderr: 
Running Alejandra with settings: {"alejandra":{"program":"alejandra"}}
Feeding 2361 of input to stdin
error: Error: spawn alejandra ENOENT
stderr: 
Running Alejandra with settings: {"alejandra":{"program":"alejandra"}}
Feeding 2381 of input to stdin
error: Error: spawn alejandra ENOENT
stderr: 
Running Alejandra with settings: {"alejandra":{"program":"alejandra"}}
Feeding 2386 of input to stdin
error: Error: spawn alejandra ENOENT
stderr: 
Running Alejandra with settings: {"alejandra":{"program":"alejandra"}}
Feeding 2379 of input to stdin
error: Error: spawn alejandra ENOENT
stderr: 
Running Alejandra with settings: {"alejandra":{"program":"alejandra"}}
Feeding 2382 of input to stdin
error: Error: spawn alejandra ENOENT
stderr: 
Running Alejandra with settings: {"alejandra":{"program":"alejandra"}}
Feeding 2386 of input to stdin
error: Error: spawn alejandra ENOENT
stderr: 
Running Alejandra with settings: {"alejandra":{"program":"alejandra"}}
Feeding 2385 of input to stdin
error: Error: spawn alejandra ENOENT
stderr: 
Running Alejandra with settings: {"alejandra":{"program":"alejandra"}}
Feeding 2388 of input to stdin
error: Error: spawn alejandra ENOENT
stderr: 
Running Alejandra with settings: {"alejandra":{"program":"alejandra"}}
Feeding 2386 of input to stdin
error: Error: spawn alejandra ENOENT
stderr: 
Running Alejandra with settings: {"alejandra":{"program":"alejandra"}}
Feeding 2398 of input to stdin
error: Error: spawn alejandra ENOENT
stderr: 
Running Alejandra with settings: {"alejandra":{"program":"alejandra"}}
Feeding 2386 of input to stdin
error: Error: spawn alejandra ENOENT
stderr: 
Running Alejandra with settings: {"alejandra":{"program":"alejandra"}}
Feeding 2386 of input to stdin
error: Error: spawn alejandra ENOENT
stderr: 
Running Alejandra with settings: {"alejandra":{"program":"alejandra"}}
Feeding 4194 of input to stdin
error: Error: spawn alejandra ENOENT
stderr: 
Running Alejandra with settings: {"alejandra":{"program":"alejandra"}}
Feeding 3089 of input to stdin
error: Error: spawn alejandra ENOENT
stderr: 
Running Alejandra with settings: {"alejandra":{"program":"alejandra"}}
Feeding 2112 of input to stdin
error: Error: spawn alejandra ENOENT
stderr: 
Running Alejandra with settings: {"alejandra":{"program":"alejandra"}}
Feeding 2048 of input to stdin
error: Error: spawn alejandra ENOENT
stderr: 
Running Alejandra with settings: {"alejandra":{"program":"alejandra"}}
Feeding 2048 of input to stdin
Running Alejandra with settings: {"alejandra":{"program":"alejandra"}}
Feeding 2047 of input to stdin
Running Alejandra with settings: {"alejandra":{"program":"alejandra"}}
Feeding 2047 of input to stdin
Running Alejandra with settings: {"alejandra":{"program":"alejandra"}}
Feeding 2047 of input to stdin
Running Alejandra with settings: {"alejandra":{"program":"alejandra"}}
Feeding 2047 of input to stdin
Running Alejandra with settings: {"alejandra":{"program":"alejandra"}}
Feeding 281 of input to stdin
Running Alejandra with settings: {"alejandra":{"program":"alejandra"}}
Feeding 586 of input to stdin
Running Alejandra with settings: {"alejandra":{"program":"alejandra"}}
Feeding 4214 of input to stdin
Running Alejandra with settings: {"alejandra":{"program":"alejandra"}}
Feeding 4245 of input to stdin
Running Alejandra with settings: {"alejandra":{"program":"alejandra"}}
Feeding 4236 of input to stdin
Running Alejandra with settings: {"alejandra":{"program":"alejandra"}}
Feeding 4249 of input to stdin
Running Alejandra with settings: {"alejandra":{"program":"alejandra"}}
Feeding 2077 of input to stdin
Running Alejandra with settings: {"alejandra":{"program":"alejandra"}}
Feeding 2117 of input to stdin
error: Error: Command failed: alejandra
Formatting stdin.
Use --help to see all command line options.
use --quiet to suppress this and other messages.

Failed! 1 error found at:
- <anonymous file on stdin>: unexpected TOKEN_ASSIGN at 139..140, wanted any of [TOKEN_PAREN_OPEN, TOKEN_REC, TOKEN_CURLY_B_OPEN, TOKEN_SQUARE_B_OPEN, TOKEN_DYNAMIC_START, TOKEN_STRING_START, TOKEN_IDENT]

stderr: Formatting stdin.
Use --help to see all command line options.
use --quiet to suppress this and other messages.

Failed! 1 error found at:
- <anonymous file on stdin>: unexpected TOKEN_ASSIGN at 139..140, wanted any of [TOKEN_PAREN_OPEN, TOKEN_REC, TOKEN_CURLY_B_OPEN, TOKEN_SQUARE_B_OPEN, TOKEN_DYNAMIC_START, TOKEN_STRING_START, TOKEN_IDENT]

Running Alejandra with settings: {"alejandra":{"program":"alejandra"}}
Feeding 2115 of input to stdin
Running Alejandra with settings: {"alejandra":{"program":"alejandra"}}
Feeding 2114 of input to stdin
Running Alejandra with settings: {"alejandra":{"program":"alejandra"}}
Feeding 2077 of input to stdin
Running Alejandra with settings: {"alejandra":{"program":"alejandra"}}
Feeding 2119 of input to stdin
Running Alejandra with settings: {"alejandra":{"program":"alejandra"}}
Feeding 2116 of input to stdin
Running Alejandra with settings: {"alejandra":{"program":"alejandra"}}
Feeding 2077 of input to stdin
Running Alejandra with settings: {"alejandra":{"program":"alejandra"}}
Feeding 2406 of input to stdin
Running Alejandra with settings: {"alejandra":{"program":"alejandra"}}
Feeding 2373 of input to stdin
Running Alejandra with settings: {"alejandra":{"program":"alejandra"}}
Feeding 2378 of input to stdin
Running Alejandra with settings: {"alejandra":{"program":"alejandra"}}
Feeding 2373 of input to stdin
Running Alejandra with settings: {"alejandra":{"program":"alejandra"}}
Feeding 4265 of input to stdin
